[ 2020-09-17T10:57:02+08:00 ] 222.222.158.49 /admin/public/dologin
SQL: SELECT * FROM `ejd_users` WHERE `user_login` = '梁田田' LIMIT 1   [ RunTime:0.0067s ]
SQL: SELECT `role_id` FROM ejd_role_user a INNER JOIN ejd_role as b on a.role_id =b.id  WHERE `user_id` = '4' AND `status` = 1  [ RunTime:0.0001s ]
SQL: UPDATE `ejd_users` SET `user_login`='梁田田',`user_pass`='###09e97cc5da55295f9d93cbfd56637e5f',`user_nicename`='',`user_email`='5656@56.com',`user_url`='',`avatar`=NULL,`sex`='0',`birthday`=NULL,`signature`=NULL,`last_login_ip`='222.222.158.49',`last_login_time`='2020-09-17 10:57:02',`create_time`='2016-09-18 13:20:59',`user_activation_key`='',`user_status`='1',`score`='0',`user_type`='1',`coin`='0',`mobile`='' WHERE `id` = '4' [ RunTime:0.0007s ]

[ 2020-09-17T10:57:03+08:00 ] 222.222.158.49 /admin/index/index
SQL: SELECT * FROM `ejd_users` WHERE ( id=4 ) LIMIT 1   [ RunTime:0.0003s ]
SQL: SELECT * FROM `ejd_menu` WHERE `parentid` = 0 AND `status` = 1 ORDER BY `listorder` ASC  [ RunTime:0.0002s ]
SQL: SELECT `role_id` FROM ejd_role_user a INNER JOIN ejd_role as b on a.role_id =b.id  WHERE `user_id` = '4' AND `status` = 1  [ RunTime:0.0001s ]
SQL: SELECT * FROM ejd_auth_access a INNER JOIN ejd_auth_rule as b on a.rule_name =b.name  WHERE a.role_id IN ('4','6','8') AND b.name IN ('admin/setting/default')  [ RunTime:0.0001s ]
SQL: SELECT `role_id` FROM ejd_role_user a INNER JOIN ejd_role as b on a.role_id =b.id  WHERE `user_id` = '4' AND `status` = 1  [ RunTime:0.0001s ]
SQL: SELECT * FROM ejd_auth_access a INNER JOIN ejd_auth_rule as b on a.rule_name =b.name  WHERE a.role_id IN ('4','6','8') AND b.name IN ('admin/order/default')  [ RunTime:0.0001s ]
SQL: SELECT `role_id` FROM ejd_role_user a INNER JOIN ejd_role as b on a.role_id =b.id  WHERE `user_id` = '4' AND `status` = 1  [ RunTime:0.0001s ]
SQL: SELECT * FROM ejd_auth_access a INNER JOIN ejd_auth_rule as b on a.rule_name =b.name  WHERE a.role_id IN ('4','6','8') AND b.name IN ('user/indexadmin/default')  [ RunTime:0.0001s ]
SQL: SELECT `role_id` FROM ejd_role_user a INNER JOIN ejd_role as b on a.role_id =b.id  WHERE `user_id` = '4' AND `status` = 1  [ RunTime:0.0001s ]
SQL: SELECT * FROM ejd_auth_access a INNER JOIN ejd_auth_rule as b on a.rule_name =b.name  WHERE a.role_id IN ('4','6','8') AND b.name IN ('admin/hotel/default')  [ RunTime:0.0001s ]
SQL: SELECT `role_id` FROM ejd_role_user a INNER JOIN ejd_role as b on a.role_id =b.id  WHERE `user_id` = '4' AND `status` = 1  [ RunTime:0.0001s ]
SQL: SELECT * FROM ejd_auth_access a INNER JOIN ejd_auth_rule as b on a.rule_name =b.name  WHERE a.role_id IN ('4','6','8') AND b.name IN ('admin/content/default')  [ RunTime:0.0001s ]
SQL: SELECT `role_id` FROM ejd_role_user a INNER JOIN ejd_role as b on a.role_id =b.id  WHERE `user_id` = '4' AND `status` = 1  [ RunTime:0.0001s ]
SQL: SELECT * FROM ejd_auth_access a INNER JOIN ejd_auth_rule as b on a.rule_name =b.name  WHERE a.role_id IN ('4','6','8') AND b.name IN ('admin/wechat/default')  [ RunTime:0.0001s ]
SQL: SELECT `role_id` FROM ejd_role_user a INNER JOIN ejd_role as b on a.role_id =b.id  WHERE `user_id` = '4' AND `status` = 1  [ RunTime:0.0001s ]
SQL: SELECT * FROM ejd_auth_access a INNER JOIN ejd_auth_rule as b on a.rule_name =b.name  WHERE a.role_id IN ('4','6','8') AND b.name IN ('admin/import/default')  [ RunTime:0.0001s ]
SQL: SELECT * FROM `ejd_menu` WHERE `parentid` = 109 AND `status` = 1 ORDER BY `listorder` ASC  [ RunTime:0.0001s ]
SQL: SELECT `role_id` FROM ejd_role_user a INNER JOIN ejd_role as b on a.role_id =b.id  WHERE `user_id` = '4' AND `status` = 1  [ RunTime:0.0001s ]
SQL: SELECT * FROM ejd_auth_access a INNER JOIN ejd_auth_rule as b on a.rule_name =b.name  WHERE a.role_id IN ('4','6','8') AND b.name IN ('admin/setting/userdefault')  [ RunTime:0.0001s ]
SQL: SELECT `role_id` FROM ejd_role_user a INNER JOIN ejd_role as b on a.role_id =b.id  WHERE `user_id` = '4' AND `status` = 1  [ RunTime:0.0001s ]
SQL: SELECT * FROM ejd_auth_access a INNER JOIN ejd_auth_rule as b on a.rule_name =b.name  WHERE a.role_id IN ('4','6','8') AND b.name IN ('admin/setting/site')  [ RunTime:0.0001s ]
SQL: SELECT `role_id` FROM ejd_role_user a INNER JOIN ejd_role as b on a.role_id =b.id  WHERE `user_id` = '4' AND `status` = 1  [ RunTime:0.0001s ]
SQL: SELECT * FROM ejd_auth_access a INNER JOIN ejd_auth_rule as b on a.rule_name =b.name  WHERE a.role_id IN ('4','6','8') AND b.name IN ('admin/menu/index')  [ RunTime:0.0001s ]
SQL: SELECT `role_id` FROM ejd_role_user a INNER JOIN ejd_role as b on a.role_id =b.id  WHERE `user_id` = '4' AND `status` = 1  [ RunTime:0.0001s ]
SQL: SELECT * FROM ejd_auth_access a INNER JOIN ejd_auth_rule as b on a.rule_name =b.name  WHERE a.role_id IN ('4','6','8') AND b.name IN ('user/indexadmin/default3')  [ RunTime:0.0001s ]
SQL: SELECT `role_id` FROM ejd_role_user a INNER JOIN ejd_role as b on a.role_id =b.id  WHERE `user_id` = '4' AND `status` = 1  [ RunTime:0.0001s ]
SQL: SELECT * FROM ejd_auth_access a INNER JOIN ejd_auth_rule as b on a.rule_name =b.name  WHERE a.role_id IN ('4','6','8') AND b.name IN ('admin/backup/default')  [ RunTime:0.0001s ]
SQL: SELECT `role_id` FROM ejd_role_user a INNER JOIN ejd_role as b on a.role_id =b.id  WHERE `user_id` = '4' AND `status` = 1  [ RunTime:0.0001s ]
SQL: SELECT * FROM ejd_auth_access a INNER JOIN ejd_auth_rule as b on a.rule_name =b.name  WHERE a.role_id IN ('4','6','8') AND b.name IN ('admin/mailer/default')  [ RunTime:0.0001s ]
SQL: SELECT `role_id` FROM ejd_role_user a INNER JOIN ejd_role as b on a.role_id =b.id  WHERE `user_id` = '4' AND `status` = 1  [ RunTime:0.0001s ]
SQL: SELECT * FROM ejd_auth_access a INNER JOIN ejd_auth_rule as b on a.rule_name =b.name  WHERE a.role_id IN ('4','6','8') AND b.name IN ('admin/setting/clearcache')  [ RunTime:0.0001s ]
SQL: SELECT * FROM `ejd_menu` WHERE `parentid` = 110 AND `status` = 1 ORDER BY `listorder` ASC  [ RunTime:0.0001s ]
SQL: SELECT `role_id` FROM ejd_role_user a INNER JOIN ejd_role as b on a.role_id =b.id  WHERE `user_id` = '4' AND `status` = 1  [ RunTime:0.0001s ]
SQL: SELECT * FROM ejd_auth_access a INNER JOIN ejd_auth_rule as b on a.rule_name =b.name  WHERE a.role_id IN ('4','6','8') AND b.name IN ('admin/user/userinfo')  [ RunTime:0.0001s ]
SQL: SELECT `role_id` FROM ejd_role_user a INNER JOIN ejd_role as b on a.role_id =b.id  WHERE `user_id` = '4' AND `status` = 1  [ RunTime:0.0001s ]
SQL: SELECT * FROM ejd_auth_access a INNER JOIN ejd_auth_rule as b on a.rule_name =b.name  WHERE a.role_id IN ('4','6','8') AND b.name IN ('admin/setting/password')  [ RunTime:0.0001s ]
SQL: SELECT * FROM `ejd_menu` WHERE `parentid` = 111 AND `status` = 1 ORDER BY `listorder` ASC  [ RunTime:0.0001s ]
SQL: SELECT * FROM `ejd_menu` WHERE `parentid` = 113 AND `status` = 1 ORDER BY `listorder` ASC  [ RunTime:0.0001s ]
SQL: SELECT * FROM `ejd_menu` WHERE `parentid` = 115 AND `status` = 1 ORDER BY `listorder` ASC  [ RunTime:0.0001s ]
SQL: SELECT * FROM `ejd_menu` WHERE `parentid` = 100 AND `status` = 1 ORDER BY `listorder` ASC  [ RunTime:0.0001s ]
SQL: SELECT * FROM `ejd_menu` WHERE `parentid` = 139 AND `status` = 1 ORDER BY `listorder` ASC  [ RunTime:0.0001s ]
SQL: SELECT `role_id` FROM ejd_role_user a INNER JOIN ejd_role as b on a.role_id =b.id  WHERE `user_id` = '4' AND `status` = 1  [ RunTime:0.0001s ]
SQL: SELECT * FROM ejd_auth_access a INNER JOIN ejd_auth_rule as b on a.rule_name =b.name  WHERE a.role_id IN ('4','6','8') AND b.name IN ('admin/rbac/index')  [ RunTime:0.0001s ]
SQL: SELECT `role_id` FROM ejd_role_user a INNER JOIN ejd_role as b on a.role_id =b.id  WHERE `user_id` = '4' AND `status` = 1  [ RunTime:0.0001s ]
SQL: SELECT * FROM ejd_auth_access a INNER JOIN ejd_auth_rule as b on a.rule_name =b.name  WHERE a.role_id IN ('4','6','8') AND b.name IN ('admin/user/index')  [ RunTime:0.0001s ]
SQL: SELECT * FROM `ejd_menu` WHERE `parentid` = 140 AND `status` = 1 ORDER BY `listorder` ASC  [ RunTime:0.0001s ]
SQL: SELECT `role_id` FROM ejd_role_user a INNER JOIN ejd_role as b on a.role_id =b.id  WHERE `user_id` = '4' AND `status` = 1  [ RunTime:0.0000s ]
SQL: SELECT * FROM ejd_auth_access a INNER JOIN ejd_auth_rule as b on a.rule_name =b.name  WHERE a.role_id IN ('4','6','8') AND b.name IN ('admin/rbac/roledelete')  [ RunTime:0.0001s ]
SQL: SELECT `role_id` FROM ejd_role_user a INNER JOIN ejd_role as b on a.role_id =b.id  WHERE `user_id` = '4' AND `status` = 1  [ RunTime:0.0000s ]
SQL: SELECT * FROM ejd_auth_access a INNER JOIN ejd_auth_rule as b on a.rule_name =b.name  WHERE a.role_id IN ('4','6','8') AND b.name IN ('admin/rbac/roleadd')  [ RunTime:0.0001s ]
SQL: SELECT * FROM `ejd_menu` WHERE `parentid` = 146 AND `status` = 1 ORDER BY `listorder` ASC  [ RunTime:0.0001s ]
SQL: SELECT * FROM `ejd_menu` WHERE `parentid` = 147 AND `status` = 1 ORDER BY `listorder` ASC  [ RunTime:0.0001s ]
SQL: SELECT * FROM `ejd_menu` WHERE `parentid` = 149 AND `status` = 1 ORDER BY `listorder` ASC  [ RunTime:0.0001s ]
SQL: SELECT * FROM `ejd_menu` WHERE `parentid` = 40 AND `status` = 1 ORDER BY `listorder` ASC  [ RunTime:0.0001s ]
SQL: SELECT `role_id` FROM ejd_role_user a INNER JOIN ejd_role as b on a.role_id =b.id  WHERE `user_id` = '4' AND `status` = 1  [ RunTime:0.0001s ]
SQL: SELECT * FROM ejd_auth_access a INNER JOIN ejd_auth_rule as b on a.rule_name =b.name  WHERE a.role_id IN ('4','6','8') AND b.name IN ('admin/backup/restore')  [ RunTime:0.0001s ]
SQL: SELECT `role_id` FROM ejd_role_user a INNER JOIN ejd_role as b on a.role_id =b.id  WHERE `user_id` = '4' AND `status` = 1  [ RunTime:0.0001s ]
SQL: SELECT * FROM ejd_auth_access a INNER JOIN ejd_auth_rule as b on a.rule_name =b.name  WHERE a.role_id IN ('4','6','8') AND b.name IN ('admin/backup/index')  [ RunTime:0.0001s ]
SQL: SELECT * FROM `ejd_menu` WHERE `parentid` = 41 AND `status` = 1 ORDER BY `listorder` ASC  [ RunTime:0.0001s ]
SQL: SELECT * FROM `ejd_menu` WHERE `parentid` = 42 AND `status` = 1 ORDER BY `listorder` ASC  [ RunTime:0.0001s ]
SQL: SELECT * FROM `ejd_menu` WHERE `parentid` = 126 AND `status` = 1 ORDER BY `listorder` ASC  [ RunTime:0.0001s ]
SQL: SELECT `role_id` FROM ejd_role_user a INNER JOIN ejd_role as b on a.role_id =b.id  WHERE `user_id` = '4' AND `status` = 1  [ RunTime:0.0000s ]
SQL: SELECT * FROM ejd_auth_access a INNER JOIN ejd_auth_rule as b on a.rule_name =b.name  WHERE a.role_id IN ('4','6','8') AND b.name IN ('admin/mailer/index')  [ RunTime:0.0001s ]
SQL: SELECT `role_id` FROM ejd_role_user a INNER JOIN ejd_role as b on a.role_id =b.id  WHERE `user_id` = '4' AND `status` = 1  [ RunTime:0.0001s ]
SQL: SELECT * FROM ejd_auth_access a INNER JOIN ejd_auth_rule as b on a.rule_name =b.name  WHERE a.role_id IN ('4','6','8') AND b.name IN ('admin/mailer/active')  [ RunTime:0.0001s ]
SQL: SELECT * FROM `ejd_menu` WHERE `parentid` = 127 AND `status` = 1 ORDER BY `listorder` ASC  [ RunTime:0.0001s ]
SQL: SELECT * FROM `ejd_menu` WHERE `parentid` = 129 AND `status` = 1 ORDER BY `listorder` ASC  [ RunTime:0.0001s ]
SQL: SELECT * FROM `ejd_menu` WHERE `parentid` = 131 AND `status` = 1 ORDER BY `listorder` ASC  [ RunTime:0.0001s ]
SQL: SELECT * FROM `ejd_menu` WHERE `parentid` = 85 AND `status` = 1 ORDER BY `listorder` ASC  [ RunTime:0.0001s ]
SQL: SELECT `role_id` FROM ejd_role_user a INNER JOIN ejd_role as b on a.role_id =b.id  WHERE `user_id` = '4' AND `status` = 1  [ RunTime:0.0001s ]
SQL: SELECT * FROM ejd_auth_access a INNER JOIN ejd_auth_rule as b on a.rule_name =b.name  WHERE a.role_id IN ('4','6','8') AND b.name IN ('admin/order/kflist')  [ RunTime:0.0001s ]
SQL: SELECT `role_id` FROM ejd_role_user a INNER JOIN ejd_role as b on a.role_id =b.id  WHERE `user_id` = '4' AND `status` = 1  [ RunTime:0.0001s ]
SQL: SELECT * FROM ejd_auth_access a INNER JOIN ejd_auth_rule as b on a.rule_name =b.name  WHERE a.role_id IN ('4','6','8') AND b.name IN ('admin/order/cylist')  [ RunTime:0.0001s ]
SQL: SELECT `role_id` FROM ejd_role_user a INNER JOIN ejd_role as b on a.role_id =b.id  WHERE `user_id` = '4' AND `status` = 1  [ RunTime:0.0001s ]
SQL: SELECT * FROM ejd_auth_access a INNER JOIN ejd_auth_rule as b on a.rule_name =b.name  WHERE a.role_id IN ('4','6','8') AND b.name IN ('admin/order/xyyllist')  [ RunTime:0.0001s ]
SQL: SELECT `role_id` FROM ejd_role_user a INNER JOIN ejd_role as b on a.role_id =b.id  WHERE `user_id` = '4' AND `status` = 1  [ RunTime:0.0001s ]
SQL: SELECT * FROM ejd_auth_access a INNER JOIN ejd_auth_rule as b on a.rule_name =b.name  WHERE a.role_id IN ('4','6','8') AND b.name IN ('admin/order/hyyhlist')  [ RunTime:0.0001s ]
SQL: SELECT `role_id` FROM ejd_role_user a INNER JOIN ejd_role as b on a.role_id =b.id  WHERE `user_id` = '4' AND `status` = 1  [ RunTime:0.0001s ]
SQL: SELECT * FROM ejd_auth_access a INNER JOIN ejd_auth_rule as b on a.rule_name =b.name  WHERE a.role_id IN ('4','6','8') AND b.name IN ('admin/xymcode/index')  [ RunTime:0.0001s ]
SQL: SELECT `role_id` FROM ejd_role_user a INNER JOIN ejd_role as b on a.role_id =b.id  WHERE `user_id` = '4' AND `status` = 1  [ RunTime:0.0001s ]
SQL: SELECT * FROM ejd_auth_access a INNER JOIN ejd_auth_rule as b on a.rule_name =b.name  WHERE a.role_id IN ('4','6','8') AND b.name IN ('admin/order/countorder')  [ RunTime:0.0001s ]
SQL: SELECT * FROM `ejd_menu` WHERE `parentid` = 162 AND `status` = 1 ORDER BY `listorder` ASC  [ RunTime:0.0001s ]
SQL: SELECT * FROM `ejd_menu` WHERE `parentid` = 163 AND `status` = 1 ORDER BY `listorder` ASC  [ RunTime:0.0001s ]
SQL: SELECT * FROM `ejd_menu` WHERE `parentid` = 164 AND `status` = 1 ORDER BY `listorder` ASC  [ RunTime:0.0001s ]
SQL: SELECT * FROM `ejd_menu` WHERE `parentid` = 165 AND `status` = 1 ORDER BY `listorder` ASC  [ RunTime:0.0001s ]
SQL: SELECT * FROM `ejd_menu` WHERE `parentid` = 271 AND `status` = 1 ORDER BY `listorder` ASC  [ RunTime:0.0001s ]
SQL: SELECT * FROM `ejd_menu` WHERE `parentid` = 275 AND `status` = 1 ORDER BY `listorder` ASC  [ RunTime:0.0001s ]
SQL: SELECT * FROM `ejd_menu` WHERE `parentid` = 132 AND `status` = 1 ORDER BY `listorder` ASC  [ RunTime:0.0001s ]
SQL: SELECT `role_id` FROM ejd_role_user a INNER JOIN ejd_role as b on a.role_id =b.id  WHERE `user_id` = '4' AND `status` = 1  [ RunTime:0.0001s ]
SQL: SELECT * FROM ejd_auth_access a INNER JOIN ejd_auth_rule as b on a.rule_name =b.name  WHERE a.role_id IN ('4','6','8') AND b.name IN ('user/wxadmin/index')  [ RunTime:0.0001s ]
SQL: SELECT `role_id` FROM ejd_role_user a INNER JOIN ejd_role as b on a.role_id =b.id  WHERE `user_id` = '4' AND `status` = 1  [ RunTime:0.0001s ]
SQL: SELECT * FROM ejd_auth_access a INNER JOIN ejd_auth_rule as b on a.rule_name =b.name  WHERE a.role_id IN ('4','6','8') AND b.name IN ('user/indexadmin/index')  [ RunTime:0.0001s ]
SQL: SELECT * FROM `ejd_menu` WHERE `parentid` = 133 AND `status` = 1 ORDER BY `listorder` ASC  [ RunTime:0.0001s ]
SQL: SELECT * FROM `ejd_menu` WHERE `parentid` = 134 AND `status` = 1 ORDER BY `listorder` ASC  [ RunTime:0.0001s ]
SQL: SELECT * FROM `ejd_menu` WHERE `parentid` = 166 AND `status` = 1 ORDER BY `listorder` ASC  [ RunTime:0.0001s ]
SQL: SELECT `role_id` FROM ejd_role_user a INNER JOIN ejd_role as b on a.role_id =b.id  WHERE `user_id` = '4' AND `status` = 1  [ RunTime:0.0001s ]
SQL: SELECT * FROM ejd_auth_access a INNER JOIN ejd_auth_rule as b on a.rule_name =b.name  WHERE a.role_id IN ('4','6','8') AND b.name IN ('admin/hotel/fxindex')  [ RunTime:0.0001s ]
SQL: SELECT `role_id` FROM ejd_role_user a INNER JOIN ejd_role as b on a.role_id =b.id  WHERE `user_id` = '4' AND `status` = 1  [ RunTime:0.0001s ]
SQL: SELECT * FROM ejd_auth_access a INNER JOIN ejd_auth_rule as b on a.rule_name =b.name  WHERE a.role_id IN ('4','6','8') AND b.name IN ('admin/hotel/ctindex')  [ RunTime:0.0001s ]
SQL: SELECT `role_id` FROM ejd_role_user a INNER JOIN ejd_role as b on a.role_id =b.id  WHERE `user_id` = '4' AND `status` = 1  [ RunTime:0.0001s ]
SQL: SELECT * FROM ejd_auth_access a INNER JOIN ejd_auth_rule as b on a.rule_name =b.name  WHERE a.role_id IN ('4','6','8') AND b.name IN ('admin/hotel/hyyhindex')  [ RunTime:0.0001s ]
SQL: SELECT `role_id` FROM ejd_role_user a INNER JOIN ejd_role as b on a.role_id =b.id  WHERE `user_id` = '4' AND `status` = 1  [ RunTime:0.0001s ]
SQL: SELECT * FROM ejd_auth_access a INNER JOIN ejd_auth_rule as b on a.rule_name =b.name  WHERE a.role_id IN ('4','6','8') AND b.name IN ('admin/hotel/xyylindex')  [ RunTime:0.0001s ]
SQL: SELECT `role_id` FROM ejd_role_user a INNER JOIN ejd_role as b on a.role_id =b.id  WHERE `user_id` = '4' AND `status` = 1  [ RunTime:0.0001s ]
SQL: SELECT * FROM ejd_auth_access a INNER JOIN ejd_auth_rule as b on a.rule_name =b.name  WHERE a.role_id IN ('4','6','8') AND b.name IN ('admin/hotel/photo')  [ RunTime:0.0001s ]
SQL: SELECT `role_id` FROM ejd_role_user a INNER JOIN ejd_role as b on a.role_id =b.id  WHERE `user_id` = '4' AND `status` = 1  [ RunTime:0.0001s ]
SQL: SELECT * FROM ejd_auth_access a INNER JOIN ejd_auth_rule as b on a.rule_name =b.name  WHERE a.role_id IN ('4','6','8') AND b.name IN ('admin/hotel/info')  [ RunTime:0.0001s ]
SQL: SELECT `role_id` FROM ejd_role_user a INNER JOIN ejd_role as b on a.role_id =b.id  WHERE `user_id` = '4' AND `status` = 1  [ RunTime:0.0001s ]
SQL: SELECT * FROM ejd_auth_access a INNER JOIN ejd_auth_rule as b on a.rule_name =b.name  WHERE a.role_id IN ('4','6','8') AND b.name IN ('admin/hotel/recommend')  [ RunTime:0.0001s ]
SQL: SELECT `role_id` FROM ejd_role_user a INNER JOIN ejd_role as b on a.role_id =b.id  WHERE `user_id` = '4' AND `status` = 1  [ RunTime:0.0001s ]
SQL: SELECT * FROM ejd_auth_access a INNER JOIN ejd_auth_rule as b on a.rule_name =b.name  WHERE a.role_id IN ('4','6','8') AND b.name IN ('admin/hotel/nearinfo')  [ RunTime:0.0001s ]
SQL: SELECT `role_id` FROM ejd_role_user a INNER JOIN ejd_role as b on a.role_id =b.id  WHERE `user_id` = '4' AND `status` = 1  [ RunTime:0.0001s ]
SQL: SELECT * FROM ejd_auth_access a INNER JOIN ejd_auth_rule as b on a.rule_name =b.name  WHERE a.role_id IN ('4','6','8') AND b.name IN ('admin/hotel/contact')  [ RunTime:0.0002s ]
SQL: SELECT * FROM `ejd_menu` WHERE `parentid` = 167 AND `status` = 1 ORDER BY `listorder` ASC  [ RunTime:0.0001s ]
SQL: SELECT * FROM `ejd_menu` WHERE `parentid` = 168 AND `status` = 1 ORDER BY `listorder` ASC  [ RunTime:0.0001s ]
SQL: SELECT * FROM `ejd_menu` WHERE `parentid` = 169 AND `status` = 1 ORDER BY `listorder` ASC  [ RunTime:0.0001s ]
SQL: SELECT * FROM `ejd_menu` WHERE `parentid` = 170 AND `status` = 1 ORDER BY `listorder` ASC  [ RunTime:0.0001s ]
SQL: SELECT * FROM `ejd_menu` WHERE `parentid` = 171 AND `status` = 1 ORDER BY `listorder` ASC  [ RunTime:0.0001s ]
SQL: SELECT * FROM `ejd_menu` WHERE `parentid` = 174 AND `status` = 1 ORDER BY `listorder` ASC  [ RunTime:0.0001s ]
SQL: SELECT * FROM `ejd_menu` WHERE `parentid` = 175 AND `status` = 1 ORDER BY `listorder` ASC  [ RunTime:0.0001s ]
SQL: SELECT * FROM `ejd_menu` WHERE `parentid` = 176 AND `status` = 1 ORDER BY `listorder` ASC  [ RunTime:0.0001s ]
SQL: SELECT * FROM `ejd_menu` WHERE `parentid` = 245 AND `status` = 1 ORDER BY `listorder` ASC  [ RunTime:0.0001s ]
SQL: SELECT * FROM `ejd_menu` WHERE `parentid` = 1 AND `status` = 1 ORDER BY `listorder` ASC  [ RunTime:0.0001s ]
SQL: SELECT `role_id` FROM ejd_role_user a INNER JOIN ejd_role as b on a.role_id =b.id  WHERE `user_id` = '4' AND `status` = 1  [ RunTime:0.0001s ]
SQL: SELECT * FROM ejd_auth_access a INNER JOIN ejd_auth_rule as b on a.rule_name =b.name  WHERE a.role_id IN ('4','6','8') AND b.name IN ('portal/adminterm/index')  [ RunTime:0.0001s ]
SQL: SELECT `role_id` FROM ejd_role_user a INNER JOIN ejd_role as b on a.role_id =b.id  WHERE `user_id` = '4' AND `status` = 1  [ RunTime:0.0001s ]
SQL: SELECT * FROM ejd_auth_access a INNER JOIN ejd_auth_rule as b on a.rule_name =b.name  WHERE a.role_id IN ('4','6','8') AND b.name IN ('portal/adminpost/index')  [ RunTime:0.0001s ]
SQL: SELECT `role_id` FROM ejd_role_user a INNER JOIN ejd_role as b on a.role_id =b.id  WHERE `user_id` = '4' AND `status` = 1  [ RunTime:0.0001s ]
SQL: SELECT * FROM ejd_auth_access a INNER JOIN ejd_auth_rule as b on a.rule_name =b.name  WHERE a.role_id IN ('4','6','8') AND b.name IN ('admin/slide/default')  [ RunTime:0.0001s ]
SQL: SELECT `role_id` FROM ejd_role_user a INNER JOIN ejd_role as b on a.role_id =b.id  WHERE `user_id` = '4' AND `status` = 1  [ RunTime:0.0000s ]
SQL: SELECT * FROM ejd_auth_access a INNER JOIN ejd_auth_rule as b on a.rule_name =b.name  WHERE a.role_id IN ('4','6','8') AND b.name IN ('admin/navcat/default1')  [ RunTime:0.0001s ]
SQL: SELECT `role_id` FROM ejd_role_user a INNER JOIN ejd_role as b on a.role_id =b.id  WHERE `user_id` = '4' AND `status` = 1  [ RunTime:0.0000s ]
SQL: SELECT * FROM ejd_auth_access a INNER JOIN ejd_auth_rule as b on a.rule_name =b.name  WHERE a.role_id IN ('4','6','8') AND b.name IN ('portal/adminpage/index')  [ RunTime:0.0001s ]
SQL: SELECT `role_id` FROM ejd_role_user a INNER JOIN ejd_role as b on a.role_id =b.id  WHERE `user_id` = '4' AND `status` = 1  [ RunTime:0.0000s ]
SQL: SELECT * FROM ejd_auth_access a INNER JOIN ejd_auth_rule as b on a.rule_name =b.name  WHERE a.role_id IN ('4','6','8') AND b.name IN ('admin/link/index')  [ RunTime:0.0001s ]
SQL: SELECT `role_id` FROM ejd_role_user a INNER JOIN ejd_role as b on a.role_id =b.id  WHERE `user_id` = '4' AND `status` = 1  [ RunTime:0.0000s ]
SQL: SELECT * FROM ejd_auth_access a INNER JOIN ejd_auth_rule as b on a.rule_name =b.name  WHERE a.role_id IN ('4','6','8') AND b.name IN ('api/guestbookadmin/index')  [ RunTime:0.0001s ]
SQL: SELECT `role_id` FROM ejd_role_user a INNER JOIN ejd_role as b on a.role_id =b.id  WHERE `user_id` = '4' AND `status` = 1  [ RunTime:0.0000s ]
SQL: SELECT * FROM ejd_auth_access a INNER JOIN ejd_auth_rule as b on a.rule_name =b.name  WHERE a.role_id IN ('4','6','8') AND b.name IN ('comment/commentadmin/index')  [ RunTime:0.0001s ]
SQL: SELECT `role_id` FROM ejd_role_user a INNER JOIN ejd_role as b on a.role_id =b.id  WHERE `user_id` = '4' AND `status` = 1  [ RunTime:0.0001s ]
SQL: SELECT * FROM ejd_auth_access a INNER JOIN ejd_auth_rule as b on a.rule_name =b.name  WHERE a.role_id IN ('4','6','8') AND b.name IN ('admin/ad/index')  [ RunTime:0.0001s ]
SQL: SELECT `role_id` FROM ejd_role_user a INNER JOIN ejd_role as b on a.role_id =b.id  WHERE `user_id` = '4' AND `status` = 1  [ RunTime:0.0000s ]
SQL: SELECT * FROM ejd_auth_access a INNER JOIN ejd_auth_rule as b on a.rule_name =b.name  WHERE a.role_id IN ('4','6','8') AND b.name IN ('admin/recycle/default')  [ RunTime:0.0001s ]
SQL: SELECT * FROM `ejd_menu` WHERE `parentid` = 18 AND `status` = 1 ORDER BY `listorder` ASC  [ RunTime:0.0001s ]
SQL: SELECT * FROM `ejd_menu` WHERE `parentid` = 7 AND `status` = 1 ORDER BY `listorder` ASC  [ RunTime:0.0001s ]
SQL: SELECT * FROM `ejd_menu` WHERE `parentid` = 53 AND `status` = 1 ORDER BY `listorder` ASC  [ RunTime:0.0001s ]
SQL: SELECT `role_id` FROM ejd_role_user a INNER JOIN ejd_role as b on a.role_id =b.id  WHERE `user_id` = '4' AND `status` = 1  [ RunTime:0.0001s ]
SQL: SELECT * FROM ejd_auth_access a INNER JOIN ejd_auth_rule as b on a.rule_name =b.name  WHERE a.role_id IN ('4','6','8') AND b.name IN ('admin/slide/index')  [ RunTime:0.0001s ]
SQL: SELECT `role_id` FROM ejd_role_user a INNER JOIN ejd_role as b on a.role_id =b.id  WHERE `user_id` = '4' AND `status` = 1  [ RunTime:0.0001s ]
SQL: SELECT * FROM ejd_auth_access a INNER JOIN ejd_auth_rule as b on a.rule_name =b.name  WHERE a.role_id IN ('4','6','8') AND b.name IN ('admin/slidecat/index')  [ RunTime:0.0001s ]
SQL: SELECT * FROM `ejd_menu` WHERE `parentid` = 54 AND `status` = 1 ORDER BY `listorder` ASC  [ RunTime:0.0001s ]
SQL: SELECT * FROM `ejd_menu` WHERE `parentid` = 62 AND `status` = 1 ORDER BY `listorder` ASC  [ RunTime:0.0001s ]
SQL: SELECT * FROM `ejd_menu` WHERE `parentid` = 86 AND `status` = 1 ORDER BY `listorder` ASC  [ RunTime:0.0001s ]
SQL: SELECT `role_id` FROM ejd_role_user a INNER JOIN ejd_role as b on a.role_id =b.id  WHERE `user_id` = '4' AND `status` = 1  [ RunTime:0.0001s ]
SQL: SELECT * FROM ejd_auth_access a INNER JOIN ejd_auth_rule as b on a.rule_name =b.name  WHERE a.role_id IN ('4','6','8') AND b.name IN ('admin/nav/index')  [ RunTime:0.0001s ]
SQL: SELECT `role_id` FROM ejd_role_user a INNER JOIN ejd_role as b on a.role_id =b.id  WHERE `user_id` = '4' AND `status` = 1  [ RunTime:0.0001s ]
SQL: SELECT * FROM ejd_auth_access a INNER JOIN ejd_auth_rule as b on a.rule_name =b.name  WHERE a.role_id IN ('4','6','8') AND b.name IN ('admin/navcat/index')  [ RunTime:0.0001s ]
SQL: SELECT * FROM `ejd_menu` WHERE `parentid` = 87 AND `status` = 1 ORDER BY `listorder` ASC  [ RunTime:0.0001s ]
SQL: SELECT * FROM `ejd_menu` WHERE `parentid` = 94 AND `status` = 1 ORDER BY `listorder` ASC  [ RunTime:0.0001s ]
SQL: SELECT * FROM `ejd_menu` WHERE `parentid` = 25 AND `status` = 1 ORDER BY `listorder` ASC  [ RunTime:0.0001s ]
SQL: SELECT * FROM `ejd_menu` WHERE `parentid` = 75 AND `status` = 1 ORDER BY `listorder` ASC  [ RunTime:0.0001s ]
SQL: SELECT * FROM `ejd_menu` WHERE `parentid` = 2 AND `status` = 1 ORDER BY `listorder` ASC  [ RunTime:0.0001s ]
SQL: SELECT * FROM `ejd_menu` WHERE `parentid` = 4 AND `status` = 1 ORDER BY `listorder` ASC  [ RunTime:0.0001s ]
SQL: SELECT * FROM `ejd_menu` WHERE `parentid` = 68 AND `status` = 1 ORDER BY `listorder` ASC  [ RunTime:0.0001s ]
SQL: SELECT * FROM `ejd_menu` WHERE `parentid` = 32 AND `status` = 1 ORDER BY `listorder` ASC  [ RunTime:0.0001s ]
SQL: SELECT `role_id` FROM ejd_role_user a INNER JOIN ejd_role as b on a.role_id =b.id  WHERE `user_id` = '4' AND `status` = 1  [ RunTime:0.0001s ]
SQL: SELECT * FROM ejd_auth_access a INNER JOIN ejd_auth_rule as b on a.rule_name =b.name  WHERE a.role_id IN ('4','6','8') AND b.name IN ('portal/adminpost/recyclebin')  [ RunTime:0.0001s ]
SQL: SELECT `role_id` FROM ejd_role_user a INNER JOIN ejd_role as b on a.role_id =b.id  WHERE `user_id` = '4' AND `status` = 1  [ RunTime:0.0001s ]
SQL: SELECT * FROM ejd_auth_access a INNER JOIN ejd_auth_rule as b on a.rule_name =b.name  WHERE a.role_id IN ('4','6','8') AND b.name IN ('portal/adminpage/recyclebin')  [ RunTime:0.0001s ]
SQL: SELECT * FROM `ejd_menu` WHERE `parentid` = 33 AND `status` = 1 ORDER BY `listorder` ASC  [ RunTime:0.0001s ]
SQL: SELECT * FROM `ejd_menu` WHERE `parentid` = 36 AND `status` = 1 ORDER BY `listorder` ASC  [ RunTime:0.0001s ]
SQL: SELECT * FROM `ejd_menu` WHERE `parentid` = 172 AND `status` = 1 ORDER BY `listorder` ASC  [ RunTime:0.0001s ]
SQL: SELECT `role_id` FROM ejd_role_user a INNER JOIN ejd_role as b on a.role_id =b.id  WHERE `user_id` = '4' AND `status` = 1  [ RunTime:0.0001s ]
SQL: SELECT * FROM ejd_auth_access a INNER JOIN ejd_auth_rule as b on a.rule_name =b.name  WHERE a.role_id IN ('4','6','8') AND b.name IN ('admin/wechat/index')  [ RunTime:0.0001s ]
SQL: SELECT `role_id` FROM ejd_role_user a INNER JOIN ejd_role as b on a.role_id =b.id  WHERE `user_id` = '4' AND `status` = 1  [ RunTime:0.0001s ]
SQL: SELECT * FROM ejd_auth_access a INNER JOIN ejd_auth_rule as b on a.rule_name =b.name  WHERE a.role_id IN ('4','6','8') AND b.name IN ('admin/wechat/wx_message')  [ RunTime:0.0001s ]
SQL: SELECT `role_id` FROM ejd_role_user a INNER JOIN ejd_role as b on a.role_id =b.id  WHERE `user_id` = '4' AND `status` = 1  [ RunTime:0.0001s ]
SQL: SELECT * FROM ejd_auth_access a INNER JOIN ejd_auth_rule as b on a.rule_name =b.name  WHERE a.role_id IN ('4','6','8') AND b.name IN ('admin/shake/shake_list')  [ RunTime:0.0001s ]
SQL: SELECT `role_id` FROM ejd_role_user a INNER JOIN ejd_role as b on a.role_id =b.id  WHERE `user_id` = '4' AND `status` = 1  [ RunTime:0.0001s ]
SQL: SELECT * FROM ejd_auth_access a INNER JOIN ejd_auth_rule as b on a.rule_name =b.name  WHERE a.role_id IN ('4','6','8') AND b.name IN ('admin/shake/shake_prize')  [ RunTime:0.0001s ]
SQL: SELECT `role_id` FROM ejd_role_user a INNER JOIN ejd_role as b on a.role_id =b.id  WHERE `user_id` = '4' AND `status` = 1  [ RunTime:0.0001s ]
SQL: SELECT * FROM ejd_auth_access a INNER JOIN ejd_auth_rule as b on a.rule_name =b.name  WHERE a.role_id IN ('4','6','8') AND b.name IN ('admin/wxcontent/index')  [ RunTime:0.0001s ]
SQL: SELECT * FROM `ejd_menu` WHERE `parentid` = 173 AND `status` = 1 ORDER BY `listorder` ASC  [ RunTime:0.0001s ]
SQL: SELECT * FROM `ejd_menu` WHERE `parentid` = 246 AND `status` = 1 ORDER BY `listorder` ASC  [ RunTime:0.0001s ]
SQL: SELECT * FROM `ejd_menu` WHERE `parentid` = 249 AND `status` = 1 ORDER BY `listorder` ASC  [ RunTime:0.0001s ]
SQL: SELECT * FROM `ejd_menu` WHERE `parentid` = 250 AND `status` = 1 ORDER BY `listorder` ASC  [ RunTime:0.0001s ]
SQL: SELECT * FROM `ejd_menu` WHERE `parentid` = 251 AND `status` = 1 ORDER BY `listorder` ASC  [ RunTime:0.0001s ]
SQL: SELECT `role_id` FROM ejd_role_user a INNER JOIN ejd_role as b on a.role_id =b.id  WHERE `user_id` = '4' AND `status` = 1  [ RunTime:0.0001s ]
SQL: SELECT * FROM ejd_auth_access a INNER JOIN ejd_auth_rule as b on a.rule_name =b.name  WHERE a.role_id IN ('4','6','8') AND b.name IN ('portal/adminterm/index')  [ RunTime:0.0001s ]
SQL: SELECT `role_id` FROM ejd_role_user a INNER JOIN ejd_role as b on a.role_id =b.id  WHERE `user_id` = '4' AND `status` = 1  [ RunTime:0.0001s ]
SQL: SELECT * FROM ejd_auth_access a INNER JOIN ejd_auth_rule as b on a.rule_name =b.name  WHERE a.role_id IN ('4','6','8') AND b.name IN ('portal/adminpost/index')  [ RunTime:0.0001s ]
SQL: SELECT `role_id` FROM ejd_role_user a INNER JOIN ejd_role as b on a.role_id =b.id  WHERE `user_id` = '4' AND `status` = 1  [ RunTime:0.0001s ]
SQL: SELECT * FROM ejd_auth_access a INNER JOIN ejd_auth_rule as b on a.rule_name =b.name  WHERE a.role_id IN ('4','6','8') AND b.name IN ('admin/setting/clearcache')  [ RunTime:0.0001s ]
SQL: SELECT `role_id` FROM ejd_role_user a INNER JOIN ejd_role as b on a.role_id =b.id  WHERE `user_id` = '4' AND `status` = 1  [ RunTime:0.0001s ]
SQL: SELECT * FROM ejd_auth_access a INNER JOIN ejd_auth_rule as b on a.rule_name =b.name  WHERE a.role_id IN ('4','6','8') AND b.name IN ('admin/setting/site')  [ RunTime:0.0001s ]
SQL: SELECT `role_id` FROM ejd_role_user a INNER JOIN ejd_role as b on a.role_id =b.id  WHERE `user_id` = '4' AND `status` = 1  [ RunTime:0.0001s ]
SQL: SELECT * FROM ejd_auth_access a INNER JOIN ejd_auth_rule as b on a.rule_name =b.name  WHERE a.role_id IN ('4','6','8') AND b.name IN ('admin/user/userinfo')  [ RunTime:0.0001s ]

[ 2020-09-17T10:57:03+08:00 ] 222.222.158.49 /admin/main/index
SQL: SELECT * FROM `ejd_users` WHERE ( id=4 ) LIMIT 1   [ RunTime:0.0001s ]
SQL: select VERSION() as version [ RunTime:0.0131s ]
SQL: SELECT COUNT(*) AS tp_count FROM `ejd_order` WHERE ( status <3 and status > 0 and amount > 1 ) LIMIT 1   [ RunTime:0.0004s ]
SQL: SELECT COUNT(*) AS tp_count FROM `ejd_order_cy` WHERE ( status <3 and status > 0 ) LIMIT 1   [ RunTime:0.0001s ]
SQL: SELECT COUNT(*) AS tp_count FROM `ejd_order_yh` WHERE ( isdel = 0 ) LIMIT 1   [ RunTime:0.0001s ]
SQL: SELECT * FROM `ejd_fans` WHERE ( subscribe = 1 ) ORDER BY created desc LIMIT 5   [ RunTime:0.0001s ]

[ 2020-09-17T10:57:06+08:00 ] 222.222.158.49 /admin/themes/simplebootx/Public/assets/fonts/fonts/fontawesome-webfont-v=4.0.3.woff
ERR: 无法加载控制器:Themes

[ 2020-09-17T10:57:07+08:00 ] 222.222.158.49 /admin/hotel/info/menuid/174
SQL: SELECT * FROM `ejd_users` WHERE ( id=4 ) LIMIT 1   [ RunTime:0.0001s ]
SQL: SELECT `role_id` FROM ejd_role_user a INNER JOIN ejd_role as b on a.role_id =b.id  WHERE `user_id` = '4' AND `status` = 1  [ RunTime:0.0001s ]
SQL: SELECT * FROM ejd_auth_access a INNER JOIN ejd_auth_rule as b on a.rule_name =b.name  WHERE a.role_id IN ('4','6','8') AND b.name IN ('admin/hotel/info')  [ RunTime:0.0001s ]
SQL: SELECT `id`,`name` FROM `ejd_dict` WHERE `type` = '酒店类型'  [ RunTime:0.0006s ]
SQL: SELECT `id`,`name` FROM `ejd_dict` WHERE `type` = '酒店星级'  [ RunTime:0.0002s ]
SQL: SELECT * FROM `ejd_area` WHERE ( id_parent = -1 and provice_id = id )  [ RunTime:0.0035s ]
SQL: SELECT * FROM `ejd_area` WHERE ( city_id = id )  [ RunTime:0.0039s ]
SQL: SELECT * FROM `ejd_area` WHERE ( id_parent = city_id )  [ RunTime:0.0049s ]
SQL: SELECT * FROM `ejd_hotel_info` LIMIT 1   [ RunTime:0.0008s ]
SQL: SELECT * FROM `ejd_hotel_contact` WHERE ( hotelid = '1' )  [ RunTime:0.0006s ]

[ 2020-09-17T10:57:11+08:00 ] 222.222.158.49 /admin/main/orderprompt
SQL: SELECT * FROM `ejd_users` WHERE ( id=4 ) LIMIT 1   [ RunTime:0.0001s ]
SQL: SELECT `role_id` FROM ejd_role_user a INNER JOIN ejd_role as b on a.role_id =b.id  WHERE `user_id` = '4' AND `status` = 1  [ RunTime:0.0001s ]
SQL: SELECT * FROM ejd_auth_access a INNER JOIN ejd_auth_rule as b on a.rule_name =b.name  WHERE a.role_id IN ('4','6','8') AND b.name IN ('admin/main/orderprompt')  [ RunTime:0.0001s ]

[ 2020-09-17T10:57:31+08:00 ] 222.222.158.49 /admin/hotel/fxindex/menuid/167
SQL: SELECT * FROM `ejd_users` WHERE ( id=4 ) LIMIT 1   [ RunTime:0.0001s ]
SQL: SELECT `role_id` FROM ejd_role_user a INNER JOIN ejd_role as b on a.role_id =b.id  WHERE `user_id` = '4' AND `status` = 1  [ RunTime:0.0001s ]
SQL: SELECT * FROM ejd_auth_access a INNER JOIN ejd_auth_rule as b on a.rule_name =b.name  WHERE a.role_id IN ('4','6','8') AND b.name IN ('admin/hotel/fxindex')  [ RunTime:0.0001s ]
SQL: SELECT COUNT(*) AS tp_count FROM `ejd_room` WHERE ( iroom_status = 1 ) LIMIT 1   [ RunTime:0.0001s ]
SQL: SELECT `id`,`room_name`,`sort_index` FROM `ejd_room` WHERE ( iroom_status = 1 ) ORDER BY sort_index DESC LIMIT 0,10   [ RunTime:0.0001s ]

[ 2020-09-17T10:57:35+08:00 ] 222.222.158.49 /admin/hotel/fjindex
SQL: SELECT * FROM `ejd_users` WHERE ( id=4 ) LIMIT 1   [ RunTime:0.0001s ]
SQL: SELECT `role_id` FROM ejd_role_user a INNER JOIN ejd_role as b on a.role_id =b.id  WHERE `user_id` = '4' AND `status` = 1  [ RunTime:0.0001s ]
SQL: SELECT * FROM ejd_auth_access a INNER JOIN ejd_auth_rule as b on a.rule_name =b.name  WHERE a.role_id IN ('4','6','8') AND b.name IN ('admin/hotel/fjindex')  [ RunTime:0.0001s ]
SQL: SELECT `room_name`,`id` FROM `ejd_room` WHERE ( iroom_status = 1 )  [ RunTime:0.0001s ]
SQL: SELECT ejd_room.room_name,ejd_room.id,ejd_room.clevel_price0,ejd_room.total_number FROM `ejd_room` WHERE ( ejd_room.iroom_status = 1 )  [ RunTime:0.0001s ]
SQL: SELECT * FROM `ejd_room_price` WHERE ( type=1 and ctime >= '' )  [ RunTime:0.0073s ]
SQL: SELECT * FROM `ejd_room_price` WHERE ( type=2 and ctime >= '' )  [ RunTime:0.0034s ]
SQL: SELECT `roomid`,`begtime`,`endtime`,`room_number`,`status` FROM `ejd_order` WHERE ( status > 0 )  [ RunTime:0.0004s ]

[ 2020-09-17T10:57:38+08:00 ] 222.222.158.49 /admin/hotel/fledit
SQL: SELECT * FROM `ejd_users` WHERE ( id=4 ) LIMIT 1   [ RunTime:0.0001s ]
SQL: SELECT `role_id` FROM ejd_role_user a INNER JOIN ejd_role as b on a.role_id =b.id  WHERE `user_id` = '4' AND `status` = 1  [ RunTime:0.0001s ]
SQL: SELECT * FROM ejd_auth_access a INNER JOIN ejd_auth_rule as b on a.rule_name =b.name  WHERE a.role_id IN ('4','6','8') AND b.name IN ('admin/hotel/fledit')  [ RunTime:0.0001s ]
SQL: SELECT `room_name`,`id`,`clevel_price0`,`total_number` FROM `ejd_room` WHERE ( iroom_status = 1 )  [ RunTime:0.0001s ]

[ 2020-09-17T10:57:50+08:00 ] 222.222.158.49 /admin/hotel/fledit_post
SQL: SELECT * FROM `ejd_users` WHERE ( id=4 ) LIMIT 1   [ RunTime:0.0001s ]
SQL: SELECT `role_id` FROM ejd_role_user a INNER JOIN ejd_role as b on a.role_id =b.id  WHERE `user_id` = '4' AND `status` = 1  [ RunTime:0.0001s ]
SQL: SELECT * FROM ejd_auth_access a INNER JOIN ejd_auth_rule as b on a.rule_name =b.name  WHERE a.role_id IN ('4','6','8') AND b.name IN ('admin/hotel/fledit_post')  [ RunTime:0.0001s ]
SQL: INSERT INTO `ejd_room_role` (`priceroomid`,`type`,`startTime`,`endTime`,`pweek`,`roomnum`,`created`,`creatuid`) VALUES ('5','2','1600272000','1600444800','{\"1\":\"1\",\"2\":\"2\",\"3\":\"3\",\"4\":\"4\",\"5\":\"5\",\"6\":\"6\",\"7\":\"0\"}','0','1600311470','4') [ RunTime:0.0022s ]
SQL: SELECT * FROM `ejd_room_role` WHERE ( id='1858' ) LIMIT 1   [ RunTime:0.0003s ]
SQL: SELECT * FROM `ejd_room_price` WHERE `hotel_id` = 5 AND `type` = 2  [ RunTime:0.0037s ]
SQL: INSERT INTO `ejd_room_price` (`hotel_id`,`room_num`,`ctime`,`type`) VALUES ('5','0','1600272000','2'),('5','0','1600358400','2'),('5','0','1600444800','2') [ RunTime:0.0043s ]

[ 2020-09-17T10:57:50+08:00 ] 222.222.158.49 /admin/hotel/fjindex
SQL: SELECT * FROM `ejd_users` WHERE ( id=4 ) LIMIT 1   [ RunTime:0.0001s ]
SQL: SELECT `role_id` FROM ejd_role_user a INNER JOIN ejd_role as b on a.role_id =b.id  WHERE `user_id` = '4' AND `status` = 1  [ RunTime:0.0001s ]
SQL: SELECT * FROM ejd_auth_access a INNER JOIN ejd_auth_rule as b on a.rule_name =b.name  WHERE a.role_id IN ('4','6','8') AND b.name IN ('admin/hotel/fjindex')  [ RunTime:0.0001s ]
SQL: SELECT `room_name`,`id` FROM `ejd_room` WHERE ( iroom_status = 1 )  [ RunTime:0.0001s ]
SQL: SELECT ejd_room.room_name,ejd_room.id,ejd_room.clevel_price0,ejd_room.total_number FROM `ejd_room` WHERE ( ejd_room.iroom_status = 1 )  [ RunTime:0.0001s ]
SQL: SELECT * FROM `ejd_room_price` WHERE ( type=1 and ctime >= '' )  [ RunTime:0.0136s ]
SQL: SELECT * FROM `ejd_room_price` WHERE ( type=2 and ctime >= '' )  [ RunTime:0.0080s ]
SQL: SELECT `roomid`,`begtime`,`endtime`,`room_number`,`status` FROM `ejd_order` WHERE ( status > 0 )  [ RunTime:0.0003s ]

[ 2020-09-17T10:57:51+08:00 ] 222.222.158.49 /admin/hotel/fledit
SQL: SELECT * FROM `ejd_users` WHERE ( id=4 ) LIMIT 1   [ RunTime:0.0001s ]
SQL: SELECT `role_id` FROM ejd_role_user a INNER JOIN ejd_role as b on a.role_id =b.id  WHERE `user_id` = '4' AND `status` = 1  [ RunTime:0.0001s ]
SQL: SELECT * FROM ejd_auth_access a INNER JOIN ejd_auth_rule as b on a.rule_name =b.name  WHERE a.role_id IN ('4','6','8') AND b.name IN ('admin/hotel/fledit')  [ RunTime:0.0001s ]
SQL: SELECT `room_name`,`id`,`clevel_price0`,`total_number` FROM `ejd_room` WHERE ( iroom_status = 1 )  [ RunTime:0.0001s ]

[ 2020-09-17T10:57:59+08:00 ] 222.222.158.49 /admin/hotel/fledit_post
SQL: SELECT * FROM `ejd_users` WHERE ( id=4 ) LIMIT 1   [ RunTime:0.0001s ]
SQL: SELECT `role_id` FROM ejd_role_user a INNER JOIN ejd_role as b on a.role_id =b.id  WHERE `user_id` = '4' AND `status` = 1  [ RunTime:0.0001s ]
SQL: SELECT * FROM ejd_auth_access a INNER JOIN ejd_auth_rule as b on a.rule_name =b.name  WHERE a.role_id IN ('4','6','8') AND b.name IN ('admin/hotel/fledit_post')  [ RunTime:0.0001s ]
SQL: INSERT INTO `ejd_room_role` (`priceroomid`,`type`,`startTime`,`endTime`,`pweek`,`roomnum`,`created`,`creatuid`) VALUES ('4','2','1600272000','1600444800','{\"1\":\"1\",\"2\":\"2\",\"3\":\"3\",\"4\":\"4\",\"5\":\"5\",\"6\":\"6\",\"7\":\"0\"}','0','1600311479','4') [ RunTime:0.0003s ]
SQL: SELECT * FROM `ejd_room_role` WHERE ( id='1859' ) LIMIT 1   [ RunTime:0.0003s ]
SQL: SELECT * FROM `ejd_room_price` WHERE `hotel_id` = 4 AND `type` = 2  [ RunTime:0.0038s ]
SQL: INSERT INTO `ejd_room_price` (`hotel_id`,`room_num`,`ctime`,`type`) VALUES ('4','0','1600272000','2'),('4','0','1600358400','2'),('4','0','1600444800','2') [ RunTime:0.0016s ]

[ 2020-09-17T10:57:59+08:00 ] 222.222.158.49 /admin/hotel/fjindex
SQL: SELECT * FROM `ejd_users` WHERE ( id=4 ) LIMIT 1   [ RunTime:0.0001s ]
SQL: SELECT `role_id` FROM ejd_role_user a INNER JOIN ejd_role as b on a.role_id =b.id  WHERE `user_id` = '4' AND `status` = 1  [ RunTime:0.0001s ]
SQL: SELECT * FROM ejd_auth_access a INNER JOIN ejd_auth_rule as b on a.rule_name =b.name  WHERE a.role_id IN ('4','6','8') AND b.name IN ('admin/hotel/fjindex')  [ RunTime:0.0001s ]
SQL: SELECT `room_name`,`id` FROM `ejd_room` WHERE ( iroom_status = 1 )  [ RunTime:0.0001s ]
SQL: SELECT ejd_room.room_name,ejd_room.id,ejd_room.clevel_price0,ejd_room.total_number FROM `ejd_room` WHERE ( ejd_room.iroom_status = 1 )  [ RunTime:0.0001s ]
SQL: SELECT * FROM `ejd_room_price` WHERE ( type=1 and ctime >= '' )  [ RunTime:0.0217s ]
SQL: SELECT * FROM `ejd_room_price` WHERE ( type=2 and ctime >= '' )  [ RunTime:0.0127s ]
SQL: SELECT `roomid`,`begtime`,`endtime`,`room_number`,`status` FROM `ejd_order` WHERE ( status > 0 )  [ RunTime:0.0003s ]

[ 2020-09-17T10:58:05+08:00 ] 222.222.158.49 /admin/hotel/info/menuid/174
SQL: SELECT * FROM `ejd_users` WHERE ( id=4 ) LIMIT 1   [ RunTime:0.0001s ]
SQL: SELECT `role_id` FROM ejd_role_user a INNER JOIN ejd_role as b on a.role_id =b.id  WHERE `user_id` = '4' AND `status` = 1  [ RunTime:0.0001s ]
SQL: SELECT * FROM ejd_auth_access a INNER JOIN ejd_auth_rule as b on a.rule_name =b.name  WHERE a.role_id IN ('4','6','8') AND b.name IN ('admin/hotel/info')  [ RunTime:0.0001s ]
SQL: SELECT `id`,`name` FROM `ejd_dict` WHERE `type` = '酒店类型'  [ RunTime:0.0001s ]
SQL: SELECT `id`,`name` FROM `ejd_dict` WHERE `type` = '酒店星级'  [ RunTime:0.0001s ]
SQL: SELECT * FROM `ejd_area` WHERE ( id_parent = -1 and provice_id = id )  [ RunTime:0.0001s ]
SQL: SELECT * FROM `ejd_area` WHERE ( city_id = id )  [ RunTime:0.0005s ]
SQL: SELECT * FROM `ejd_area` WHERE ( id_parent = city_id )  [ RunTime:0.0015s ]
SQL: SELECT * FROM `ejd_hotel_info` LIMIT 1   [ RunTime:0.0001s ]
SQL: SELECT * FROM `ejd_hotel_contact` WHERE ( hotelid = '1' )  [ RunTime:0.0001s ]

[ 2020-09-17T10:58:41+08:00 ] 222.222.158.49 /admin/hotel/photo/menuid/171
SQL: SELECT * FROM `ejd_users` WHERE ( id=4 ) LIMIT 1   [ RunTime:0.0001s ]
SQL: SELECT `role_id` FROM ejd_role_user a INNER JOIN ejd_role as b on a.role_id =b.id  WHERE `user_id` = '4' AND `status` = 1  [ RunTime:0.0001s ]
SQL: SELECT * FROM ejd_auth_access a INNER JOIN ejd_auth_rule as b on a.rule_name =b.name  WHERE a.role_id IN ('4','6','8') AND b.name IN ('admin/hotel/photo')  [ RunTime:0.0001s ]
SQL: SELECT ejd_dict.name,ejd_pic.id,ejd_pic.picurl FROM `ejd_pic` left JOIN ejd_dict on ejd_dict.id = ejd_pic.aid  WHERE ( ejd_pic.isdel = 0 )  [ RunTime:0.0008s ]

[ 2020-09-17T10:58:47+08:00 ] 222.222.158.49 /admin/hotel/photoedit/ids/2
SQL: SELECT * FROM `ejd_users` WHERE ( id=4 ) LIMIT 1   [ RunTime:0.0001s ]
SQL: SELECT `role_id` FROM ejd_role_user a INNER JOIN ejd_role as b on a.role_id =b.id  WHERE `user_id` = '4' AND `status` = 1  [ RunTime:0.0001s ]
SQL: SELECT * FROM ejd_auth_access a INNER JOIN ejd_auth_rule as b on a.rule_name =b.name  WHERE a.role_id IN ('4','6','8') AND b.name IN ('admin/hotel/photoedit')  [ RunTime:0.0020s ]
SQL: SELECT * FROM `ejd_pic` WHERE ( id='2' ) LIMIT 1   [ RunTime:0.0004s ]

[ 2020-09-17T10:59:02+08:00 ] 222.222.158.49 /admin/setting/site/menuid/115
SQL: SELECT * FROM `ejd_users` WHERE ( id=4 ) LIMIT 1   [ RunTime:0.0001s ]
SQL: SELECT `role_id` FROM ejd_role_user a INNER JOIN ejd_role as b on a.role_id =b.id  WHERE `user_id` = '4' AND `status` = 1  [ RunTime:0.0001s ]
SQL: SELECT * FROM ejd_auth_access a INNER JOIN ejd_auth_rule as b on a.rule_name =b.name  WHERE a.role_id IN ('4','6','8') AND b.name IN ('admin/setting/site')  [ RunTime:0.0001s ]
SQL: SELECT * FROM `ejd_options` WHERE ( option_name='site_options' ) LIMIT 1   [ RunTime:0.0007s ]
SQL: SELECT `option_value` FROM `ejd_options` WHERE ( option_name='cmf_settings' ) LIMIT 1   [ RunTime:0.0001s ]

[ 2020-09-17T10:59:14+08:00 ] 222.222.158.49 /admin/hotel/photo/menuid/171
SQL: SELECT * FROM `ejd_users` WHERE ( id=4 ) LIMIT 1   [ RunTime:0.0001s ]
SQL: SELECT `role_id` FROM ejd_role_user a INNER JOIN ejd_role as b on a.role_id =b.id  WHERE `user_id` = '4' AND `status` = 1  [ RunTime:0.0001s ]
SQL: SELECT * FROM ejd_auth_access a INNER JOIN ejd_auth_rule as b on a.rule_name =b.name  WHERE a.role_id IN ('4','6','8') AND b.name IN ('admin/hotel/photo')  [ RunTime:0.0001s ]
SQL: SELECT ejd_dict.name,ejd_pic.id,ejd_pic.picurl FROM `ejd_pic` left JOIN ejd_dict on ejd_dict.id = ejd_pic.aid  WHERE ( ejd_pic.isdel = 0 )  [ RunTime:0.0001s ]

[ 2020-09-17T10:59:15+08:00 ] 222.222.158.49 /admin/hotel/hyyhindex/menuid/169
SQL: SELECT * FROM `ejd_users` WHERE ( id=4 ) LIMIT 1   [ RunTime:0.0001s ]
SQL: SELECT `role_id` FROM ejd_role_user a INNER JOIN ejd_role as b on a.role_id =b.id  WHERE `user_id` = '4' AND `status` = 1  [ RunTime:0.0001s ]
SQL: SELECT * FROM ejd_auth_access a INNER JOIN ejd_auth_rule as b on a.rule_name =b.name  WHERE a.role_id IN ('4','6','8') AND b.name IN ('admin/hotel/hyyhindex')  [ RunTime:0.0001s ]
SQL: SELECT COUNT(*) AS tp_count FROM `ejd_conferenceroom` WHERE ( isdel = 0 ) LIMIT 1   [ RunTime:0.0009s ]
SQL: SELECT `id`,`crname`,`sortindex`,`status` FROM `ejd_conferenceroom` WHERE ( isdel = 0 ) ORDER BY sortindex DESC LIMIT 0,20   [ RunTime:0.0003s ]

[ 2020-09-17T10:59:17+08:00 ] 222.222.158.49 /admin/hotel/xyylindex/menuid/170
SQL: SELECT * FROM `ejd_users` WHERE ( id=4 ) LIMIT 1   [ RunTime:0.0001s ]
SQL: SELECT `role_id` FROM ejd_role_user a INNER JOIN ejd_role as b on a.role_id =b.id  WHERE `user_id` = '4' AND `status` = 1  [ RunTime:0.0001s ]
SQL: SELECT * FROM ejd_auth_access a INNER JOIN ejd_auth_rule as b on a.rule_name =b.name  WHERE a.role_id IN ('4','6','8') AND b.name IN ('admin/hotel/xyylindex')  [ RunTime:0.0001s ]
SQL: SELECT `id`,`ename`,`isdel`,`issuppre` FROM `ejd_entertainment` WHERE ( isdel=0 )  [ RunTime:0.0009s ]

[ 2020-09-17T10:59:18+08:00 ] 222.222.158.49 /admin/hotel/recommend/menuid/175
SQL: SELECT * FROM `ejd_users` WHERE ( id=4 ) LIMIT 1   [ RunTime:0.0001s ]
SQL: SELECT `role_id` FROM ejd_role_user a INNER JOIN ejd_role as b on a.role_id =b.id  WHERE `user_id` = '4' AND `status` = 1  [ RunTime:0.0001s ]
SQL: SELECT * FROM ejd_auth_access a INNER JOIN ejd_auth_rule as b on a.rule_name =b.name  WHERE a.role_id IN ('4','6','8') AND b.name IN ('admin/hotel/recommend')  [ RunTime:0.0001s ]
SQL: SELECT * FROM `ejd_hotel_manager` LIMIT 1   [ RunTime:0.0004s ]

[ 2020-09-17T10:59:18+08:00 ] 222.222.158.49 /admin/hotel/contact/menuid/245
SQL: SELECT * FROM `ejd_users` WHERE ( id=4 ) LIMIT 1   [ RunTime:0.0001s ]
SQL: SELECT `role_id` FROM ejd_role_user a INNER JOIN ejd_role as b on a.role_id =b.id  WHERE `user_id` = '4' AND `status` = 1  [ RunTime:0.0001s ]
SQL: SELECT * FROM ejd_auth_access a INNER JOIN ejd_auth_rule as b on a.rule_name =b.name  WHERE a.role_id IN ('4','6','8') AND b.name IN ('admin/hotel/contact')  [ RunTime:0.0001s ]
SQL: SHOW COLUMNS FROM `ejd_contacts` [ RunTime:0.0007s ]
SQL: SELECT COUNT(*) AS tp_count FROM `ejd_contacts` WHERE `isdel` = 0 LIMIT 1   [ RunTime:0.0004s ]
SQL: SELECT * FROM `ejd_contacts` WHERE `isdel` = 0 ORDER BY id DESC LIMIT 0,10   [ RunTime:0.0002s ]

[ 2020-09-17T11:02:12+08:00 ] 222.222.158.49 /admin/main/orderprompt
SQL: SELECT * FROM `ejd_users` WHERE ( id=4 ) LIMIT 1   [ RunTime:0.0001s ]
SQL: SELECT `role_id` FROM ejd_role_user a INNER JOIN ejd_role as b on a.role_id =b.id  WHERE `user_id` = '4' AND `status` = 1  [ RunTime:0.0001s ]
SQL: SELECT * FROM ejd_auth_access a INNER JOIN ejd_auth_rule as b on a.rule_name =b.name  WHERE a.role_id IN ('4','6','8') AND b.name IN ('admin/main/orderprompt')  [ RunTime:0.0001s ]

