[ 2020-11-16T11:26:35+08:00 ] 222.222.158.49 /admin/public/dologin
SQL: SELECT * FROM `ejd_users` WHERE `user_login` = '梁田田' LIMIT 1   [ RunTime:0.0062s ]
SQL: SELECT `role_id` FROM ejd_role_user a INNER JOIN ejd_role as b on a.role_id =b.id  WHERE `user_id` = '4' AND `status` = 1  [ RunTime:0.0001s ]
SQL: UPDATE `ejd_users` SET `user_login`='梁田田',`user_pass`='###09e97cc5da55295f9d93cbfd56637e5f',`user_nicename`='',`user_email`='5656@56.com',`user_url`='',`avatar`=NULL,`sex`='0',`birthday`=NULL,`signature`=NULL,`last_login_ip`='222.222.158.49',`last_login_time`='2020-11-16 11:26:35',`create_time`='2016-09-18 13:20:59',`user_activation_key`='',`user_status`='1',`score`='0',`user_type`='1',`coin`='0',`mobile`='' WHERE `id` = '4' [ RunTime:0.0021s ]

[ 2020-11-16T11:26:37+08:00 ] 222.222.158.49 /admin/index/index
SQL: SELECT * FROM `ejd_users` WHERE ( id=4 ) LIMIT 1   [ RunTime:0.0004s ]
SQL: SELECT * FROM `ejd_menu` WHERE `parentid` = 0 AND `status` = 1 ORDER BY `listorder` ASC  [ RunTime:0.0002s ]
SQL: SELECT `role_id` FROM ejd_role_user a INNER JOIN ejd_role as b on a.role_id =b.id  WHERE `user_id` = '4' AND `status` = 1  [ RunTime:0.0001s ]
SQL: SELECT * FROM ejd_auth_access a INNER JOIN ejd_auth_rule as b on a.rule_name =b.name  WHERE a.role_id IN ('4','6','8') AND b.name IN ('admin/setting/default')  [ RunTime:0.0001s ]
SQL: SELECT `role_id` FROM ejd_role_user a INNER JOIN ejd_role as b on a.role_id =b.id  WHERE `user_id` = '4' AND `status` = 1  [ RunTime:0.0001s ]
SQL: SELECT * FROM ejd_auth_access a INNER JOIN ejd_auth_rule as b on a.rule_name =b.name  WHERE a.role_id IN ('4','6','8') AND b.name IN ('admin/order/default')  [ RunTime:0.0001s ]
SQL: SELECT `role_id` FROM ejd_role_user a INNER JOIN ejd_role as b on a.role_id =b.id  WHERE `user_id` = '4' AND `status` = 1  [ RunTime:0.0000s ]
SQL: SELECT * FROM ejd_auth_access a INNER JOIN ejd_auth_rule as b on a.rule_name =b.name  WHERE a.role_id IN ('4','6','8') AND b.name IN ('user/indexadmin/default')  [ RunTime:0.0001s ]
SQL: SELECT `role_id` FROM ejd_role_user a INNER JOIN ejd_role as b on a.role_id =b.id  WHERE `user_id` = '4' AND `status` = 1  [ RunTime:0.0000s ]
SQL: SELECT * FROM ejd_auth_access a INNER JOIN ejd_auth_rule as b on a.rule_name =b.name  WHERE a.role_id IN ('4','6','8') AND b.name IN ('admin/hotel/default')  [ RunTime:0.0001s ]
SQL: SELECT `role_id` FROM ejd_role_user a INNER JOIN ejd_role as b on a.role_id =b.id  WHERE `user_id` = '4' AND `status` = 1  [ RunTime:0.0001s ]
SQL: SELECT * FROM ejd_auth_access a INNER JOIN ejd_auth_rule as b on a.rule_name =b.name  WHERE a.role_id IN ('4','6','8') AND b.name IN ('admin/content/default')  [ RunTime:0.0001s ]
SQL: SELECT `role_id` FROM ejd_role_user a INNER JOIN ejd_role as b on a.role_id =b.id  WHERE `user_id` = '4' AND `status` = 1  [ RunTime:0.0000s ]
SQL: SELECT * FROM ejd_auth_access a INNER JOIN ejd_auth_rule as b on a.rule_name =b.name  WHERE a.role_id IN ('4','6','8') AND b.name IN ('admin/wechat/default')  [ RunTime:0.0001s ]
SQL: SELECT `role_id` FROM ejd_role_user a INNER JOIN ejd_role as b on a.role_id =b.id  WHERE `user_id` = '4' AND `status` = 1  [ RunTime:0.0000s ]
SQL: SELECT * FROM ejd_auth_access a INNER JOIN ejd_auth_rule as b on a.rule_name =b.name  WHERE a.role_id IN ('4','6','8') AND b.name IN ('admin/import/default')  [ RunTime:0.0001s ]
SQL: SELECT * FROM `ejd_menu` WHERE `parentid` = 109 AND `status` = 1 ORDER BY `listorder` ASC  [ RunTime:0.0001s ]
SQL: SELECT `role_id` FROM ejd_role_user a INNER JOIN ejd_role as b on a.role_id =b.id  WHERE `user_id` = '4' AND `status` = 1  [ RunTime:0.0001s ]
SQL: SELECT * FROM ejd_auth_access a INNER JOIN ejd_auth_rule as b on a.rule_name =b.name  WHERE a.role_id IN ('4','6','8') AND b.name IN ('admin/setting/userdefault')  [ RunTime:0.0001s ]
SQL: SELECT `role_id` FROM ejd_role_user a INNER JOIN ejd_role as b on a.role_id =b.id  WHERE `user_id` = '4' AND `status` = 1  [ RunTime:0.0000s ]
SQL: SELECT * FROM ejd_auth_access a INNER JOIN ejd_auth_rule as b on a.rule_name =b.name  WHERE a.role_id IN ('4','6','8') AND b.name IN ('admin/setting/site')  [ RunTime:0.0001s ]
SQL: SELECT `role_id` FROM ejd_role_user a INNER JOIN ejd_role as b on a.role_id =b.id  WHERE `user_id` = '4' AND `status` = 1  [ RunTime:0.0001s ]
SQL: SELECT * FROM ejd_auth_access a INNER JOIN ejd_auth_rule as b on a.rule_name =b.name  WHERE a.role_id IN ('4','6','8') AND b.name IN ('admin/menu/index')  [ RunTime:0.0000s ]
SQL: SELECT `role_id` FROM ejd_role_user a INNER JOIN ejd_role as b on a.role_id =b.id  WHERE `user_id` = '4' AND `status` = 1  [ RunTime:0.0000s ]
SQL: SELECT * FROM ejd_auth_access a INNER JOIN ejd_auth_rule as b on a.rule_name =b.name  WHERE a.role_id IN ('4','6','8') AND b.name IN ('user/indexadmin/default3')  [ RunTime:0.0001s ]
SQL: SELECT `role_id` FROM ejd_role_user a INNER JOIN ejd_role as b on a.role_id =b.id  WHERE `user_id` = '4' AND `status` = 1  [ RunTime:0.0000s ]
SQL: SELECT * FROM ejd_auth_access a INNER JOIN ejd_auth_rule as b on a.rule_name =b.name  WHERE a.role_id IN ('4','6','8') AND b.name IN ('admin/backup/default')  [ RunTime:0.0001s ]
SQL: SELECT `role_id` FROM ejd_role_user a INNER JOIN ejd_role as b on a.role_id =b.id  WHERE `user_id` = '4' AND `status` = 1  [ RunTime:0.0000s ]
SQL: SELECT * FROM ejd_auth_access a INNER JOIN ejd_auth_rule as b on a.rule_name =b.name  WHERE a.role_id IN ('4','6','8') AND b.name IN ('admin/mailer/default')  [ RunTime:0.0000s ]
SQL: SELECT `role_id` FROM ejd_role_user a INNER JOIN ejd_role as b on a.role_id =b.id  WHERE `user_id` = '4' AND `status` = 1  [ RunTime:0.0001s ]
SQL: SELECT * FROM ejd_auth_access a INNER JOIN ejd_auth_rule as b on a.rule_name =b.name  WHERE a.role_id IN ('4','6','8') AND b.name IN ('admin/setting/clearcache')  [ RunTime:0.0000s ]
SQL: SELECT * FROM `ejd_menu` WHERE `parentid` = 110 AND `status` = 1 ORDER BY `listorder` ASC  [ RunTime:0.0001s ]
SQL: SELECT `role_id` FROM ejd_role_user a INNER JOIN ejd_role as b on a.role_id =b.id  WHERE `user_id` = '4' AND `status` = 1  [ RunTime:0.0000s ]
SQL: SELECT * FROM ejd_auth_access a INNER JOIN ejd_auth_rule as b on a.rule_name =b.name  WHERE a.role_id IN ('4','6','8') AND b.name IN ('admin/user/userinfo')  [ RunTime:0.0001s ]
SQL: SELECT `role_id` FROM ejd_role_user a INNER JOIN ejd_role as b on a.role_id =b.id  WHERE `user_id` = '4' AND `status` = 1  [ RunTime:0.0001s ]
SQL: SELECT * FROM ejd_auth_access a INNER JOIN ejd_auth_rule as b on a.rule_name =b.name  WHERE a.role_id IN ('4','6','8') AND b.name IN ('admin/setting/password')  [ RunTime:0.0001s ]
SQL: SELECT * FROM `ejd_menu` WHERE `parentid` = 111 AND `status` = 1 ORDER BY `listorder` ASC  [ RunTime:0.0000s ]
SQL: SELECT * FROM `ejd_menu` WHERE `parentid` = 113 AND `status` = 1 ORDER BY `listorder` ASC  [ RunTime:0.0000s ]
SQL: SELECT * FROM `ejd_menu` WHERE `parentid` = 115 AND `status` = 1 ORDER BY `listorder` ASC  [ RunTime:0.0000s ]
SQL: SELECT * FROM `ejd_menu` WHERE `parentid` = 100 AND `status` = 1 ORDER BY `listorder` ASC  [ RunTime:0.0000s ]
SQL: SELECT * FROM `ejd_menu` WHERE `parentid` = 139 AND `status` = 1 ORDER BY `listorder` ASC  [ RunTime:0.0001s ]
SQL: SELECT `role_id` FROM ejd_role_user a INNER JOIN ejd_role as b on a.role_id =b.id  WHERE `user_id` = '4' AND `status` = 1  [ RunTime:0.0000s ]
SQL: SELECT * FROM ejd_auth_access a INNER JOIN ejd_auth_rule as b on a.rule_name =b.name  WHERE a.role_id IN ('4','6','8') AND b.name IN ('admin/rbac/index')  [ RunTime:0.0001s ]
SQL: SELECT `role_id` FROM ejd_role_user a INNER JOIN ejd_role as b on a.role_id =b.id  WHERE `user_id` = '4' AND `status` = 1  [ RunTime:0.0001s ]
SQL: SELECT * FROM ejd_auth_access a INNER JOIN ejd_auth_rule as b on a.rule_name =b.name  WHERE a.role_id IN ('4','6','8') AND b.name IN ('admin/user/index')  [ RunTime:0.0001s ]
SQL: SELECT * FROM `ejd_menu` WHERE `parentid` = 140 AND `status` = 1 ORDER BY `listorder` ASC  [ RunTime:0.0000s ]
SQL: SELECT `role_id` FROM ejd_role_user a INNER JOIN ejd_role as b on a.role_id =b.id  WHERE `user_id` = '4' AND `status` = 1  [ RunTime:0.0000s ]
SQL: SELECT * FROM ejd_auth_access a INNER JOIN ejd_auth_rule as b on a.rule_name =b.name  WHERE a.role_id IN ('4','6','8') AND b.name IN ('admin/rbac/roledelete')  [ RunTime:0.0001s ]
SQL: SELECT `role_id` FROM ejd_role_user a INNER JOIN ejd_role as b on a.role_id =b.id  WHERE `user_id` = '4' AND `status` = 1  [ RunTime:0.0000s ]
SQL: SELECT * FROM ejd_auth_access a INNER JOIN ejd_auth_rule as b on a.rule_name =b.name  WHERE a.role_id IN ('4','6','8') AND b.name IN ('admin/rbac/roleadd')  [ RunTime:0.0000s ]
SQL: SELECT * FROM `ejd_menu` WHERE `parentid` = 146 AND `status` = 1 ORDER BY `listorder` ASC  [ RunTime:0.0000s ]
SQL: SELECT * FROM `ejd_menu` WHERE `parentid` = 147 AND `status` = 1 ORDER BY `listorder` ASC  [ RunTime:0.0000s ]
SQL: SELECT * FROM `ejd_menu` WHERE `parentid` = 149 AND `status` = 1 ORDER BY `listorder` ASC  [ RunTime:0.0000s ]
SQL: SELECT * FROM `ejd_menu` WHERE `parentid` = 40 AND `status` = 1 ORDER BY `listorder` ASC  [ RunTime:0.0001s ]
SQL: SELECT `role_id` FROM ejd_role_user a INNER JOIN ejd_role as b on a.role_id =b.id  WHERE `user_id` = '4' AND `status` = 1  [ RunTime:0.0001s ]
SQL: SELECT * FROM ejd_auth_access a INNER JOIN ejd_auth_rule as b on a.rule_name =b.name  WHERE a.role_id IN ('4','6','8') AND b.name IN ('admin/backup/restore')  [ RunTime:0.0000s ]
SQL: SELECT `role_id` FROM ejd_role_user a INNER JOIN ejd_role as b on a.role_id =b.id  WHERE `user_id` = '4' AND `status` = 1  [ RunTime:0.0001s ]
SQL: SELECT * FROM ejd_auth_access a INNER JOIN ejd_auth_rule as b on a.rule_name =b.name  WHERE a.role_id IN ('4','6','8') AND b.name IN ('admin/backup/index')  [ RunTime:0.0000s ]
SQL: SELECT * FROM `ejd_menu` WHERE `parentid` = 41 AND `status` = 1 ORDER BY `listorder` ASC  [ RunTime:0.0001s ]
SQL: SELECT * FROM `ejd_menu` WHERE `parentid` = 42 AND `status` = 1 ORDER BY `listorder` ASC  [ RunTime:0.0000s ]
SQL: SELECT * FROM `ejd_menu` WHERE `parentid` = 126 AND `status` = 1 ORDER BY `listorder` ASC  [ RunTime:0.0001s ]
SQL: SELECT `role_id` FROM ejd_role_user a INNER JOIN ejd_role as b on a.role_id =b.id  WHERE `user_id` = '4' AND `status` = 1  [ RunTime:0.0001s ]
SQL: SELECT * FROM ejd_auth_access a INNER JOIN ejd_auth_rule as b on a.rule_name =b.name  WHERE a.role_id IN ('4','6','8') AND b.name IN ('admin/mailer/index')  [ RunTime:0.0000s ]
SQL: SELECT `role_id` FROM ejd_role_user a INNER JOIN ejd_role as b on a.role_id =b.id  WHERE `user_id` = '4' AND `status` = 1  [ RunTime:0.0000s ]
SQL: SELECT * FROM ejd_auth_access a INNER JOIN ejd_auth_rule as b on a.rule_name =b.name  WHERE a.role_id IN ('4','6','8') AND b.name IN ('admin/mailer/active')  [ RunTime:0.0000s ]
SQL: SELECT * FROM `ejd_menu` WHERE `parentid` = 127 AND `status` = 1 ORDER BY `listorder` ASC  [ RunTime:0.0001s ]
SQL: SELECT * FROM `ejd_menu` WHERE `parentid` = 129 AND `status` = 1 ORDER BY `listorder` ASC  [ RunTime:0.0000s ]
SQL: SELECT * FROM `ejd_menu` WHERE `parentid` = 131 AND `status` = 1 ORDER BY `listorder` ASC  [ RunTime:0.0001s ]
SQL: SELECT * FROM `ejd_menu` WHERE `parentid` = 85 AND `status` = 1 ORDER BY `listorder` ASC  [ RunTime:0.0001s ]
SQL: SELECT `role_id` FROM ejd_role_user a INNER JOIN ejd_role as b on a.role_id =b.id  WHERE `user_id` = '4' AND `status` = 1  [ RunTime:0.0000s ]
SQL: SELECT * FROM ejd_auth_access a INNER JOIN ejd_auth_rule as b on a.rule_name =b.name  WHERE a.role_id IN ('4','6','8') AND b.name IN ('admin/order/kflist')  [ RunTime:0.0001s ]
SQL: SELECT `role_id` FROM ejd_role_user a INNER JOIN ejd_role as b on a.role_id =b.id  WHERE `user_id` = '4' AND `status` = 1  [ RunTime:0.0000s ]
SQL: SELECT * FROM ejd_auth_access a INNER JOIN ejd_auth_rule as b on a.rule_name =b.name  WHERE a.role_id IN ('4','6','8') AND b.name IN ('admin/order/cylist')  [ RunTime:0.0001s ]
SQL: SELECT `role_id` FROM ejd_role_user a INNER JOIN ejd_role as b on a.role_id =b.id  WHERE `user_id` = '4' AND `status` = 1  [ RunTime:0.0000s ]
SQL: SELECT * FROM ejd_auth_access a INNER JOIN ejd_auth_rule as b on a.rule_name =b.name  WHERE a.role_id IN ('4','6','8') AND b.name IN ('admin/order/xyyllist')  [ RunTime:0.0001s ]
SQL: SELECT `role_id` FROM ejd_role_user a INNER JOIN ejd_role as b on a.role_id =b.id  WHERE `user_id` = '4' AND `status` = 1  [ RunTime:0.0000s ]
SQL: SELECT * FROM ejd_auth_access a INNER JOIN ejd_auth_rule as b on a.rule_name =b.name  WHERE a.role_id IN ('4','6','8') AND b.name IN ('admin/order/hyyhlist')  [ RunTime:0.0001s ]
SQL: SELECT `role_id` FROM ejd_role_user a INNER JOIN ejd_role as b on a.role_id =b.id  WHERE `user_id` = '4' AND `status` = 1  [ RunTime:0.0000s ]
SQL: SELECT * FROM ejd_auth_access a INNER JOIN ejd_auth_rule as b on a.rule_name =b.name  WHERE a.role_id IN ('4','6','8') AND b.name IN ('admin/xymcode/index')  [ RunTime:0.0001s ]
SQL: SELECT `role_id` FROM ejd_role_user a INNER JOIN ejd_role as b on a.role_id =b.id  WHERE `user_id` = '4' AND `status` = 1  [ RunTime:0.0000s ]
SQL: SELECT * FROM ejd_auth_access a INNER JOIN ejd_auth_rule as b on a.rule_name =b.name  WHERE a.role_id IN ('4','6','8') AND b.name IN ('admin/order/countorder')  [ RunTime:0.0001s ]
SQL: SELECT * FROM `ejd_menu` WHERE `parentid` = 162 AND `status` = 1 ORDER BY `listorder` ASC  [ RunTime:0.0001s ]
SQL: SELECT * FROM `ejd_menu` WHERE `parentid` = 163 AND `status` = 1 ORDER BY `listorder` ASC  [ RunTime:0.0000s ]
SQL: SELECT * FROM `ejd_menu` WHERE `parentid` = 164 AND `status` = 1 ORDER BY `listorder` ASC  [ RunTime:0.0000s ]
SQL: SELECT * FROM `ejd_menu` WHERE `parentid` = 165 AND `status` = 1 ORDER BY `listorder` ASC  [ RunTime:0.0000s ]
SQL: SELECT * FROM `ejd_menu` WHERE `parentid` = 271 AND `status` = 1 ORDER BY `listorder` ASC  [ RunTime:0.0000s ]
SQL: SELECT * FROM `ejd_menu` WHERE `parentid` = 275 AND `status` = 1 ORDER BY `listorder` ASC  [ RunTime:0.0001s ]
SQL: SELECT * FROM `ejd_menu` WHERE `parentid` = 132 AND `status` = 1 ORDER BY `listorder` ASC  [ RunTime:0.0000s ]
SQL: SELECT `role_id` FROM ejd_role_user a INNER JOIN ejd_role as b on a.role_id =b.id  WHERE `user_id` = '4' AND `status` = 1  [ RunTime:0.0001s ]
SQL: SELECT * FROM ejd_auth_access a INNER JOIN ejd_auth_rule as b on a.rule_name =b.name  WHERE a.role_id IN ('4','6','8') AND b.name IN ('user/wxadmin/index')  [ RunTime:0.0001s ]
SQL: SELECT `role_id` FROM ejd_role_user a INNER JOIN ejd_role as b on a.role_id =b.id  WHERE `user_id` = '4' AND `status` = 1  [ RunTime:0.0000s ]
SQL: SELECT * FROM ejd_auth_access a INNER JOIN ejd_auth_rule as b on a.rule_name =b.name  WHERE a.role_id IN ('4','6','8') AND b.name IN ('user/indexadmin/index')  [ RunTime:0.0001s ]
SQL: SELECT * FROM `ejd_menu` WHERE `parentid` = 133 AND `status` = 1 ORDER BY `listorder` ASC  [ RunTime:0.0001s ]
SQL: SELECT * FROM `ejd_menu` WHERE `parentid` = 134 AND `status` = 1 ORDER BY `listorder` ASC  [ RunTime:0.0001s ]
SQL: SELECT * FROM `ejd_menu` WHERE `parentid` = 166 AND `status` = 1 ORDER BY `listorder` ASC  [ RunTime:0.0001s ]
SQL: SELECT `role_id` FROM ejd_role_user a INNER JOIN ejd_role as b on a.role_id =b.id  WHERE `user_id` = '4' AND `status` = 1  [ RunTime:0.0000s ]
SQL: SELECT * FROM ejd_auth_access a INNER JOIN ejd_auth_rule as b on a.rule_name =b.name  WHERE a.role_id IN ('4','6','8') AND b.name IN ('admin/hotel/fxindex')  [ RunTime:0.0001s ]
SQL: SELECT `role_id` FROM ejd_role_user a INNER JOIN ejd_role as b on a.role_id =b.id  WHERE `user_id` = '4' AND `status` = 1  [ RunTime:0.0001s ]
SQL: SELECT * FROM ejd_auth_access a INNER JOIN ejd_auth_rule as b on a.rule_name =b.name  WHERE a.role_id IN ('4','6','8') AND b.name IN ('admin/hotel/ctindex')  [ RunTime:0.0001s ]
SQL: SELECT `role_id` FROM ejd_role_user a INNER JOIN ejd_role as b on a.role_id =b.id  WHERE `user_id` = '4' AND `status` = 1  [ RunTime:0.0000s ]
SQL: SELECT * FROM ejd_auth_access a INNER JOIN ejd_auth_rule as b on a.rule_name =b.name  WHERE a.role_id IN ('4','6','8') AND b.name IN ('admin/hotel/hyyhindex')  [ RunTime:0.0001s ]
SQL: SELECT `role_id` FROM ejd_role_user a INNER JOIN ejd_role as b on a.role_id =b.id  WHERE `user_id` = '4' AND `status` = 1  [ RunTime:0.0000s ]
SQL: SELECT * FROM ejd_auth_access a INNER JOIN ejd_auth_rule as b on a.rule_name =b.name  WHERE a.role_id IN ('4','6','8') AND b.name IN ('admin/hotel/xyylindex')  [ RunTime:0.0001s ]
SQL: SELECT `role_id` FROM ejd_role_user a INNER JOIN ejd_role as b on a.role_id =b.id  WHERE `user_id` = '4' AND `status` = 1  [ RunTime:0.0000s ]
SQL: SELECT * FROM ejd_auth_access a INNER JOIN ejd_auth_rule as b on a.rule_name =b.name  WHERE a.role_id IN ('4','6','8') AND b.name IN ('admin/hotel/photo')  [ RunTime:0.0001s ]
SQL: SELECT `role_id` FROM ejd_role_user a INNER JOIN ejd_role as b on a.role_id =b.id  WHERE `user_id` = '4' AND `status` = 1  [ RunTime:0.0001s ]
SQL: SELECT * FROM ejd_auth_access a INNER JOIN ejd_auth_rule as b on a.rule_name =b.name  WHERE a.role_id IN ('4','6','8') AND b.name IN ('admin/hotel/info')  [ RunTime:0.0000s ]
SQL: SELECT `role_id` FROM ejd_role_user a INNER JOIN ejd_role as b on a.role_id =b.id  WHERE `user_id` = '4' AND `status` = 1  [ RunTime:0.0000s ]
SQL: SELECT * FROM ejd_auth_access a INNER JOIN ejd_auth_rule as b on a.rule_name =b.name  WHERE a.role_id IN ('4','6','8') AND b.name IN ('admin/hotel/recommend')  [ RunTime:0.0001s ]
SQL: SELECT `role_id` FROM ejd_role_user a INNER JOIN ejd_role as b on a.role_id =b.id  WHERE `user_id` = '4' AND `status` = 1  [ RunTime:0.0000s ]
SQL: SELECT * FROM ejd_auth_access a INNER JOIN ejd_auth_rule as b on a.rule_name =b.name  WHERE a.role_id IN ('4','6','8') AND b.name IN ('admin/hotel/nearinfo')  [ RunTime:0.0001s ]
SQL: SELECT `role_id` FROM ejd_role_user a INNER JOIN ejd_role as b on a.role_id =b.id  WHERE `user_id` = '4' AND `status` = 1  [ RunTime:0.0000s ]
SQL: SELECT * FROM ejd_auth_access a INNER JOIN ejd_auth_rule as b on a.rule_name =b.name  WHERE a.role_id IN ('4','6','8') AND b.name IN ('admin/hotel/contact')  [ RunTime:0.0001s ]
SQL: SELECT * FROM `ejd_menu` WHERE `parentid` = 167 AND `status` = 1 ORDER BY `listorder` ASC  [ RunTime:0.0001s ]
SQL: SELECT * FROM `ejd_menu` WHERE `parentid` = 168 AND `status` = 1 ORDER BY `listorder` ASC  [ RunTime:0.0001s ]
SQL: SELECT * FROM `ejd_menu` WHERE `parentid` = 169 AND `status` = 1 ORDER BY `listorder` ASC  [ RunTime:0.0001s ]
SQL: SELECT * FROM `ejd_menu` WHERE `parentid` = 170 AND `status` = 1 ORDER BY `listorder` ASC  [ RunTime:0.0000s ]
SQL: SELECT * FROM `ejd_menu` WHERE `parentid` = 171 AND `status` = 1 ORDER BY `listorder` ASC  [ RunTime:0.0000s ]
SQL: SELECT * FROM `ejd_menu` WHERE `parentid` = 174 AND `status` = 1 ORDER BY `listorder` ASC  [ RunTime:0.0001s ]
SQL: SELECT * FROM `ejd_menu` WHERE `parentid` = 175 AND `status` = 1 ORDER BY `listorder` ASC  [ RunTime:0.0001s ]
SQL: SELECT * FROM `ejd_menu` WHERE `parentid` = 176 AND `status` = 1 ORDER BY `listorder` ASC  [ RunTime:0.0000s ]
SQL: SELECT * FROM `ejd_menu` WHERE `parentid` = 245 AND `status` = 1 ORDER BY `listorder` ASC  [ RunTime:0.0000s ]
SQL: SELECT * FROM `ejd_menu` WHERE `parentid` = 1 AND `status` = 1 ORDER BY `listorder` ASC  [ RunTime:0.0001s ]
SQL: SELECT `role_id` FROM ejd_role_user a INNER JOIN ejd_role as b on a.role_id =b.id  WHERE `user_id` = '4' AND `status` = 1  [ RunTime:0.0000s ]
SQL: SELECT * FROM ejd_auth_access a INNER JOIN ejd_auth_rule as b on a.rule_name =b.name  WHERE a.role_id IN ('4','6','8') AND b.name IN ('portal/adminterm/index')  [ RunTime:0.0001s ]
SQL: SELECT `role_id` FROM ejd_role_user a INNER JOIN ejd_role as b on a.role_id =b.id  WHERE `user_id` = '4' AND `status` = 1  [ RunTime:0.0000s ]
SQL: SELECT * FROM ejd_auth_access a INNER JOIN ejd_auth_rule as b on a.rule_name =b.name  WHERE a.role_id IN ('4','6','8') AND b.name IN ('portal/adminpost/index')  [ RunTime:0.0000s ]
SQL: SELECT `role_id` FROM ejd_role_user a INNER JOIN ejd_role as b on a.role_id =b.id  WHERE `user_id` = '4' AND `status` = 1  [ RunTime:0.0000s ]
SQL: SELECT * FROM ejd_auth_access a INNER JOIN ejd_auth_rule as b on a.rule_name =b.name  WHERE a.role_id IN ('4','6','8') AND b.name IN ('admin/slide/default')  [ RunTime:0.0000s ]
SQL: SELECT `role_id` FROM ejd_role_user a INNER JOIN ejd_role as b on a.role_id =b.id  WHERE `user_id` = '4' AND `status` = 1  [ RunTime:0.0000s ]
SQL: SELECT * FROM ejd_auth_access a INNER JOIN ejd_auth_rule as b on a.rule_name =b.name  WHERE a.role_id IN ('4','6','8') AND b.name IN ('admin/navcat/default1')  [ RunTime:0.0000s ]
SQL: SELECT `role_id` FROM ejd_role_user a INNER JOIN ejd_role as b on a.role_id =b.id  WHERE `user_id` = '4' AND `status` = 1  [ RunTime:0.0000s ]
SQL: SELECT * FROM ejd_auth_access a INNER JOIN ejd_auth_rule as b on a.rule_name =b.name  WHERE a.role_id IN ('4','6','8') AND b.name IN ('portal/adminpage/index')  [ RunTime:0.0000s ]
SQL: SELECT `role_id` FROM ejd_role_user a INNER JOIN ejd_role as b on a.role_id =b.id  WHERE `user_id` = '4' AND `status` = 1  [ RunTime:0.0000s ]
SQL: SELECT * FROM ejd_auth_access a INNER JOIN ejd_auth_rule as b on a.rule_name =b.name  WHERE a.role_id IN ('4','6','8') AND b.name IN ('admin/link/index')  [ RunTime:0.0001s ]
SQL: SELECT `role_id` FROM ejd_role_user a INNER JOIN ejd_role as b on a.role_id =b.id  WHERE `user_id` = '4' AND `status` = 1  [ RunTime:0.0000s ]
SQL: SELECT * FROM ejd_auth_access a INNER JOIN ejd_auth_rule as b on a.rule_name =b.name  WHERE a.role_id IN ('4','6','8') AND b.name IN ('api/guestbookadmin/index')  [ RunTime:0.0001s ]
SQL: SELECT `role_id` FROM ejd_role_user a INNER JOIN ejd_role as b on a.role_id =b.id  WHERE `user_id` = '4' AND `status` = 1  [ RunTime:0.0000s ]
SQL: SELECT * FROM ejd_auth_access a INNER JOIN ejd_auth_rule as b on a.rule_name =b.name  WHERE a.role_id IN ('4','6','8') AND b.name IN ('comment/commentadmin/index')  [ RunTime:0.0001s ]
SQL: SELECT `role_id` FROM ejd_role_user a INNER JOIN ejd_role as b on a.role_id =b.id  WHERE `user_id` = '4' AND `status` = 1  [ RunTime:0.0000s ]
SQL: SELECT * FROM ejd_auth_access a INNER JOIN ejd_auth_rule as b on a.rule_name =b.name  WHERE a.role_id IN ('4','6','8') AND b.name IN ('admin/ad/index')  [ RunTime:0.0000s ]
SQL: SELECT `role_id` FROM ejd_role_user a INNER JOIN ejd_role as b on a.role_id =b.id  WHERE `user_id` = '4' AND `status` = 1  [ RunTime:0.0000s ]
SQL: SELECT * FROM ejd_auth_access a INNER JOIN ejd_auth_rule as b on a.rule_name =b.name  WHERE a.role_id IN ('4','6','8') AND b.name IN ('admin/recycle/default')  [ RunTime:0.0001s ]
SQL: SELECT * FROM `ejd_menu` WHERE `parentid` = 18 AND `status` = 1 ORDER BY `listorder` ASC  [ RunTime:0.0001s ]
SQL: SELECT * FROM `ejd_menu` WHERE `parentid` = 7 AND `status` = 1 ORDER BY `listorder` ASC  [ RunTime:0.0000s ]
SQL: SELECT * FROM `ejd_menu` WHERE `parentid` = 53 AND `status` = 1 ORDER BY `listorder` ASC  [ RunTime:0.0000s ]
SQL: SELECT `role_id` FROM ejd_role_user a INNER JOIN ejd_role as b on a.role_id =b.id  WHERE `user_id` = '4' AND `status` = 1  [ RunTime:0.0001s ]
SQL: SELECT * FROM ejd_auth_access a INNER JOIN ejd_auth_rule as b on a.rule_name =b.name  WHERE a.role_id IN ('4','6','8') AND b.name IN ('admin/slide/index')  [ RunTime:0.0001s ]
SQL: SELECT `role_id` FROM ejd_role_user a INNER JOIN ejd_role as b on a.role_id =b.id  WHERE `user_id` = '4' AND `status` = 1  [ RunTime:0.0000s ]
SQL: SELECT * FROM ejd_auth_access a INNER JOIN ejd_auth_rule as b on a.rule_name =b.name  WHERE a.role_id IN ('4','6','8') AND b.name IN ('admin/slidecat/index')  [ RunTime:0.0000s ]
SQL: SELECT * FROM `ejd_menu` WHERE `parentid` = 54 AND `status` = 1 ORDER BY `listorder` ASC  [ RunTime:0.0000s ]
SQL: SELECT * FROM `ejd_menu` WHERE `parentid` = 62 AND `status` = 1 ORDER BY `listorder` ASC  [ RunTime:0.0000s ]
SQL: SELECT * FROM `ejd_menu` WHERE `parentid` = 86 AND `status` = 1 ORDER BY `listorder` ASC  [ RunTime:0.0001s ]
SQL: SELECT `role_id` FROM ejd_role_user a INNER JOIN ejd_role as b on a.role_id =b.id  WHERE `user_id` = '4' AND `status` = 1  [ RunTime:0.0000s ]
SQL: SELECT * FROM ejd_auth_access a INNER JOIN ejd_auth_rule as b on a.rule_name =b.name  WHERE a.role_id IN ('4','6','8') AND b.name IN ('admin/nav/index')  [ RunTime:0.0001s ]
SQL: SELECT `role_id` FROM ejd_role_user a INNER JOIN ejd_role as b on a.role_id =b.id  WHERE `user_id` = '4' AND `status` = 1  [ RunTime:0.0000s ]
SQL: SELECT * FROM ejd_auth_access a INNER JOIN ejd_auth_rule as b on a.rule_name =b.name  WHERE a.role_id IN ('4','6','8') AND b.name IN ('admin/navcat/index')  [ RunTime:0.0001s ]
SQL: SELECT * FROM `ejd_menu` WHERE `parentid` = 87 AND `status` = 1 ORDER BY `listorder` ASC  [ RunTime:0.0001s ]
SQL: SELECT * FROM `ejd_menu` WHERE `parentid` = 94 AND `status` = 1 ORDER BY `listorder` ASC  [ RunTime:0.0000s ]
SQL: SELECT * FROM `ejd_menu` WHERE `parentid` = 25 AND `status` = 1 ORDER BY `listorder` ASC  [ RunTime:0.0001s ]
SQL: SELECT * FROM `ejd_menu` WHERE `parentid` = 75 AND `status` = 1 ORDER BY `listorder` ASC  [ RunTime:0.0000s ]
SQL: SELECT * FROM `ejd_menu` WHERE `parentid` = 2 AND `status` = 1 ORDER BY `listorder` ASC  [ RunTime:0.0000s ]
SQL: SELECT * FROM `ejd_menu` WHERE `parentid` = 4 AND `status` = 1 ORDER BY `listorder` ASC  [ RunTime:0.0001s ]
SQL: SELECT * FROM `ejd_menu` WHERE `parentid` = 68 AND `status` = 1 ORDER BY `listorder` ASC  [ RunTime:0.0001s ]
SQL: SELECT * FROM `ejd_menu` WHERE `parentid` = 32 AND `status` = 1 ORDER BY `listorder` ASC  [ RunTime:0.0001s ]
SQL: SELECT `role_id` FROM ejd_role_user a INNER JOIN ejd_role as b on a.role_id =b.id  WHERE `user_id` = '4' AND `status` = 1  [ RunTime:0.0000s ]
SQL: SELECT * FROM ejd_auth_access a INNER JOIN ejd_auth_rule as b on a.rule_name =b.name  WHERE a.role_id IN ('4','6','8') AND b.name IN ('portal/adminpost/recyclebin')  [ RunTime:0.0000s ]
SQL: SELECT `role_id` FROM ejd_role_user a INNER JOIN ejd_role as b on a.role_id =b.id  WHERE `user_id` = '4' AND `status` = 1  [ RunTime:0.0000s ]
SQL: SELECT * FROM ejd_auth_access a INNER JOIN ejd_auth_rule as b on a.rule_name =b.name  WHERE a.role_id IN ('4','6','8') AND b.name IN ('portal/adminpage/recyclebin')  [ RunTime:0.0001s ]
SQL: SELECT * FROM `ejd_menu` WHERE `parentid` = 33 AND `status` = 1 ORDER BY `listorder` ASC  [ RunTime:0.0000s ]
SQL: SELECT * FROM `ejd_menu` WHERE `parentid` = 36 AND `status` = 1 ORDER BY `listorder` ASC  [ RunTime:0.0000s ]
SQL: SELECT * FROM `ejd_menu` WHERE `parentid` = 172 AND `status` = 1 ORDER BY `listorder` ASC  [ RunTime:0.0001s ]
SQL: SELECT `role_id` FROM ejd_role_user a INNER JOIN ejd_role as b on a.role_id =b.id  WHERE `user_id` = '4' AND `status` = 1  [ RunTime:0.0001s ]
SQL: SELECT * FROM ejd_auth_access a INNER JOIN ejd_auth_rule as b on a.rule_name =b.name  WHERE a.role_id IN ('4','6','8') AND b.name IN ('admin/wechat/index')  [ RunTime:0.0001s ]
SQL: SELECT `role_id` FROM ejd_role_user a INNER JOIN ejd_role as b on a.role_id =b.id  WHERE `user_id` = '4' AND `status` = 1  [ RunTime:0.0000s ]
SQL: SELECT * FROM ejd_auth_access a INNER JOIN ejd_auth_rule as b on a.rule_name =b.name  WHERE a.role_id IN ('4','6','8') AND b.name IN ('admin/wechat/wx_message')  [ RunTime:0.0001s ]
SQL: SELECT `role_id` FROM ejd_role_user a INNER JOIN ejd_role as b on a.role_id =b.id  WHERE `user_id` = '4' AND `status` = 1  [ RunTime:0.0000s ]
SQL: SELECT * FROM ejd_auth_access a INNER JOIN ejd_auth_rule as b on a.rule_name =b.name  WHERE a.role_id IN ('4','6','8') AND b.name IN ('admin/shake/shake_list')  [ RunTime:0.0000s ]
SQL: SELECT `role_id` FROM ejd_role_user a INNER JOIN ejd_role as b on a.role_id =b.id  WHERE `user_id` = '4' AND `status` = 1  [ RunTime:0.0001s ]
SQL: SELECT * FROM ejd_auth_access a INNER JOIN ejd_auth_rule as b on a.rule_name =b.name  WHERE a.role_id IN ('4','6','8') AND b.name IN ('admin/shake/shake_prize')  [ RunTime:0.0001s ]
SQL: SELECT `role_id` FROM ejd_role_user a INNER JOIN ejd_role as b on a.role_id =b.id  WHERE `user_id` = '4' AND `status` = 1  [ RunTime:0.0000s ]
SQL: SELECT * FROM ejd_auth_access a INNER JOIN ejd_auth_rule as b on a.rule_name =b.name  WHERE a.role_id IN ('4','6','8') AND b.name IN ('admin/wxcontent/index')  [ RunTime:0.0001s ]
SQL: SELECT * FROM `ejd_menu` WHERE `parentid` = 173 AND `status` = 1 ORDER BY `listorder` ASC  [ RunTime:0.0000s ]
SQL: SELECT * FROM `ejd_menu` WHERE `parentid` = 246 AND `status` = 1 ORDER BY `listorder` ASC  [ RunTime:0.0001s ]
SQL: SELECT * FROM `ejd_menu` WHERE `parentid` = 249 AND `status` = 1 ORDER BY `listorder` ASC  [ RunTime:0.0001s ]
SQL: SELECT * FROM `ejd_menu` WHERE `parentid` = 250 AND `status` = 1 ORDER BY `listorder` ASC  [ RunTime:0.0000s ]
SQL: SELECT * FROM `ejd_menu` WHERE `parentid` = 251 AND `status` = 1 ORDER BY `listorder` ASC  [ RunTime:0.0000s ]
SQL: SELECT `role_id` FROM ejd_role_user a INNER JOIN ejd_role as b on a.role_id =b.id  WHERE `user_id` = '4' AND `status` = 1  [ RunTime:0.0001s ]
SQL: SELECT * FROM ejd_auth_access a INNER JOIN ejd_auth_rule as b on a.rule_name =b.name  WHERE a.role_id IN ('4','6','8') AND b.name IN ('portal/adminterm/index')  [ RunTime:0.0001s ]
SQL: SELECT `role_id` FROM ejd_role_user a INNER JOIN ejd_role as b on a.role_id =b.id  WHERE `user_id` = '4' AND `status` = 1  [ RunTime:0.0001s ]
SQL: SELECT * FROM ejd_auth_access a INNER JOIN ejd_auth_rule as b on a.rule_name =b.name  WHERE a.role_id IN ('4','6','8') AND b.name IN ('portal/adminpost/index')  [ RunTime:0.0001s ]
SQL: SELECT `role_id` FROM ejd_role_user a INNER JOIN ejd_role as b on a.role_id =b.id  WHERE `user_id` = '4' AND `status` = 1  [ RunTime:0.0000s ]
SQL: SELECT * FROM ejd_auth_access a INNER JOIN ejd_auth_rule as b on a.rule_name =b.name  WHERE a.role_id IN ('4','6','8') AND b.name IN ('admin/setting/clearcache')  [ RunTime:0.0000s ]
SQL: SELECT `role_id` FROM ejd_role_user a INNER JOIN ejd_role as b on a.role_id =b.id  WHERE `user_id` = '4' AND `status` = 1  [ RunTime:0.0000s ]
SQL: SELECT * FROM ejd_auth_access a INNER JOIN ejd_auth_rule as b on a.rule_name =b.name  WHERE a.role_id IN ('4','6','8') AND b.name IN ('admin/setting/site')  [ RunTime:0.0001s ]
SQL: SELECT `role_id` FROM ejd_role_user a INNER JOIN ejd_role as b on a.role_id =b.id  WHERE `user_id` = '4' AND `status` = 1  [ RunTime:0.0001s ]
SQL: SELECT * FROM ejd_auth_access a INNER JOIN ejd_auth_rule as b on a.rule_name =b.name  WHERE a.role_id IN ('4','6','8') AND b.name IN ('admin/user/userinfo')  [ RunTime:0.0001s ]

[ 2020-11-16T11:26:38+08:00 ] 222.222.158.49 /admin/main/index
SQL: SELECT * FROM `ejd_users` WHERE ( id=4 ) LIMIT 1   [ RunTime:0.0001s ]
SQL: select VERSION() as version [ RunTime:0.0170s ]
SQL: SELECT COUNT(*) AS tp_count FROM `ejd_order` WHERE ( status <3 and status > 0 and amount > 1 ) LIMIT 1   [ RunTime:0.0001s ]
SQL: SELECT COUNT(*) AS tp_count FROM `ejd_order_cy` WHERE ( status <3 and status > 0 ) LIMIT 1   [ RunTime:0.0001s ]
SQL: SELECT COUNT(*) AS tp_count FROM `ejd_order_yh` WHERE ( isdel = 0 ) LIMIT 1   [ RunTime:0.0001s ]
SQL: SELECT * FROM `ejd_fans` WHERE ( subscribe = 1 ) ORDER BY created desc LIMIT 5   [ RunTime:0.0001s ]

[ 2020-11-16T11:26:39+08:00 ] 222.222.158.49 /admin/themes/simplebootx/Public/assets/fonts/fonts/fontawesome-webfont-v=4.0.3.woff
ERR: 无法加载控制器:Themes

[ 2020-11-16T11:26:39+08:00 ] 222.222.158.49 /admin/main/orderprompt
SQL: SELECT * FROM `ejd_users` WHERE ( id=4 ) LIMIT 1   [ RunTime:0.0001s ]
SQL: SELECT `role_id` FROM ejd_role_user a INNER JOIN ejd_role as b on a.role_id =b.id  WHERE `user_id` = '4' AND `status` = 1  [ RunTime:0.0001s ]
SQL: SELECT * FROM ejd_auth_access a INNER JOIN ejd_auth_rule as b on a.rule_name =b.name  WHERE a.role_id IN ('4','6','8') AND b.name IN ('admin/main/orderprompt')  [ RunTime:0.0001s ]

[ 2020-11-16T11:26:42+08:00 ] 222.222.158.49 /admin/hotel/fxindex/menuid/167
SQL: SELECT * FROM `ejd_users` WHERE ( id=4 ) LIMIT 1   [ RunTime:0.0001s ]
SQL: SELECT `role_id` FROM ejd_role_user a INNER JOIN ejd_role as b on a.role_id =b.id  WHERE `user_id` = '4' AND `status` = 1  [ RunTime:0.0001s ]
SQL: SELECT * FROM ejd_auth_access a INNER JOIN ejd_auth_rule as b on a.rule_name =b.name  WHERE a.role_id IN ('4','6','8') AND b.name IN ('admin/hotel/fxindex')  [ RunTime:0.0001s ]
SQL: SELECT COUNT(*) AS tp_count FROM `ejd_room` WHERE ( iroom_status = 1 ) LIMIT 1   [ RunTime:0.0001s ]
SQL: SELECT `id`,`room_name`,`sort_index` FROM `ejd_room` WHERE ( iroom_status = 1 ) ORDER BY sort_index DESC LIMIT 0,10   [ RunTime:0.0001s ]

[ 2020-11-16T11:26:44+08:00 ] 222.222.158.49 /admin/hotel/fjindex
SQL: SELECT * FROM `ejd_users` WHERE ( id=4 ) LIMIT 1   [ RunTime:0.0001s ]
SQL: SELECT `role_id` FROM ejd_role_user a INNER JOIN ejd_role as b on a.role_id =b.id  WHERE `user_id` = '4' AND `status` = 1  [ RunTime:0.0001s ]
SQL: SELECT * FROM ejd_auth_access a INNER JOIN ejd_auth_rule as b on a.rule_name =b.name  WHERE a.role_id IN ('4','6','8') AND b.name IN ('admin/hotel/fjindex')  [ RunTime:0.0001s ]
SQL: SELECT `room_name`,`id` FROM `ejd_room` WHERE ( iroom_status = 1 )  [ RunTime:0.0001s ]
SQL: SELECT ejd_room.room_name,ejd_room.id,ejd_room.clevel_price0,ejd_room.total_number FROM `ejd_room` WHERE ( ejd_room.iroom_status = 1 )  [ RunTime:0.0001s ]
SQL: SELECT * FROM `ejd_room_price` WHERE ( type=1 and ctime >= '' )  [ RunTime:0.0066s ]
SQL: SELECT * FROM `ejd_room_price` WHERE ( type=2 and ctime >= '' )  [ RunTime:0.0030s ]
SQL: SELECT `roomid`,`begtime`,`endtime`,`room_number`,`status` FROM `ejd_order` WHERE ( status > 0 )  [ RunTime:0.0003s ]

[ 2020-11-16T11:26:46+08:00 ] 222.222.158.49 /admin/hotel/fjedit
SQL: SELECT * FROM `ejd_users` WHERE ( id=4 ) LIMIT 1   [ RunTime:0.0001s ]
SQL: SELECT `role_id` FROM ejd_role_user a INNER JOIN ejd_role as b on a.role_id =b.id  WHERE `user_id` = '4' AND `status` = 1  [ RunTime:0.0001s ]
SQL: SELECT * FROM ejd_auth_access a INNER JOIN ejd_auth_rule as b on a.rule_name =b.name  WHERE a.role_id IN ('4','6','8') AND b.name IN ('admin/hotel/fjedit')  [ RunTime:0.0001s ]
SQL: SELECT `room_name`,`id`,`clevel_price0`,`total_number` FROM `ejd_room` WHERE ( iroom_status = 1 )  [ RunTime:0.0001s ]

[ 2020-11-16T11:26:55+08:00 ] 222.222.158.49 /admin/hotel/fjedit_post
SQL: SELECT * FROM `ejd_users` WHERE ( id=4 ) LIMIT 1   [ RunTime:0.0001s ]
SQL: SELECT `role_id` FROM ejd_role_user a INNER JOIN ejd_role as b on a.role_id =b.id  WHERE `user_id` = '4' AND `status` = 1  [ RunTime:0.0001s ]
SQL: SELECT * FROM ejd_auth_access a INNER JOIN ejd_auth_rule as b on a.rule_name =b.name  WHERE a.role_id IN ('4','6','8') AND b.name IN ('admin/hotel/fjedit_post')  [ RunTime:0.0001s ]
SQL: INSERT INTO `ejd_room_role` (`priceroomid`,`type`,`startTime`,`endTime`,`pweek`,`price`,`vipprice`,`created`,`creatuid`) VALUES ('1','1','1605628800','1605628800','{\"1\":\"1\",\"2\":\"2\",\"3\":\"3\",\"4\":\"4\",\"5\":\"5\",\"6\":\"6\",\"7\":\"0\"}',NULL,'849','1605497215','4') [ RunTime:0.0197s ]
SQL: SELECT * FROM `ejd_room_role` WHERE ( id='1922' ) LIMIT 1   [ RunTime:0.0003s ]
SQL: SELECT * FROM `ejd_room_price` WHERE `hotel_id` = 1 AND `type` = 1  [ RunTime:0.0044s ]
SQL: UPDATE `ejd_room_price` SET `price`='849' WHERE `hotel_id` = 1 AND `ctime` = 1605628800 AND `type` = 1 [ RunTime:0.0074s ]

[ 2020-11-16T11:26:55+08:00 ] 222.222.158.49 /admin/hotel/fjindex
SQL: SELECT * FROM `ejd_users` WHERE ( id=4 ) LIMIT 1   [ RunTime:0.0001s ]
SQL: SELECT `role_id` FROM ejd_role_user a INNER JOIN ejd_role as b on a.role_id =b.id  WHERE `user_id` = '4' AND `status` = 1  [ RunTime:0.0001s ]
SQL: SELECT * FROM ejd_auth_access a INNER JOIN ejd_auth_rule as b on a.rule_name =b.name  WHERE a.role_id IN ('4','6','8') AND b.name IN ('admin/hotel/fjindex')  [ RunTime:0.0001s ]
SQL: SELECT `room_name`,`id` FROM `ejd_room` WHERE ( iroom_status = 1 )  [ RunTime:0.0001s ]
SQL: SELECT ejd_room.room_name,ejd_room.id,ejd_room.clevel_price0,ejd_room.total_number FROM `ejd_room` WHERE ( ejd_room.iroom_status = 1 )  [ RunTime:0.0001s ]
SQL: SELECT * FROM `ejd_room_price` WHERE ( type=1 and ctime >= '' )  [ RunTime:0.0124s ]
SQL: SELECT * FROM `ejd_room_price` WHERE ( type=2 and ctime >= '' )  [ RunTime:0.0072s ]
SQL: SELECT `roomid`,`begtime`,`endtime`,`room_number`,`status` FROM `ejd_order` WHERE ( status > 0 )  [ RunTime:0.0084s ]

[ 2020-11-16T11:26:56+08:00 ] 222.222.158.49 /admin/hotel/fjedit
SQL: SELECT * FROM `ejd_users` WHERE ( id=4 ) LIMIT 1   [ RunTime:0.0001s ]
SQL: SELECT `role_id` FROM ejd_role_user a INNER JOIN ejd_role as b on a.role_id =b.id  WHERE `user_id` = '4' AND `status` = 1  [ RunTime:0.0001s ]
SQL: SELECT * FROM ejd_auth_access a INNER JOIN ejd_auth_rule as b on a.rule_name =b.name  WHERE a.role_id IN ('4','6','8') AND b.name IN ('admin/hotel/fjedit')  [ RunTime:0.0001s ]
SQL: SELECT `room_name`,`id`,`clevel_price0`,`total_number` FROM `ejd_room` WHERE ( iroom_status = 1 )  [ RunTime:0.0001s ]

[ 2020-11-16T11:27:07+08:00 ] 222.222.158.49 /admin/hotel/fjedit_post
SQL: SELECT * FROM `ejd_users` WHERE ( id=4 ) LIMIT 1   [ RunTime:0.0001s ]
SQL: SELECT `role_id` FROM ejd_role_user a INNER JOIN ejd_role as b on a.role_id =b.id  WHERE `user_id` = '4' AND `status` = 1  [ RunTime:0.0001s ]
SQL: SELECT * FROM ejd_auth_access a INNER JOIN ejd_auth_rule as b on a.rule_name =b.name  WHERE a.role_id IN ('4','6','8') AND b.name IN ('admin/hotel/fjedit_post')  [ RunTime:0.0001s ]
SQL: INSERT INTO `ejd_room_role` (`priceroomid`,`type`,`startTime`,`endTime`,`pweek`,`price`,`vipprice`,`created`,`creatuid`) VALUES ('4','1','1605628800','1605628800','{\"1\":\"1\",\"2\":\"2\",\"3\":\"3\",\"4\":\"4\",\"5\":\"5\",\"6\":\"6\",\"7\":\"0\"}',NULL,'549','1605497227','4') [ RunTime:0.0036s ]
SQL: SELECT * FROM `ejd_room_role` WHERE ( id='1923' ) LIMIT 1   [ RunTime:0.0055s ]
SQL: SELECT * FROM `ejd_room_price` WHERE `hotel_id` = 4 AND `type` = 1  [ RunTime:0.0047s ]
SQL: UPDATE `ejd_room_price` SET `price`='549' WHERE `hotel_id` = 4 AND `ctime` = 1605628800 AND `type` = 1 [ RunTime:0.0065s ]

[ 2020-11-16T11:27:07+08:00 ] 222.222.158.49 /admin/hotel/fjindex
SQL: SELECT * FROM `ejd_users` WHERE ( id=4 ) LIMIT 1   [ RunTime:0.0001s ]
SQL: SELECT `role_id` FROM ejd_role_user a INNER JOIN ejd_role as b on a.role_id =b.id  WHERE `user_id` = '4' AND `status` = 1  [ RunTime:0.0001s ]
SQL: SELECT * FROM ejd_auth_access a INNER JOIN ejd_auth_rule as b on a.rule_name =b.name  WHERE a.role_id IN ('4','6','8') AND b.name IN ('admin/hotel/fjindex')  [ RunTime:0.0001s ]
SQL: SELECT `room_name`,`id` FROM `ejd_room` WHERE ( iroom_status = 1 )  [ RunTime:0.0001s ]
SQL: SELECT ejd_room.room_name,ejd_room.id,ejd_room.clevel_price0,ejd_room.total_number FROM `ejd_room` WHERE ( ejd_room.iroom_status = 1 )  [ RunTime:0.0001s ]
SQL: SELECT * FROM `ejd_room_price` WHERE ( type=1 and ctime >= '' )  [ RunTime:0.0125s ]
SQL: SELECT * FROM `ejd_room_price` WHERE ( type=2 and ctime >= '' )  [ RunTime:0.0175s ]
SQL: SELECT `roomid`,`begtime`,`endtime`,`room_number`,`status` FROM `ejd_order` WHERE ( status > 0 )  [ RunTime:0.0003s ]

[ 2020-11-16T11:27:08+08:00 ] 222.222.158.49 /admin/hotel/fjedit
SQL: SELECT * FROM `ejd_users` WHERE ( id=4 ) LIMIT 1   [ RunTime:0.0001s ]
SQL: SELECT `role_id` FROM ejd_role_user a INNER JOIN ejd_role as b on a.role_id =b.id  WHERE `user_id` = '4' AND `status` = 1  [ RunTime:0.0001s ]
SQL: SELECT * FROM ejd_auth_access a INNER JOIN ejd_auth_rule as b on a.rule_name =b.name  WHERE a.role_id IN ('4','6','8') AND b.name IN ('admin/hotel/fjedit')  [ RunTime:0.0001s ]
SQL: SELECT `room_name`,`id`,`clevel_price0`,`total_number` FROM `ejd_room` WHERE ( iroom_status = 1 )  [ RunTime:0.0001s ]

[ 2020-11-16T11:27:18+08:00 ] 222.222.158.49 /admin/hotel/fjedit_post
SQL: SELECT * FROM `ejd_users` WHERE ( id=4 ) LIMIT 1   [ RunTime:0.0001s ]
SQL: SELECT `role_id` FROM ejd_role_user a INNER JOIN ejd_role as b on a.role_id =b.id  WHERE `user_id` = '4' AND `status` = 1  [ RunTime:0.0001s ]
SQL: SELECT * FROM ejd_auth_access a INNER JOIN ejd_auth_rule as b on a.rule_name =b.name  WHERE a.role_id IN ('4','6','8') AND b.name IN ('admin/hotel/fjedit_post')  [ RunTime:0.0001s ]
SQL: INSERT INTO `ejd_room_role` (`priceroomid`,`type`,`startTime`,`endTime`,`pweek`,`price`,`vipprice`,`created`,`creatuid`) VALUES ('5','1','1605628800','1605628800','{\"1\":\"1\",\"2\":\"2\",\"3\":\"3\",\"4\":\"4\",\"5\":\"5\",\"6\":\"6\",\"7\":\"0\"}',NULL,'609','1605497238','4') [ RunTime:0.0012s ]
SQL: SELECT * FROM `ejd_room_role` WHERE ( id='1924' ) LIMIT 1   [ RunTime:0.0003s ]
SQL: SELECT * FROM `ejd_room_price` WHERE `hotel_id` = 5 AND `type` = 1  [ RunTime:0.0038s ]
SQL: UPDATE `ejd_room_price` SET `price`='609' WHERE `hotel_id` = 5 AND `ctime` = 1605628800 AND `type` = 1 [ RunTime:0.0059s ]

[ 2020-11-16T11:27:18+08:00 ] 222.222.158.49 /admin/hotel/fjindex
SQL: SELECT * FROM `ejd_users` WHERE ( id=4 ) LIMIT 1   [ RunTime:0.0001s ]
SQL: SELECT `role_id` FROM ejd_role_user a INNER JOIN ejd_role as b on a.role_id =b.id  WHERE `user_id` = '4' AND `status` = 1  [ RunTime:0.0001s ]
SQL: SELECT * FROM ejd_auth_access a INNER JOIN ejd_auth_rule as b on a.rule_name =b.name  WHERE a.role_id IN ('4','6','8') AND b.name IN ('admin/hotel/fjindex')  [ RunTime:0.0001s ]
SQL: SELECT `room_name`,`id` FROM `ejd_room` WHERE ( iroom_status = 1 )  [ RunTime:0.0001s ]
SQL: SELECT ejd_room.room_name,ejd_room.id,ejd_room.clevel_price0,ejd_room.total_number FROM `ejd_room` WHERE ( ejd_room.iroom_status = 1 )  [ RunTime:0.0001s ]
SQL: SELECT * FROM `ejd_room_price` WHERE ( type=1 and ctime >= '' )  [ RunTime:0.0129s ]
SQL: SELECT * FROM `ejd_room_price` WHERE ( type=2 and ctime >= '' )  [ RunTime:0.0179s ]
SQL: SELECT `roomid`,`begtime`,`endtime`,`room_number`,`status` FROM `ejd_order` WHERE ( status > 0 )  [ RunTime:0.0095s ]

[ 2020-11-16T11:27:20+08:00 ] 222.222.158.49 /admin/hotel/fjedit
SQL: SELECT * FROM `ejd_users` WHERE ( id=4 ) LIMIT 1   [ RunTime:0.0001s ]
SQL: SELECT `role_id` FROM ejd_role_user a INNER JOIN ejd_role as b on a.role_id =b.id  WHERE `user_id` = '4' AND `status` = 1  [ RunTime:0.0001s ]
SQL: SELECT * FROM ejd_auth_access a INNER JOIN ejd_auth_rule as b on a.rule_name =b.name  WHERE a.role_id IN ('4','6','8') AND b.name IN ('admin/hotel/fjedit')  [ RunTime:0.0001s ]
SQL: SELECT `room_name`,`id`,`clevel_price0`,`total_number` FROM `ejd_room` WHERE ( iroom_status = 1 )  [ RunTime:0.0001s ]

[ 2020-11-16T11:27:31+08:00 ] 222.222.158.49 /admin/hotel/fjedit_post
SQL: SELECT * FROM `ejd_users` WHERE ( id=4 ) LIMIT 1   [ RunTime:0.0001s ]
SQL: SELECT `role_id` FROM ejd_role_user a INNER JOIN ejd_role as b on a.role_id =b.id  WHERE `user_id` = '4' AND `status` = 1  [ RunTime:0.0001s ]
SQL: SELECT * FROM ejd_auth_access a INNER JOIN ejd_auth_rule as b on a.rule_name =b.name  WHERE a.role_id IN ('4','6','8') AND b.name IN ('admin/hotel/fjedit_post')  [ RunTime:0.0001s ]
SQL: INSERT INTO `ejd_room_role` (`priceroomid`,`type`,`startTime`,`endTime`,`pweek`,`price`,`vipprice`,`created`,`creatuid`) VALUES ('6','1','1605628800','1605628800','{\"1\":\"1\",\"2\":\"2\",\"3\":\"3\",\"4\":\"4\",\"5\":\"5\",\"6\":\"6\",\"7\":\"0\"}',NULL,'1049','1605497251','4') [ RunTime:0.0052s ]
SQL: SELECT * FROM `ejd_room_role` WHERE ( id='1925' ) LIMIT 1   [ RunTime:0.0003s ]
SQL: SELECT * FROM `ejd_room_price` WHERE `hotel_id` = 6 AND `type` = 1  [ RunTime:0.0037s ]
SQL: UPDATE `ejd_room_price` SET `price`='1049' WHERE `hotel_id` = 6 AND `ctime` = 1605628800 AND `type` = 1 [ RunTime:0.0095s ]

[ 2020-11-16T11:27:31+08:00 ] 222.222.158.49 /admin/hotel/fjindex
SQL: SELECT * FROM `ejd_users` WHERE ( id=4 ) LIMIT 1   [ RunTime:0.0001s ]
SQL: SELECT `role_id` FROM ejd_role_user a INNER JOIN ejd_role as b on a.role_id =b.id  WHERE `user_id` = '4' AND `status` = 1  [ RunTime:0.0001s ]
SQL: SELECT * FROM ejd_auth_access a INNER JOIN ejd_auth_rule as b on a.rule_name =b.name  WHERE a.role_id IN ('4','6','8') AND b.name IN ('admin/hotel/fjindex')  [ RunTime:0.0001s ]
SQL: SELECT `room_name`,`id` FROM `ejd_room` WHERE ( iroom_status = 1 )  [ RunTime:0.0001s ]
SQL: SELECT ejd_room.room_name,ejd_room.id,ejd_room.clevel_price0,ejd_room.total_number FROM `ejd_room` WHERE ( ejd_room.iroom_status = 1 )  [ RunTime:0.0001s ]
SQL: SELECT * FROM `ejd_room_price` WHERE ( type=1 and ctime >= '' )  [ RunTime:0.0128s ]
SQL: SELECT * FROM `ejd_room_price` WHERE ( type=2 and ctime >= '' )  [ RunTime:0.0077s ]
SQL: SELECT `roomid`,`begtime`,`endtime`,`room_number`,`status` FROM `ejd_order` WHERE ( status > 0 )  [ RunTime:0.0002s ]

[ 2020-11-16T11:27:35+08:00 ] 222.222.158.49 /admin/hotel/fjedit
SQL: SELECT * FROM `ejd_users` WHERE ( id=4 ) LIMIT 1   [ RunTime:0.0001s ]
SQL: SELECT `role_id` FROM ejd_role_user a INNER JOIN ejd_role as b on a.role_id =b.id  WHERE `user_id` = '4' AND `status` = 1  [ RunTime:0.0001s ]
SQL: SELECT * FROM ejd_auth_access a INNER JOIN ejd_auth_rule as b on a.rule_name =b.name  WHERE a.role_id IN ('4','6','8') AND b.name IN ('admin/hotel/fjedit')  [ RunTime:0.0001s ]
SQL: SELECT `room_name`,`id`,`clevel_price0`,`total_number` FROM `ejd_room` WHERE ( iroom_status = 1 )  [ RunTime:0.0001s ]

[ 2020-11-16T11:27:51+08:00 ] 222.222.158.49 /admin/hotel/fjedit_post
SQL: SELECT * FROM `ejd_users` WHERE ( id=4 ) LIMIT 1   [ RunTime:0.0001s ]
SQL: SELECT `role_id` FROM ejd_role_user a INNER JOIN ejd_role as b on a.role_id =b.id  WHERE `user_id` = '4' AND `status` = 1  [ RunTime:0.0001s ]
SQL: SELECT * FROM ejd_auth_access a INNER JOIN ejd_auth_rule as b on a.rule_name =b.name  WHERE a.role_id IN ('4','6','8') AND b.name IN ('admin/hotel/fjedit_post')  [ RunTime:0.0001s ]
SQL: INSERT INTO `ejd_room_role` (`priceroomid`,`type`,`startTime`,`endTime`,`pweek`,`price`,`vipprice`,`created`,`creatuid`) VALUES ('7','1','1605628800','1605628800','{\"1\":\"1\",\"2\":\"2\",\"3\":\"3\",\"4\":\"4\",\"5\":\"5\",\"6\":\"6\",\"7\":\"0\"}',NULL,'1649','1605497271','4') [ RunTime:0.0004s ]
SQL: SELECT * FROM `ejd_room_role` WHERE ( id='1926' ) LIMIT 1   [ RunTime:0.0003s ]
SQL: SELECT * FROM `ejd_room_price` WHERE `hotel_id` = 7 AND `type` = 1  [ RunTime:0.0039s ]
SQL: UPDATE `ejd_room_price` SET `price`='1649' WHERE `hotel_id` = 7 AND `ctime` = 1605628800 AND `type` = 1 [ RunTime:0.0059s ]

[ 2020-11-16T11:27:51+08:00 ] 222.222.158.49 /admin/hotel/fjindex
SQL: SELECT * FROM `ejd_users` WHERE ( id=4 ) LIMIT 1   [ RunTime:0.0001s ]
SQL: SELECT `role_id` FROM ejd_role_user a INNER JOIN ejd_role as b on a.role_id =b.id  WHERE `user_id` = '4' AND `status` = 1  [ RunTime:0.0001s ]
SQL: SELECT * FROM ejd_auth_access a INNER JOIN ejd_auth_rule as b on a.rule_name =b.name  WHERE a.role_id IN ('4','6','8') AND b.name IN ('admin/hotel/fjindex')  [ RunTime:0.0001s ]
SQL: SELECT `room_name`,`id` FROM `ejd_room` WHERE ( iroom_status = 1 )  [ RunTime:0.0001s ]
SQL: SELECT ejd_room.room_name,ejd_room.id,ejd_room.clevel_price0,ejd_room.total_number FROM `ejd_room` WHERE ( ejd_room.iroom_status = 1 )  [ RunTime:0.0001s ]
SQL: SELECT * FROM `ejd_room_price` WHERE ( type=1 and ctime >= '' )  [ RunTime:0.0134s ]
SQL: SELECT * FROM `ejd_room_price` WHERE ( type=2 and ctime >= '' )  [ RunTime:0.0179s ]
SQL: SELECT `roomid`,`begtime`,`endtime`,`room_number`,`status` FROM `ejd_order` WHERE ( status > 0 )  [ RunTime:0.0003s ]

[ 2020-11-16T11:27:59+08:00 ] 222.222.158.49 /admin/hotel/fjedit
SQL: SELECT * FROM `ejd_users` WHERE ( id=4 ) LIMIT 1   [ RunTime:0.0001s ]
SQL: SELECT `role_id` FROM ejd_role_user a INNER JOIN ejd_role as b on a.role_id =b.id  WHERE `user_id` = '4' AND `status` = 1  [ RunTime:0.0001s ]
SQL: SELECT * FROM ejd_auth_access a INNER JOIN ejd_auth_rule as b on a.rule_name =b.name  WHERE a.role_id IN ('4','6','8') AND b.name IN ('admin/hotel/fjedit')  [ RunTime:0.0001s ]
SQL: SELECT `room_name`,`id`,`clevel_price0`,`total_number` FROM `ejd_room` WHERE ( iroom_status = 1 )  [ RunTime:0.0001s ]

[ 2020-11-16T11:28:09+08:00 ] 222.222.158.49 /admin/hotel/fjedit_post
SQL: SELECT * FROM `ejd_users` WHERE ( id=4 ) LIMIT 1   [ RunTime:0.0001s ]
SQL: SELECT `role_id` FROM ejd_role_user a INNER JOIN ejd_role as b on a.role_id =b.id  WHERE `user_id` = '4' AND `status` = 1  [ RunTime:0.0001s ]
SQL: SELECT * FROM ejd_auth_access a INNER JOIN ejd_auth_rule as b on a.rule_name =b.name  WHERE a.role_id IN ('4','6','8') AND b.name IN ('admin/hotel/fjedit_post')  [ RunTime:0.0001s ]
SQL: INSERT INTO `ejd_room_role` (`priceroomid`,`type`,`startTime`,`endTime`,`pweek`,`price`,`vipprice`,`created`,`creatuid`) VALUES ('8','1','1605628800','1605628800','{\"1\":\"1\",\"2\":\"2\",\"3\":\"3\",\"4\":\"4\",\"5\":\"5\",\"6\":\"6\",\"7\":\"0\"}',NULL,'1649','1605497289','4') [ RunTime:0.0041s ]
SQL: SELECT * FROM `ejd_room_role` WHERE ( id='1927' ) LIMIT 1   [ RunTime:0.0003s ]
SQL: SELECT * FROM `ejd_room_price` WHERE `hotel_id` = 8 AND `type` = 1  [ RunTime:0.0042s ]
SQL: UPDATE `ejd_room_price` SET `price`='1649' WHERE `hotel_id` = 8 AND `ctime` = 1605628800 AND `type` = 1 [ RunTime:0.0064s ]

[ 2020-11-16T11:28:10+08:00 ] 222.222.158.49 /admin/hotel/fjindex
SQL: SELECT * FROM `ejd_users` WHERE ( id=4 ) LIMIT 1   [ RunTime:0.0001s ]
SQL: SELECT `role_id` FROM ejd_role_user a INNER JOIN ejd_role as b on a.role_id =b.id  WHERE `user_id` = '4' AND `status` = 1  [ RunTime:0.0001s ]
SQL: SELECT * FROM ejd_auth_access a INNER JOIN ejd_auth_rule as b on a.rule_name =b.name  WHERE a.role_id IN ('4','6','8') AND b.name IN ('admin/hotel/fjindex')  [ RunTime:0.0001s ]
SQL: SELECT `room_name`,`id` FROM `ejd_room` WHERE ( iroom_status = 1 )  [ RunTime:0.0001s ]
SQL: SELECT ejd_room.room_name,ejd_room.id,ejd_room.clevel_price0,ejd_room.total_number FROM `ejd_room` WHERE ( ejd_room.iroom_status = 1 )  [ RunTime:0.0001s ]
SQL: SELECT * FROM `ejd_room_price` WHERE ( type=1 and ctime >= '' )  [ RunTime:0.0167s ]
SQL: SELECT * FROM `ejd_room_price` WHERE ( type=2 and ctime >= '' )  [ RunTime:0.0180s ]
SQL: SELECT `roomid`,`begtime`,`endtime`,`room_number`,`status` FROM `ejd_order` WHERE ( status > 0 )  [ RunTime:0.0003s ]

[ 2020-11-16T11:31:39+08:00 ] 222.222.158.49 /admin/main/orderprompt
SQL: SELECT * FROM `ejd_users` WHERE ( id=4 ) LIMIT 1   [ RunTime:0.0001s ]
SQL: SELECT `role_id` FROM ejd_role_user a INNER JOIN ejd_role as b on a.role_id =b.id  WHERE `user_id` = '4' AND `status` = 1  [ RunTime:0.0001s ]
SQL: SELECT * FROM ejd_auth_access a INNER JOIN ejd_auth_rule as b on a.rule_name =b.name  WHERE a.role_id IN ('4','6','8') AND b.name IN ('admin/main/orderprompt')  [ RunTime:0.0001s ]

[ 2020-11-16T11:36:39+08:00 ] 222.222.158.49 /admin/main/orderprompt
SQL: SELECT * FROM `ejd_users` WHERE ( id=4 ) LIMIT 1   [ RunTime:0.0001s ]
SQL: SELECT `role_id` FROM ejd_role_user a INNER JOIN ejd_role as b on a.role_id =b.id  WHERE `user_id` = '4' AND `status` = 1  [ RunTime:0.0001s ]
SQL: SELECT * FROM ejd_auth_access a INNER JOIN ejd_auth_rule as b on a.rule_name =b.name  WHERE a.role_id IN ('4','6','8') AND b.name IN ('admin/main/orderprompt')  [ RunTime:0.0001s ]

[ 2020-11-16T11:41:39+08:00 ] 222.222.158.49 /admin/main/orderprompt
SQL: SELECT * FROM `ejd_users` WHERE ( id=4 ) LIMIT 1   [ RunTime:0.0001s ]
SQL: SELECT `role_id` FROM ejd_role_user a INNER JOIN ejd_role as b on a.role_id =b.id  WHERE `user_id` = '4' AND `status` = 1  [ RunTime:0.0002s ]
SQL: SELECT * FROM ejd_auth_access a INNER JOIN ejd_auth_rule as b on a.rule_name =b.name  WHERE a.role_id IN ('4','6','8') AND b.name IN ('admin/main/orderprompt')  [ RunTime:0.0001s ]

[ 2020-11-16T11:46:39+08:00 ] 222.222.158.49 /admin/main/orderprompt
SQL: SELECT * FROM `ejd_users` WHERE ( id=4 ) LIMIT 1   [ RunTime:0.0001s ]
SQL: SELECT `role_id` FROM ejd_role_user a INNER JOIN ejd_role as b on a.role_id =b.id  WHERE `user_id` = '4' AND `status` = 1  [ RunTime:0.0001s ]
SQL: SELECT * FROM ejd_auth_access a INNER JOIN ejd_auth_rule as b on a.rule_name =b.name  WHERE a.role_id IN ('4','6','8') AND b.name IN ('admin/main/orderprompt')  [ RunTime:0.0001s ]

[ 2020-11-16T11:51:39+08:00 ] 222.222.158.49 /admin/main/orderprompt
SQL: SELECT * FROM `ejd_users` WHERE ( id=4 ) LIMIT 1   [ RunTime:0.0001s ]
SQL: SELECT `role_id` FROM ejd_role_user a INNER JOIN ejd_role as b on a.role_id =b.id  WHERE `user_id` = '4' AND `status` = 1  [ RunTime:0.0001s ]
SQL: SELECT * FROM ejd_auth_access a INNER JOIN ejd_auth_rule as b on a.rule_name =b.name  WHERE a.role_id IN ('4','6','8') AND b.name IN ('admin/main/orderprompt')  [ RunTime:0.0001s ]

[ 2020-11-16T11:56:39+08:00 ] 222.222.158.49 /admin/main/orderprompt
SQL: SELECT * FROM `ejd_users` WHERE ( id=4 ) LIMIT 1   [ RunTime:0.0001s ]
SQL: SELECT `role_id` FROM ejd_role_user a INNER JOIN ejd_role as b on a.role_id =b.id  WHERE `user_id` = '4' AND `status` = 1  [ RunTime:0.0001s ]
SQL: SELECT * FROM ejd_auth_access a INNER JOIN ejd_auth_rule as b on a.rule_name =b.name  WHERE a.role_id IN ('4','6','8') AND b.name IN ('admin/main/orderprompt')  [ RunTime:0.0001s ]

[ 2020-11-16T12:01:40+08:00 ] 222.222.158.49 /admin/main/orderprompt
SQL: SELECT * FROM `ejd_users` WHERE ( id=4 ) LIMIT 1   [ RunTime:0.0001s ]
SQL: SELECT `role_id` FROM ejd_role_user a INNER JOIN ejd_role as b on a.role_id =b.id  WHERE `user_id` = '4' AND `status` = 1  [ RunTime:0.0001s ]
SQL: SELECT * FROM ejd_auth_access a INNER JOIN ejd_auth_rule as b on a.rule_name =b.name  WHERE a.role_id IN ('4','6','8') AND b.name IN ('admin/main/orderprompt')  [ RunTime:0.0001s ]

[ 2020-11-16T12:06:41+08:00 ] 222.222.158.49 /admin/main/orderprompt
SQL: SELECT * FROM `ejd_users` WHERE ( id=4 ) LIMIT 1   [ RunTime:0.0001s ]
SQL: SELECT `role_id` FROM ejd_role_user a INNER JOIN ejd_role as b on a.role_id =b.id  WHERE `user_id` = '4' AND `status` = 1  [ RunTime:0.0001s ]
SQL: SELECT * FROM ejd_auth_access a INNER JOIN ejd_auth_rule as b on a.rule_name =b.name  WHERE a.role_id IN ('4','6','8') AND b.name IN ('admin/main/orderprompt')  [ RunTime:0.0001s ]

[ 2020-11-16T12:11:42+08:00 ] 222.222.158.49 /admin/main/orderprompt
SQL: SELECT * FROM `ejd_users` WHERE ( id=4 ) LIMIT 1   [ RunTime:0.0001s ]
SQL: SELECT `role_id` FROM ejd_role_user a INNER JOIN ejd_role as b on a.role_id =b.id  WHERE `user_id` = '4' AND `status` = 1  [ RunTime:0.0001s ]
SQL: SELECT * FROM ejd_auth_access a INNER JOIN ejd_auth_rule as b on a.rule_name =b.name  WHERE a.role_id IN ('4','6','8') AND b.name IN ('admin/main/orderprompt')  [ RunTime:0.0001s ]

[ 2020-11-16T12:16:43+08:00 ] 222.222.158.49 /admin/main/orderprompt
SQL: SELECT * FROM `ejd_users` WHERE ( id=4 ) LIMIT 1   [ RunTime:0.0001s ]
SQL: SELECT `role_id` FROM ejd_role_user a INNER JOIN ejd_role as b on a.role_id =b.id  WHERE `user_id` = '4' AND `status` = 1  [ RunTime:0.0001s ]
SQL: SELECT * FROM ejd_auth_access a INNER JOIN ejd_auth_rule as b on a.rule_name =b.name  WHERE a.role_id IN ('4','6','8') AND b.name IN ('admin/main/orderprompt')  [ RunTime:0.0001s ]

[ 2020-11-16T12:21:44+08:00 ] 222.222.158.49 /admin/main/orderprompt
SQL: SELECT * FROM `ejd_users` WHERE ( id=4 ) LIMIT 1   [ RunTime:0.0001s ]
SQL: SELECT `role_id` FROM ejd_role_user a INNER JOIN ejd_role as b on a.role_id =b.id  WHERE `user_id` = '4' AND `status` = 1  [ RunTime:0.0001s ]
SQL: SELECT * FROM ejd_auth_access a INNER JOIN ejd_auth_rule as b on a.rule_name =b.name  WHERE a.role_id IN ('4','6','8') AND b.name IN ('admin/main/orderprompt')  [ RunTime:0.0001s ]

[ 2020-11-16T12:26:44+08:00 ] 222.222.158.49 /admin/main/orderprompt
SQL: SELECT * FROM `ejd_users` WHERE ( id=4 ) LIMIT 1   [ RunTime:0.0001s ]
SQL: SELECT `role_id` FROM ejd_role_user a INNER JOIN ejd_role as b on a.role_id =b.id  WHERE `user_id` = '4' AND `status` = 1  [ RunTime:0.0001s ]
SQL: SELECT * FROM ejd_auth_access a INNER JOIN ejd_auth_rule as b on a.rule_name =b.name  WHERE a.role_id IN ('4','6','8') AND b.name IN ('admin/main/orderprompt')  [ RunTime:0.0001s ]

[ 2020-11-16T12:31:45+08:00 ] 222.222.158.49 /admin/main/orderprompt
SQL: SELECT * FROM `ejd_users` WHERE ( id=4 ) LIMIT 1   [ RunTime:0.0001s ]
SQL: SELECT `role_id` FROM ejd_role_user a INNER JOIN ejd_role as b on a.role_id =b.id  WHERE `user_id` = '4' AND `status` = 1  [ RunTime:0.0001s ]
SQL: SELECT * FROM ejd_auth_access a INNER JOIN ejd_auth_rule as b on a.rule_name =b.name  WHERE a.role_id IN ('4','6','8') AND b.name IN ('admin/main/orderprompt')  [ RunTime:0.0001s ]

[ 2020-11-16T12:36:45+08:00 ] 222.222.158.49 /admin/main/orderprompt
SQL: SELECT * FROM `ejd_users` WHERE ( id=4 ) LIMIT 1   [ RunTime:0.0001s ]
SQL: SELECT `role_id` FROM ejd_role_user a INNER JOIN ejd_role as b on a.role_id =b.id  WHERE `user_id` = '4' AND `status` = 1  [ RunTime:0.0001s ]
SQL: SELECT * FROM ejd_auth_access a INNER JOIN ejd_auth_rule as b on a.rule_name =b.name  WHERE a.role_id IN ('4','6','8') AND b.name IN ('admin/main/orderprompt')  [ RunTime:0.0001s ]

[ 2020-11-16T12:41:46+08:00 ] 222.222.158.49 /admin/main/orderprompt
SQL: SELECT * FROM `ejd_users` WHERE ( id=4 ) LIMIT 1   [ RunTime:0.0001s ]
SQL: SELECT `role_id` FROM ejd_role_user a INNER JOIN ejd_role as b on a.role_id =b.id  WHERE `user_id` = '4' AND `status` = 1  [ RunTime:0.0001s ]
SQL: SELECT * FROM ejd_auth_access a INNER JOIN ejd_auth_rule as b on a.rule_name =b.name  WHERE a.role_id IN ('4','6','8') AND b.name IN ('admin/main/orderprompt')  [ RunTime:0.0001s ]

[ 2020-11-16T12:46:46+08:00 ] 222.222.158.49 /admin/main/orderprompt
SQL: SELECT * FROM `ejd_users` WHERE ( id=4 ) LIMIT 1   [ RunTime:0.0001s ]
SQL: SELECT `role_id` FROM ejd_role_user a INNER JOIN ejd_role as b on a.role_id =b.id  WHERE `user_id` = '4' AND `status` = 1  [ RunTime:0.0001s ]
SQL: SELECT * FROM ejd_auth_access a INNER JOIN ejd_auth_rule as b on a.rule_name =b.name  WHERE a.role_id IN ('4','6','8') AND b.name IN ('admin/main/orderprompt')  [ RunTime:0.0001s ]

[ 2020-11-16T12:51:48+08:00 ] 222.222.158.49 /admin/main/orderprompt
SQL: SELECT * FROM `ejd_users` WHERE ( id=4 ) LIMIT 1   [ RunTime:0.0001s ]
SQL: SELECT `role_id` FROM ejd_role_user a INNER JOIN ejd_role as b on a.role_id =b.id  WHERE `user_id` = '4' AND `status` = 1  [ RunTime:0.0001s ]
SQL: SELECT * FROM ejd_auth_access a INNER JOIN ejd_auth_rule as b on a.rule_name =b.name  WHERE a.role_id IN ('4','6','8') AND b.name IN ('admin/main/orderprompt')  [ RunTime:0.0001s ]

[ 2020-11-16T12:56:47+08:00 ] 222.222.158.49 /admin/main/orderprompt
SQL: SELECT * FROM `ejd_users` WHERE ( id=4 ) LIMIT 1   [ RunTime:0.0001s ]
SQL: SELECT `role_id` FROM ejd_role_user a INNER JOIN ejd_role as b on a.role_id =b.id  WHERE `user_id` = '4' AND `status` = 1  [ RunTime:0.0001s ]
SQL: SELECT * FROM ejd_auth_access a INNER JOIN ejd_auth_rule as b on a.rule_name =b.name  WHERE a.role_id IN ('4','6','8') AND b.name IN ('admin/main/orderprompt')  [ RunTime:0.0001s ]

[ 2020-11-16T13:01:48+08:00 ] 222.222.158.49 /admin/main/orderprompt
SQL: SELECT * FROM `ejd_users` WHERE ( id=4 ) LIMIT 1   [ RunTime:0.0001s ]
SQL: SELECT `role_id` FROM ejd_role_user a INNER JOIN ejd_role as b on a.role_id =b.id  WHERE `user_id` = '4' AND `status` = 1  [ RunTime:0.0001s ]
SQL: SELECT * FROM ejd_auth_access a INNER JOIN ejd_auth_rule as b on a.rule_name =b.name  WHERE a.role_id IN ('4','6','8') AND b.name IN ('admin/main/orderprompt')  [ RunTime:0.0001s ]

[ 2020-11-16T13:06:48+08:00 ] 222.222.158.49 /admin/main/orderprompt
SQL: SELECT * FROM `ejd_users` WHERE ( id=4 ) LIMIT 1   [ RunTime:0.0001s ]
SQL: SELECT `role_id` FROM ejd_role_user a INNER JOIN ejd_role as b on a.role_id =b.id  WHERE `user_id` = '4' AND `status` = 1  [ RunTime:0.0001s ]
SQL: SELECT * FROM ejd_auth_access a INNER JOIN ejd_auth_rule as b on a.rule_name =b.name  WHERE a.role_id IN ('4','6','8') AND b.name IN ('admin/main/orderprompt')  [ RunTime:0.0001s ]

[ 2020-11-16T13:11:49+08:00 ] 222.222.158.49 /admin/main/orderprompt
SQL: SELECT * FROM `ejd_users` WHERE ( id=4 ) LIMIT 1   [ RunTime:0.0001s ]
SQL: SELECT `role_id` FROM ejd_role_user a INNER JOIN ejd_role as b on a.role_id =b.id  WHERE `user_id` = '4' AND `status` = 1  [ RunTime:0.0001s ]
SQL: SELECT * FROM ejd_auth_access a INNER JOIN ejd_auth_rule as b on a.rule_name =b.name  WHERE a.role_id IN ('4','6','8') AND b.name IN ('admin/main/orderprompt')  [ RunTime:0.0001s ]

[ 2020-11-16T13:16:49+08:00 ] 222.222.158.49 /admin/main/orderprompt
SQL: SELECT * FROM `ejd_users` WHERE ( id=4 ) LIMIT 1   [ RunTime:0.0001s ]
SQL: SELECT `role_id` FROM ejd_role_user a INNER JOIN ejd_role as b on a.role_id =b.id  WHERE `user_id` = '4' AND `status` = 1  [ RunTime:0.0001s ]
SQL: SELECT * FROM ejd_auth_access a INNER JOIN ejd_auth_rule as b on a.rule_name =b.name  WHERE a.role_id IN ('4','6','8') AND b.name IN ('admin/main/orderprompt')  [ RunTime:0.0001s ]

[ 2020-11-16T13:21:50+08:00 ] 222.222.158.49 /admin/main/orderprompt
SQL: SELECT * FROM `ejd_users` WHERE ( id=4 ) LIMIT 1   [ RunTime:0.0001s ]
SQL: SELECT `role_id` FROM ejd_role_user a INNER JOIN ejd_role as b on a.role_id =b.id  WHERE `user_id` = '4' AND `status` = 1  [ RunTime:0.0001s ]
SQL: SELECT * FROM ejd_auth_access a INNER JOIN ejd_auth_rule as b on a.rule_name =b.name  WHERE a.role_id IN ('4','6','8') AND b.name IN ('admin/main/orderprompt')  [ RunTime:0.0001s ]

[ 2020-11-16T13:26:50+08:00 ] 222.222.158.49 /admin/main/orderprompt
SQL: SELECT * FROM `ejd_users` WHERE ( id=4 ) LIMIT 1   [ RunTime:0.0001s ]
SQL: SELECT `role_id` FROM ejd_role_user a INNER JOIN ejd_role as b on a.role_id =b.id  WHERE `user_id` = '4' AND `status` = 1  [ RunTime:0.0001s ]
SQL: SELECT * FROM ejd_auth_access a INNER JOIN ejd_auth_rule as b on a.rule_name =b.name  WHERE a.role_id IN ('4','6','8') AND b.name IN ('admin/main/orderprompt')  [ RunTime:0.0001s ]

[ 2020-11-16T13:31:51+08:00 ] 222.222.158.49 /admin/main/orderprompt
SQL: SELECT * FROM `ejd_users` WHERE ( id=4 ) LIMIT 1   [ RunTime:0.0001s ]
SQL: SELECT `role_id` FROM ejd_role_user a INNER JOIN ejd_role as b on a.role_id =b.id  WHERE `user_id` = '4' AND `status` = 1  [ RunTime:0.0001s ]
SQL: SELECT * FROM ejd_auth_access a INNER JOIN ejd_auth_rule as b on a.rule_name =b.name  WHERE a.role_id IN ('4','6','8') AND b.name IN ('admin/main/orderprompt')  [ RunTime:0.0001s ]

[ 2020-11-16T13:36:51+08:00 ] 222.222.158.49 /admin/main/orderprompt
SQL: SELECT * FROM `ejd_users` WHERE ( id=4 ) LIMIT 1   [ RunTime:0.0001s ]
SQL: SELECT `role_id` FROM ejd_role_user a INNER JOIN ejd_role as b on a.role_id =b.id  WHERE `user_id` = '4' AND `status` = 1  [ RunTime:0.0001s ]
SQL: SELECT * FROM ejd_auth_access a INNER JOIN ejd_auth_rule as b on a.rule_name =b.name  WHERE a.role_id IN ('4','6','8') AND b.name IN ('admin/main/orderprompt')  [ RunTime:0.0001s ]

[ 2020-11-16T13:41:52+08:00 ] 222.222.158.49 /admin/main/orderprompt
SQL: SELECT * FROM `ejd_users` WHERE ( id=4 ) LIMIT 1   [ RunTime:0.0001s ]
SQL: SELECT `role_id` FROM ejd_role_user a INNER JOIN ejd_role as b on a.role_id =b.id  WHERE `user_id` = '4' AND `status` = 1  [ RunTime:0.0001s ]
SQL: SELECT * FROM ejd_auth_access a INNER JOIN ejd_auth_rule as b on a.rule_name =b.name  WHERE a.role_id IN ('4','6','8') AND b.name IN ('admin/main/orderprompt')  [ RunTime:0.0001s ]

[ 2020-11-16T13:46:52+08:00 ] 222.222.158.49 /admin/main/orderprompt
SQL: SELECT * FROM `ejd_users` WHERE ( id=4 ) LIMIT 1   [ RunTime:0.0001s ]
SQL: SELECT `role_id` FROM ejd_role_user a INNER JOIN ejd_role as b on a.role_id =b.id  WHERE `user_id` = '4' AND `status` = 1  [ RunTime:0.0001s ]
SQL: SELECT * FROM ejd_auth_access a INNER JOIN ejd_auth_rule as b on a.rule_name =b.name  WHERE a.role_id IN ('4','6','8') AND b.name IN ('admin/main/orderprompt')  [ RunTime:0.0001s ]

[ 2020-11-16T13:51:53+08:00 ] 222.222.158.49 /admin/main/orderprompt
SQL: SELECT * FROM `ejd_users` WHERE ( id=4 ) LIMIT 1   [ RunTime:0.0001s ]
SQL: SELECT `role_id` FROM ejd_role_user a INNER JOIN ejd_role as b on a.role_id =b.id  WHERE `user_id` = '4' AND `status` = 1  [ RunTime:0.0001s ]
SQL: SELECT * FROM ejd_auth_access a INNER JOIN ejd_auth_rule as b on a.rule_name =b.name  WHERE a.role_id IN ('4','6','8') AND b.name IN ('admin/main/orderprompt')  [ RunTime:0.0001s ]

[ 2020-11-16T13:56:54+08:00 ] 222.222.158.49 /admin/main/orderprompt
SQL: SELECT * FROM `ejd_users` WHERE ( id=4 ) LIMIT 1   [ RunTime:0.0001s ]
SQL: SELECT `role_id` FROM ejd_role_user a INNER JOIN ejd_role as b on a.role_id =b.id  WHERE `user_id` = '4' AND `status` = 1  [ RunTime:0.0001s ]
SQL: SELECT * FROM ejd_auth_access a INNER JOIN ejd_auth_rule as b on a.rule_name =b.name  WHERE a.role_id IN ('4','6','8') AND b.name IN ('admin/main/orderprompt')  [ RunTime:0.0001s ]

[ 2020-11-16T14:01:55+08:00 ] 222.222.158.49 /admin/main/orderprompt
SQL: SELECT * FROM `ejd_users` WHERE ( id=4 ) LIMIT 1   [ RunTime:0.0001s ]
SQL: SELECT `role_id` FROM ejd_role_user a INNER JOIN ejd_role as b on a.role_id =b.id  WHERE `user_id` = '4' AND `status` = 1  [ RunTime:0.0001s ]
SQL: SELECT * FROM ejd_auth_access a INNER JOIN ejd_auth_rule as b on a.rule_name =b.name  WHERE a.role_id IN ('4','6','8') AND b.name IN ('admin/main/orderprompt')  [ RunTime:0.0001s ]

[ 2020-11-16T14:06:55+08:00 ] 222.222.158.49 /admin/main/orderprompt
SQL: SELECT * FROM `ejd_users` WHERE ( id=4 ) LIMIT 1   [ RunTime:0.0001s ]
SQL: SELECT `role_id` FROM ejd_role_user a INNER JOIN ejd_role as b on a.role_id =b.id  WHERE `user_id` = '4' AND `status` = 1  [ RunTime:0.0001s ]
SQL: SELECT * FROM ejd_auth_access a INNER JOIN ejd_auth_rule as b on a.rule_name =b.name  WHERE a.role_id IN ('4','6','8') AND b.name IN ('admin/main/orderprompt')  [ RunTime:0.0001s ]

[ 2020-11-16T14:11:56+08:00 ] 222.222.158.49 /admin/main/orderprompt
SQL: SELECT * FROM `ejd_users` WHERE ( id=4 ) LIMIT 1   [ RunTime:0.0001s ]
SQL: SELECT `role_id` FROM ejd_role_user a INNER JOIN ejd_role as b on a.role_id =b.id  WHERE `user_id` = '4' AND `status` = 1  [ RunTime:0.0001s ]
SQL: SELECT * FROM ejd_auth_access a INNER JOIN ejd_auth_rule as b on a.rule_name =b.name  WHERE a.role_id IN ('4','6','8') AND b.name IN ('admin/main/orderprompt')  [ RunTime:0.0001s ]

[ 2020-11-16T14:16:56+08:00 ] 222.222.158.49 /admin/main/orderprompt
SQL: SELECT * FROM `ejd_users` WHERE ( id=4 ) LIMIT 1   [ RunTime:0.0001s ]
SQL: SELECT `role_id` FROM ejd_role_user a INNER JOIN ejd_role as b on a.role_id =b.id  WHERE `user_id` = '4' AND `status` = 1  [ RunTime:0.0001s ]
SQL: SELECT * FROM ejd_auth_access a INNER JOIN ejd_auth_rule as b on a.rule_name =b.name  WHERE a.role_id IN ('4','6','8') AND b.name IN ('admin/main/orderprompt')  [ RunTime:0.0001s ]

[ 2020-11-16T14:21:57+08:00 ] 222.222.158.49 /admin/main/orderprompt
SQL: SELECT * FROM `ejd_users` WHERE ( id=4 ) LIMIT 1   [ RunTime:0.0001s ]
SQL: SELECT `role_id` FROM ejd_role_user a INNER JOIN ejd_role as b on a.role_id =b.id  WHERE `user_id` = '4' AND `status` = 1  [ RunTime:0.0001s ]
SQL: SELECT * FROM ejd_auth_access a INNER JOIN ejd_auth_rule as b on a.rule_name =b.name  WHERE a.role_id IN ('4','6','8') AND b.name IN ('admin/main/orderprompt')  [ RunTime:0.0001s ]

[ 2020-11-16T14:26:58+08:00 ] 222.222.158.49 /admin/main/orderprompt
SQL: SELECT * FROM `ejd_users` WHERE ( id=4 ) LIMIT 1   [ RunTime:0.0001s ]
SQL: SELECT `role_id` FROM ejd_role_user a INNER JOIN ejd_role as b on a.role_id =b.id  WHERE `user_id` = '4' AND `status` = 1  [ RunTime:0.0001s ]
SQL: SELECT * FROM ejd_auth_access a INNER JOIN ejd_auth_rule as b on a.rule_name =b.name  WHERE a.role_id IN ('4','6','8') AND b.name IN ('admin/main/orderprompt')  [ RunTime:0.0001s ]

[ 2020-11-16T14:31:59+08:00 ] 222.222.158.49 /admin/main/orderprompt
SQL: SELECT * FROM `ejd_users` WHERE ( id=4 ) LIMIT 1   [ RunTime:0.0001s ]
SQL: SELECT `role_id` FROM ejd_role_user a INNER JOIN ejd_role as b on a.role_id =b.id  WHERE `user_id` = '4' AND `status` = 1  [ RunTime:0.0001s ]
SQL: SELECT * FROM ejd_auth_access a INNER JOIN ejd_auth_rule as b on a.rule_name =b.name  WHERE a.role_id IN ('4','6','8') AND b.name IN ('admin/main/orderprompt')  [ RunTime:0.0001s ]

[ 2020-11-16T14:36:59+08:00 ] 222.222.158.49 /admin/main/orderprompt
SQL: SELECT * FROM `ejd_users` WHERE ( id=4 ) LIMIT 1   [ RunTime:0.0002s ]
SQL: SELECT `role_id` FROM ejd_role_user a INNER JOIN ejd_role as b on a.role_id =b.id  WHERE `user_id` = '4' AND `status` = 1  [ RunTime:0.0001s ]
SQL: SELECT * FROM ejd_auth_access a INNER JOIN ejd_auth_rule as b on a.rule_name =b.name  WHERE a.role_id IN ('4','6','8') AND b.name IN ('admin/main/orderprompt')  [ RunTime:0.0001s ]

[ 2020-11-16T14:42:00+08:00 ] 222.222.158.49 /admin/main/orderprompt
SQL: SELECT * FROM `ejd_users` WHERE ( id=4 ) LIMIT 1   [ RunTime:0.0001s ]
SQL: SELECT `role_id` FROM ejd_role_user a INNER JOIN ejd_role as b on a.role_id =b.id  WHERE `user_id` = '4' AND `status` = 1  [ RunTime:0.0001s ]
SQL: SELECT * FROM ejd_auth_access a INNER JOIN ejd_auth_rule as b on a.rule_name =b.name  WHERE a.role_id IN ('4','6','8') AND b.name IN ('admin/main/orderprompt')  [ RunTime:0.0001s ]

[ 2020-11-16T14:47:01+08:00 ] 222.222.158.49 /admin/main/orderprompt
SQL: SELECT * FROM `ejd_users` WHERE ( id=4 ) LIMIT 1   [ RunTime:0.0001s ]
SQL: SELECT `role_id` FROM ejd_role_user a INNER JOIN ejd_role as b on a.role_id =b.id  WHERE `user_id` = '4' AND `status` = 1  [ RunTime:0.0001s ]
SQL: SELECT * FROM ejd_auth_access a INNER JOIN ejd_auth_rule as b on a.rule_name =b.name  WHERE a.role_id IN ('4','6','8') AND b.name IN ('admin/main/orderprompt')  [ RunTime:0.0001s ]

[ 2020-11-16T14:52:02+08:00 ] 222.222.158.49 /admin/main/orderprompt
SQL: SELECT * FROM `ejd_users` WHERE ( id=4 ) LIMIT 1   [ RunTime:0.0001s ]
SQL: SELECT `role_id` FROM ejd_role_user a INNER JOIN ejd_role as b on a.role_id =b.id  WHERE `user_id` = '4' AND `status` = 1  [ RunTime:0.0001s ]
SQL: SELECT * FROM ejd_auth_access a INNER JOIN ejd_auth_rule as b on a.rule_name =b.name  WHERE a.role_id IN ('4','6','8') AND b.name IN ('admin/main/orderprompt')  [ RunTime:0.0001s ]

[ 2020-11-16T14:57:03+08:00 ] 222.222.158.49 /admin/main/orderprompt
SQL: SELECT * FROM `ejd_users` WHERE ( id=4 ) LIMIT 1   [ RunTime:0.0001s ]
SQL: SELECT `role_id` FROM ejd_role_user a INNER JOIN ejd_role as b on a.role_id =b.id  WHERE `user_id` = '4' AND `status` = 1  [ RunTime:0.0001s ]
SQL: SELECT * FROM ejd_auth_access a INNER JOIN ejd_auth_rule as b on a.rule_name =b.name  WHERE a.role_id IN ('4','6','8') AND b.name IN ('admin/main/orderprompt')  [ RunTime:0.0001s ]

[ 2020-11-16T15:02:04+08:00 ] 222.222.158.49 /admin/main/orderprompt
SQL: SELECT * FROM `ejd_users` WHERE ( id=4 ) LIMIT 1   [ RunTime:0.0001s ]
SQL: SELECT `role_id` FROM ejd_role_user a INNER JOIN ejd_role as b on a.role_id =b.id  WHERE `user_id` = '4' AND `status` = 1  [ RunTime:0.0001s ]
SQL: SELECT * FROM ejd_auth_access a INNER JOIN ejd_auth_rule as b on a.rule_name =b.name  WHERE a.role_id IN ('4','6','8') AND b.name IN ('admin/main/orderprompt')  [ RunTime:0.0001s ]

[ 2020-11-16T15:07:05+08:00 ] 222.222.158.49 /admin/main/orderprompt
SQL: SELECT * FROM `ejd_users` WHERE ( id=4 ) LIMIT 1   [ RunTime:0.0001s ]
SQL: SELECT `role_id` FROM ejd_role_user a INNER JOIN ejd_role as b on a.role_id =b.id  WHERE `user_id` = '4' AND `status` = 1  [ RunTime:0.0001s ]
SQL: SELECT * FROM ejd_auth_access a INNER JOIN ejd_auth_rule as b on a.rule_name =b.name  WHERE a.role_id IN ('4','6','8') AND b.name IN ('admin/main/orderprompt')  [ RunTime:0.0001s ]

[ 2020-11-16T15:12:07+08:00 ] 222.222.158.49 /admin/main/orderprompt
SQL: SELECT * FROM `ejd_users` WHERE ( id=4 ) LIMIT 1   [ RunTime:0.0001s ]
SQL: SELECT `role_id` FROM ejd_role_user a INNER JOIN ejd_role as b on a.role_id =b.id  WHERE `user_id` = '4' AND `status` = 1  [ RunTime:0.0001s ]
SQL: SELECT * FROM ejd_auth_access a INNER JOIN ejd_auth_rule as b on a.rule_name =b.name  WHERE a.role_id IN ('4','6','8') AND b.name IN ('admin/main/orderprompt')  [ RunTime:0.0001s ]

[ 2020-11-16T15:17:07+08:00 ] 222.222.158.49 /admin/main/orderprompt
SQL: SELECT * FROM `ejd_users` WHERE ( id=4 ) LIMIT 1   [ RunTime:0.0001s ]
SQL: SELECT `role_id` FROM ejd_role_user a INNER JOIN ejd_role as b on a.role_id =b.id  WHERE `user_id` = '4' AND `status` = 1  [ RunTime:0.0001s ]
SQL: SELECT * FROM ejd_auth_access a INNER JOIN ejd_auth_rule as b on a.rule_name =b.name  WHERE a.role_id IN ('4','6','8') AND b.name IN ('admin/main/orderprompt')  [ RunTime:0.0001s ]

[ 2020-11-16T15:22:07+08:00 ] 222.222.158.49 /admin/main/orderprompt
SQL: SELECT * FROM `ejd_users` WHERE ( id=4 ) LIMIT 1   [ RunTime:0.0001s ]
SQL: SELECT `role_id` FROM ejd_role_user a INNER JOIN ejd_role as b on a.role_id =b.id  WHERE `user_id` = '4' AND `status` = 1  [ RunTime:0.0001s ]
SQL: SELECT * FROM ejd_auth_access a INNER JOIN ejd_auth_rule as b on a.rule_name =b.name  WHERE a.role_id IN ('4','6','8') AND b.name IN ('admin/main/orderprompt')  [ RunTime:0.0001s ]

[ 2020-11-16T15:27:08+08:00 ] 222.222.158.49 /admin/main/orderprompt
SQL: SELECT * FROM `ejd_users` WHERE ( id=4 ) LIMIT 1   [ RunTime:0.0001s ]
SQL: SELECT `role_id` FROM ejd_role_user a INNER JOIN ejd_role as b on a.role_id =b.id  WHERE `user_id` = '4' AND `status` = 1  [ RunTime:0.0001s ]
SQL: SELECT * FROM ejd_auth_access a INNER JOIN ejd_auth_rule as b on a.rule_name =b.name  WHERE a.role_id IN ('4','6','8') AND b.name IN ('admin/main/orderprompt')  [ RunTime:0.0001s ]

[ 2020-11-16T15:32:09+08:00 ] 222.222.158.49 /admin/main/orderprompt
SQL: SELECT * FROM `ejd_users` WHERE ( id=4 ) LIMIT 1   [ RunTime:0.0001s ]
SQL: SELECT `role_id` FROM ejd_role_user a INNER JOIN ejd_role as b on a.role_id =b.id  WHERE `user_id` = '4' AND `status` = 1  [ RunTime:0.0001s ]
SQL: SELECT * FROM ejd_auth_access a INNER JOIN ejd_auth_rule as b on a.rule_name =b.name  WHERE a.role_id IN ('4','6','8') AND b.name IN ('admin/main/orderprompt')  [ RunTime:0.0001s ]

[ 2020-11-16T15:37:10+08:00 ] 222.222.158.49 /admin/main/orderprompt
SQL: SELECT * FROM `ejd_users` WHERE ( id=4 ) LIMIT 1   [ RunTime:0.0001s ]
SQL: SELECT `role_id` FROM ejd_role_user a INNER JOIN ejd_role as b on a.role_id =b.id  WHERE `user_id` = '4' AND `status` = 1  [ RunTime:0.0001s ]
SQL: SELECT * FROM ejd_auth_access a INNER JOIN ejd_auth_rule as b on a.rule_name =b.name  WHERE a.role_id IN ('4','6','8') AND b.name IN ('admin/main/orderprompt')  [ RunTime:0.0001s ]

[ 2020-11-16T15:42:11+08:00 ] 222.222.158.49 /admin/main/orderprompt
SQL: SELECT * FROM `ejd_users` WHERE ( id=4 ) LIMIT 1   [ RunTime:0.0001s ]
SQL: SELECT `role_id` FROM ejd_role_user a INNER JOIN ejd_role as b on a.role_id =b.id  WHERE `user_id` = '4' AND `status` = 1  [ RunTime:0.0001s ]
SQL: SELECT * FROM ejd_auth_access a INNER JOIN ejd_auth_rule as b on a.rule_name =b.name  WHERE a.role_id IN ('4','6','8') AND b.name IN ('admin/main/orderprompt')  [ RunTime:0.0001s ]

[ 2020-11-16T15:47:12+08:00 ] 222.222.158.49 /admin/main/orderprompt
SQL: SELECT * FROM `ejd_users` WHERE ( id=4 ) LIMIT 1   [ RunTime:0.0001s ]
SQL: SELECT `role_id` FROM ejd_role_user a INNER JOIN ejd_role as b on a.role_id =b.id  WHERE `user_id` = '4' AND `status` = 1  [ RunTime:0.0001s ]
SQL: SELECT * FROM ejd_auth_access a INNER JOIN ejd_auth_rule as b on a.rule_name =b.name  WHERE a.role_id IN ('4','6','8') AND b.name IN ('admin/main/orderprompt')  [ RunTime:0.0001s ]

[ 2020-11-16T15:52:12+08:00 ] 222.222.158.49 /admin/main/orderprompt
SQL: SELECT * FROM `ejd_users` WHERE ( id=4 ) LIMIT 1   [ RunTime:0.0001s ]
SQL: SELECT `role_id` FROM ejd_role_user a INNER JOIN ejd_role as b on a.role_id =b.id  WHERE `user_id` = '4' AND `status` = 1  [ RunTime:0.0001s ]
SQL: SELECT * FROM ejd_auth_access a INNER JOIN ejd_auth_rule as b on a.rule_name =b.name  WHERE a.role_id IN ('4','6','8') AND b.name IN ('admin/main/orderprompt')  [ RunTime:0.0001s ]

[ 2020-11-16T15:57:13+08:00 ] 222.222.158.49 /admin/main/orderprompt
SQL: SELECT * FROM `ejd_users` WHERE ( id=4 ) LIMIT 1   [ RunTime:0.0001s ]
SQL: SELECT `role_id` FROM ejd_role_user a INNER JOIN ejd_role as b on a.role_id =b.id  WHERE `user_id` = '4' AND `status` = 1  [ RunTime:0.0001s ]
SQL: SELECT * FROM ejd_auth_access a INNER JOIN ejd_auth_rule as b on a.rule_name =b.name  WHERE a.role_id IN ('4','6','8') AND b.name IN ('admin/main/orderprompt')  [ RunTime:0.0001s ]

[ 2020-11-16T16:02:14+08:00 ] 222.222.158.49 /admin/main/orderprompt
SQL: SELECT * FROM `ejd_users` WHERE ( id=4 ) LIMIT 1   [ RunTime:0.0001s ]
SQL: SELECT `role_id` FROM ejd_role_user a INNER JOIN ejd_role as b on a.role_id =b.id  WHERE `user_id` = '4' AND `status` = 1  [ RunTime:0.0001s ]
SQL: SELECT * FROM ejd_auth_access a INNER JOIN ejd_auth_rule as b on a.rule_name =b.name  WHERE a.role_id IN ('4','6','8') AND b.name IN ('admin/main/orderprompt')  [ RunTime:0.0001s ]

[ 2020-11-16T16:07:14+08:00 ] 222.222.158.49 /admin/main/orderprompt
SQL: SELECT * FROM `ejd_users` WHERE ( id=4 ) LIMIT 1   [ RunTime:0.0001s ]
SQL: SELECT `role_id` FROM ejd_role_user a INNER JOIN ejd_role as b on a.role_id =b.id  WHERE `user_id` = '4' AND `status` = 1  [ RunTime:0.0001s ]
SQL: SELECT * FROM ejd_auth_access a INNER JOIN ejd_auth_rule as b on a.rule_name =b.name  WHERE a.role_id IN ('4','6','8') AND b.name IN ('admin/main/orderprompt')  [ RunTime:0.0001s ]

[ 2020-11-16T16:12:15+08:00 ] 222.222.158.49 /admin/main/orderprompt
SQL: SELECT * FROM `ejd_users` WHERE ( id=4 ) LIMIT 1   [ RunTime:0.0001s ]
SQL: SELECT `role_id` FROM ejd_role_user a INNER JOIN ejd_role as b on a.role_id =b.id  WHERE `user_id` = '4' AND `status` = 1  [ RunTime:0.0001s ]
SQL: SELECT * FROM ejd_auth_access a INNER JOIN ejd_auth_rule as b on a.rule_name =b.name  WHERE a.role_id IN ('4','6','8') AND b.name IN ('admin/main/orderprompt')  [ RunTime:0.0001s ]

[ 2020-11-16T16:17:15+08:00 ] 222.222.158.49 /admin/main/orderprompt
SQL: SELECT * FROM `ejd_users` WHERE ( id=4 ) LIMIT 1   [ RunTime:0.0001s ]
SQL: SELECT `role_id` FROM ejd_role_user a INNER JOIN ejd_role as b on a.role_id =b.id  WHERE `user_id` = '4' AND `status` = 1  [ RunTime:0.0001s ]
SQL: SELECT * FROM ejd_auth_access a INNER JOIN ejd_auth_rule as b on a.rule_name =b.name  WHERE a.role_id IN ('4','6','8') AND b.name IN ('admin/main/orderprompt')  [ RunTime:0.0001s ]

[ 2020-11-16T16:22:16+08:00 ] 222.222.158.49 /admin/main/orderprompt
SQL: SELECT * FROM `ejd_users` WHERE ( id=4 ) LIMIT 1   [ RunTime:0.0001s ]
SQL: SELECT `role_id` FROM ejd_role_user a INNER JOIN ejd_role as b on a.role_id =b.id  WHERE `user_id` = '4' AND `status` = 1  [ RunTime:0.0001s ]
SQL: SELECT * FROM ejd_auth_access a INNER JOIN ejd_auth_rule as b on a.rule_name =b.name  WHERE a.role_id IN ('4','6','8') AND b.name IN ('admin/main/orderprompt')  [ RunTime:0.0001s ]

[ 2020-11-16T16:27:16+08:00 ] 222.222.158.49 /admin/main/orderprompt
SQL: SELECT * FROM `ejd_users` WHERE ( id=4 ) LIMIT 1   [ RunTime:0.0001s ]
SQL: SELECT `role_id` FROM ejd_role_user a INNER JOIN ejd_role as b on a.role_id =b.id  WHERE `user_id` = '4' AND `status` = 1  [ RunTime:0.0001s ]
SQL: SELECT * FROM ejd_auth_access a INNER JOIN ejd_auth_rule as b on a.rule_name =b.name  WHERE a.role_id IN ('4','6','8') AND b.name IN ('admin/main/orderprompt')  [ RunTime:0.0001s ]

[ 2020-11-16T16:32:17+08:00 ] 222.222.158.49 /admin/main/orderprompt
SQL: SELECT * FROM `ejd_users` WHERE ( id=4 ) LIMIT 1   [ RunTime:0.0001s ]
SQL: SELECT `role_id` FROM ejd_role_user a INNER JOIN ejd_role as b on a.role_id =b.id  WHERE `user_id` = '4' AND `status` = 1  [ RunTime:0.0001s ]
SQL: SELECT * FROM ejd_auth_access a INNER JOIN ejd_auth_rule as b on a.rule_name =b.name  WHERE a.role_id IN ('4','6','8') AND b.name IN ('admin/main/orderprompt')  [ RunTime:0.0001s ]

[ 2020-11-16T16:37:17+08:00 ] 222.222.158.49 /admin/main/orderprompt
SQL: SELECT * FROM `ejd_users` WHERE ( id=4 ) LIMIT 1   [ RunTime:0.0001s ]
SQL: SELECT `role_id` FROM ejd_role_user a INNER JOIN ejd_role as b on a.role_id =b.id  WHERE `user_id` = '4' AND `status` = 1  [ RunTime:0.0001s ]
SQL: SELECT * FROM ejd_auth_access a INNER JOIN ejd_auth_rule as b on a.rule_name =b.name  WHERE a.role_id IN ('4','6','8') AND b.name IN ('admin/main/orderprompt')  [ RunTime:0.0001s ]

[ 2020-11-16T16:42:18+08:00 ] 222.222.158.49 /admin/main/orderprompt
SQL: SELECT * FROM `ejd_users` WHERE ( id=4 ) LIMIT 1   [ RunTime:0.0001s ]
SQL: SELECT `role_id` FROM ejd_role_user a INNER JOIN ejd_role as b on a.role_id =b.id  WHERE `user_id` = '4' AND `status` = 1  [ RunTime:0.0001s ]
SQL: SELECT * FROM ejd_auth_access a INNER JOIN ejd_auth_rule as b on a.rule_name =b.name  WHERE a.role_id IN ('4','6','8') AND b.name IN ('admin/main/orderprompt')  [ RunTime:0.0001s ]

[ 2020-11-16T16:47:18+08:00 ] 222.222.158.49 /admin/main/orderprompt
SQL: SELECT * FROM `ejd_users` WHERE ( id=4 ) LIMIT 1   [ RunTime:0.0001s ]
SQL: SELECT `role_id` FROM ejd_role_user a INNER JOIN ejd_role as b on a.role_id =b.id  WHERE `user_id` = '4' AND `status` = 1  [ RunTime:0.0001s ]
SQL: SELECT * FROM ejd_auth_access a INNER JOIN ejd_auth_rule as b on a.rule_name =b.name  WHERE a.role_id IN ('4','6','8') AND b.name IN ('admin/main/orderprompt')  [ RunTime:0.0001s ]

[ 2020-11-16T16:52:19+08:00 ] 222.222.158.49 /admin/main/orderprompt
SQL: SELECT * FROM `ejd_users` WHERE ( id=4 ) LIMIT 1   [ RunTime:0.0001s ]
SQL: SELECT `role_id` FROM ejd_role_user a INNER JOIN ejd_role as b on a.role_id =b.id  WHERE `user_id` = '4' AND `status` = 1  [ RunTime:0.0001s ]
SQL: SELECT * FROM ejd_auth_access a INNER JOIN ejd_auth_rule as b on a.rule_name =b.name  WHERE a.role_id IN ('4','6','8') AND b.name IN ('admin/main/orderprompt')  [ RunTime:0.0001s ]

[ 2020-11-16T22:48:44+08:00 ] 114.239.173.242 /admin/login.asp
ERR: 无法加载控制器:Login

[ 2020-11-16T22:48:59+08:00 ] 114.239.173.242 /admin/ProductCheck.asp
ERR: 无法加载控制器:ProductCheck

[ 2020-11-16T23:22:14+08:00 ] 122.230.152.172 /admin/Inc/md5.asp
ERR: 无法加载控制器:Inc

[ 2020-11-16T23:22:14+08:00 ] 122.230.152.172 /admin/Inc/md5.asp
ERR: 无法加载控制器:Inc

[ 2020-11-16T23:22:56+08:00 ] 183.142.63.67 /admin/Inc/md5.asp
ERR: 无法加载控制器:Inc

