[ 2020-11-24T10:00:05+08:00 ] 222.222.158.49 /admin/public/dologin
SQL: SELECT * FROM `ejd_users` WHERE `user_login` = '梁田田' LIMIT 1   [ RunTime:0.0343s ]
SQL: SELECT `role_id` FROM ejd_role_user a INNER JOIN ejd_role as b on a.role_id =b.id  WHERE `user_id` = '4' AND `status` = 1  [ RunTime:0.0001s ]
SQL: UPDATE `ejd_users` SET `user_login`='梁田田',`user_pass`='###09e97cc5da55295f9d93cbfd56637e5f',`user_nicename`='',`user_email`='5656@56.com',`user_url`='',`avatar`=NULL,`sex`='0',`birthday`=NULL,`signature`=NULL,`last_login_ip`='222.222.158.49',`last_login_time`='2020-11-24 10:00:05',`create_time`='2016-09-18 13:20:59',`user_activation_key`='',`user_status`='1',`score`='0',`user_type`='1',`coin`='0',`mobile`='' WHERE `id` = '4' [ RunTime:0.0021s ]

[ 2020-11-24T10:00:06+08:00 ] 222.222.158.49 /admin/index/index
SQL: SELECT * FROM `ejd_users` WHERE ( id=4 ) LIMIT 1   [ RunTime:0.0003s ]
SQL: SELECT * FROM `ejd_menu` WHERE `parentid` = 0 AND `status` = 1 ORDER BY `listorder` ASC  [ RunTime:0.0001s ]
SQL: SELECT `role_id` FROM ejd_role_user a INNER JOIN ejd_role as b on a.role_id =b.id  WHERE `user_id` = '4' AND `status` = 1  [ RunTime:0.0001s ]
SQL: SELECT * FROM ejd_auth_access a INNER JOIN ejd_auth_rule as b on a.rule_name =b.name  WHERE a.role_id IN ('4','6','8') AND b.name IN ('admin/setting/default')  [ RunTime:0.0001s ]
SQL: SELECT `role_id` FROM ejd_role_user a INNER JOIN ejd_role as b on a.role_id =b.id  WHERE `user_id` = '4' AND `status` = 1  [ RunTime:0.0001s ]
SQL: SELECT * FROM ejd_auth_access a INNER JOIN ejd_auth_rule as b on a.rule_name =b.name  WHERE a.role_id IN ('4','6','8') AND b.name IN ('admin/order/default')  [ RunTime:0.0001s ]
SQL: SELECT `role_id` FROM ejd_role_user a INNER JOIN ejd_role as b on a.role_id =b.id  WHERE `user_id` = '4' AND `status` = 1  [ RunTime:0.0001s ]
SQL: SELECT * FROM ejd_auth_access a INNER JOIN ejd_auth_rule as b on a.rule_name =b.name  WHERE a.role_id IN ('4','6','8') AND b.name IN ('user/indexadmin/default')  [ RunTime:0.0001s ]
SQL: SELECT `role_id` FROM ejd_role_user a INNER JOIN ejd_role as b on a.role_id =b.id  WHERE `user_id` = '4' AND `status` = 1  [ RunTime:0.0001s ]
SQL: SELECT * FROM ejd_auth_access a INNER JOIN ejd_auth_rule as b on a.rule_name =b.name  WHERE a.role_id IN ('4','6','8') AND b.name IN ('admin/hotel/default')  [ RunTime:0.0001s ]
SQL: SELECT `role_id` FROM ejd_role_user a INNER JOIN ejd_role as b on a.role_id =b.id  WHERE `user_id` = '4' AND `status` = 1  [ RunTime:0.0000s ]
SQL: SELECT * FROM ejd_auth_access a INNER JOIN ejd_auth_rule as b on a.rule_name =b.name  WHERE a.role_id IN ('4','6','8') AND b.name IN ('admin/content/default')  [ RunTime:0.0001s ]
SQL: SELECT `role_id` FROM ejd_role_user a INNER JOIN ejd_role as b on a.role_id =b.id  WHERE `user_id` = '4' AND `status` = 1  [ RunTime:0.0001s ]
SQL: SELECT * FROM ejd_auth_access a INNER JOIN ejd_auth_rule as b on a.rule_name =b.name  WHERE a.role_id IN ('4','6','8') AND b.name IN ('admin/wechat/default')  [ RunTime:0.0001s ]
SQL: SELECT `role_id` FROM ejd_role_user a INNER JOIN ejd_role as b on a.role_id =b.id  WHERE `user_id` = '4' AND `status` = 1  [ RunTime:0.0000s ]
SQL: SELECT * FROM ejd_auth_access a INNER JOIN ejd_auth_rule as b on a.rule_name =b.name  WHERE a.role_id IN ('4','6','8') AND b.name IN ('admin/import/default')  [ RunTime:0.0000s ]
SQL: SELECT * FROM `ejd_menu` WHERE `parentid` = 109 AND `status` = 1 ORDER BY `listorder` ASC  [ RunTime:0.0001s ]
SQL: SELECT `role_id` FROM ejd_role_user a INNER JOIN ejd_role as b on a.role_id =b.id  WHERE `user_id` = '4' AND `status` = 1  [ RunTime:0.0000s ]
SQL: SELECT * FROM ejd_auth_access a INNER JOIN ejd_auth_rule as b on a.rule_name =b.name  WHERE a.role_id IN ('4','6','8') AND b.name IN ('admin/setting/userdefault')  [ RunTime:0.0001s ]
SQL: SELECT `role_id` FROM ejd_role_user a INNER JOIN ejd_role as b on a.role_id =b.id  WHERE `user_id` = '4' AND `status` = 1  [ RunTime:0.0000s ]
SQL: SELECT * FROM ejd_auth_access a INNER JOIN ejd_auth_rule as b on a.rule_name =b.name  WHERE a.role_id IN ('4','6','8') AND b.name IN ('admin/setting/site')  [ RunTime:0.0001s ]
SQL: SELECT `role_id` FROM ejd_role_user a INNER JOIN ejd_role as b on a.role_id =b.id  WHERE `user_id` = '4' AND `status` = 1  [ RunTime:0.0001s ]
SQL: SELECT * FROM ejd_auth_access a INNER JOIN ejd_auth_rule as b on a.rule_name =b.name  WHERE a.role_id IN ('4','6','8') AND b.name IN ('admin/menu/index')  [ RunTime:0.0001s ]
SQL: SELECT `role_id` FROM ejd_role_user a INNER JOIN ejd_role as b on a.role_id =b.id  WHERE `user_id` = '4' AND `status` = 1  [ RunTime:0.0000s ]
SQL: SELECT * FROM ejd_auth_access a INNER JOIN ejd_auth_rule as b on a.rule_name =b.name  WHERE a.role_id IN ('4','6','8') AND b.name IN ('user/indexadmin/default3')  [ RunTime:0.0000s ]
SQL: SELECT `role_id` FROM ejd_role_user a INNER JOIN ejd_role as b on a.role_id =b.id  WHERE `user_id` = '4' AND `status` = 1  [ RunTime:0.0000s ]
SQL: SELECT * FROM ejd_auth_access a INNER JOIN ejd_auth_rule as b on a.rule_name =b.name  WHERE a.role_id IN ('4','6','8') AND b.name IN ('admin/backup/default')  [ RunTime:0.0000s ]
SQL: SELECT `role_id` FROM ejd_role_user a INNER JOIN ejd_role as b on a.role_id =b.id  WHERE `user_id` = '4' AND `status` = 1  [ RunTime:0.0000s ]
SQL: SELECT * FROM ejd_auth_access a INNER JOIN ejd_auth_rule as b on a.rule_name =b.name  WHERE a.role_id IN ('4','6','8') AND b.name IN ('admin/mailer/default')  [ RunTime:0.0000s ]
SQL: SELECT `role_id` FROM ejd_role_user a INNER JOIN ejd_role as b on a.role_id =b.id  WHERE `user_id` = '4' AND `status` = 1  [ RunTime:0.0000s ]
SQL: SELECT * FROM ejd_auth_access a INNER JOIN ejd_auth_rule as b on a.rule_name =b.name  WHERE a.role_id IN ('4','6','8') AND b.name IN ('admin/setting/clearcache')  [ RunTime:0.0001s ]
SQL: SELECT * FROM `ejd_menu` WHERE `parentid` = 110 AND `status` = 1 ORDER BY `listorder` ASC  [ RunTime:0.0001s ]
SQL: SELECT `role_id` FROM ejd_role_user a INNER JOIN ejd_role as b on a.role_id =b.id  WHERE `user_id` = '4' AND `status` = 1  [ RunTime:0.0001s ]
SQL: SELECT * FROM ejd_auth_access a INNER JOIN ejd_auth_rule as b on a.rule_name =b.name  WHERE a.role_id IN ('4','6','8') AND b.name IN ('admin/user/userinfo')  [ RunTime:0.0001s ]
SQL: SELECT `role_id` FROM ejd_role_user a INNER JOIN ejd_role as b on a.role_id =b.id  WHERE `user_id` = '4' AND `status` = 1  [ RunTime:0.0000s ]
SQL: SELECT * FROM ejd_auth_access a INNER JOIN ejd_auth_rule as b on a.rule_name =b.name  WHERE a.role_id IN ('4','6','8') AND b.name IN ('admin/setting/password')  [ RunTime:0.0000s ]
SQL: SELECT * FROM `ejd_menu` WHERE `parentid` = 111 AND `status` = 1 ORDER BY `listorder` ASC  [ RunTime:0.0000s ]
SQL: SELECT * FROM `ejd_menu` WHERE `parentid` = 113 AND `status` = 1 ORDER BY `listorder` ASC  [ RunTime:0.0001s ]
SQL: SELECT * FROM `ejd_menu` WHERE `parentid` = 115 AND `status` = 1 ORDER BY `listorder` ASC  [ RunTime:0.0001s ]
SQL: SELECT * FROM `ejd_menu` WHERE `parentid` = 100 AND `status` = 1 ORDER BY `listorder` ASC  [ RunTime:0.0000s ]
SQL: SELECT * FROM `ejd_menu` WHERE `parentid` = 139 AND `status` = 1 ORDER BY `listorder` ASC  [ RunTime:0.0000s ]
SQL: SELECT `role_id` FROM ejd_role_user a INNER JOIN ejd_role as b on a.role_id =b.id  WHERE `user_id` = '4' AND `status` = 1  [ RunTime:0.0000s ]
SQL: SELECT * FROM ejd_auth_access a INNER JOIN ejd_auth_rule as b on a.rule_name =b.name  WHERE a.role_id IN ('4','6','8') AND b.name IN ('admin/rbac/index')  [ RunTime:0.0001s ]
SQL: SELECT `role_id` FROM ejd_role_user a INNER JOIN ejd_role as b on a.role_id =b.id  WHERE `user_id` = '4' AND `status` = 1  [ RunTime:0.0001s ]
SQL: SELECT * FROM ejd_auth_access a INNER JOIN ejd_auth_rule as b on a.rule_name =b.name  WHERE a.role_id IN ('4','6','8') AND b.name IN ('admin/user/index')  [ RunTime:0.0001s ]
SQL: SELECT * FROM `ejd_menu` WHERE `parentid` = 140 AND `status` = 1 ORDER BY `listorder` ASC  [ RunTime:0.0000s ]
SQL: SELECT `role_id` FROM ejd_role_user a INNER JOIN ejd_role as b on a.role_id =b.id  WHERE `user_id` = '4' AND `status` = 1  [ RunTime:0.0000s ]
SQL: SELECT * FROM ejd_auth_access a INNER JOIN ejd_auth_rule as b on a.rule_name =b.name  WHERE a.role_id IN ('4','6','8') AND b.name IN ('admin/rbac/roledelete')  [ RunTime:0.0000s ]
SQL: SELECT `role_id` FROM ejd_role_user a INNER JOIN ejd_role as b on a.role_id =b.id  WHERE `user_id` = '4' AND `status` = 1  [ RunTime:0.0000s ]
SQL: SELECT * FROM ejd_auth_access a INNER JOIN ejd_auth_rule as b on a.rule_name =b.name  WHERE a.role_id IN ('4','6','8') AND b.name IN ('admin/rbac/roleadd')  [ RunTime:0.0001s ]
SQL: SELECT * FROM `ejd_menu` WHERE `parentid` = 146 AND `status` = 1 ORDER BY `listorder` ASC  [ RunTime:0.0000s ]
SQL: SELECT * FROM `ejd_menu` WHERE `parentid` = 147 AND `status` = 1 ORDER BY `listorder` ASC  [ RunTime:0.0000s ]
SQL: SELECT * FROM `ejd_menu` WHERE `parentid` = 149 AND `status` = 1 ORDER BY `listorder` ASC  [ RunTime:0.0001s ]
SQL: SELECT * FROM `ejd_menu` WHERE `parentid` = 40 AND `status` = 1 ORDER BY `listorder` ASC  [ RunTime:0.0001s ]
SQL: SELECT `role_id` FROM ejd_role_user a INNER JOIN ejd_role as b on a.role_id =b.id  WHERE `user_id` = '4' AND `status` = 1  [ RunTime:0.0001s ]
SQL: SELECT * FROM ejd_auth_access a INNER JOIN ejd_auth_rule as b on a.rule_name =b.name  WHERE a.role_id IN ('4','6','8') AND b.name IN ('admin/backup/restore')  [ RunTime:0.0000s ]
SQL: SELECT `role_id` FROM ejd_role_user a INNER JOIN ejd_role as b on a.role_id =b.id  WHERE `user_id` = '4' AND `status` = 1  [ RunTime:0.0000s ]
SQL: SELECT * FROM ejd_auth_access a INNER JOIN ejd_auth_rule as b on a.rule_name =b.name  WHERE a.role_id IN ('4','6','8') AND b.name IN ('admin/backup/index')  [ RunTime:0.0001s ]
SQL: SELECT * FROM `ejd_menu` WHERE `parentid` = 41 AND `status` = 1 ORDER BY `listorder` ASC  [ RunTime:0.0000s ]
SQL: SELECT * FROM `ejd_menu` WHERE `parentid` = 42 AND `status` = 1 ORDER BY `listorder` ASC  [ RunTime:0.0000s ]
SQL: SELECT * FROM `ejd_menu` WHERE `parentid` = 126 AND `status` = 1 ORDER BY `listorder` ASC  [ RunTime:0.0000s ]
SQL: SELECT `role_id` FROM ejd_role_user a INNER JOIN ejd_role as b on a.role_id =b.id  WHERE `user_id` = '4' AND `status` = 1  [ RunTime:0.0000s ]
SQL: SELECT * FROM ejd_auth_access a INNER JOIN ejd_auth_rule as b on a.rule_name =b.name  WHERE a.role_id IN ('4','6','8') AND b.name IN ('admin/mailer/index')  [ RunTime:0.0000s ]
SQL: SELECT `role_id` FROM ejd_role_user a INNER JOIN ejd_role as b on a.role_id =b.id  WHERE `user_id` = '4' AND `status` = 1  [ RunTime:0.0000s ]
SQL: SELECT * FROM ejd_auth_access a INNER JOIN ejd_auth_rule as b on a.rule_name =b.name  WHERE a.role_id IN ('4','6','8') AND b.name IN ('admin/mailer/active')  [ RunTime:0.0000s ]
SQL: SELECT * FROM `ejd_menu` WHERE `parentid` = 127 AND `status` = 1 ORDER BY `listorder` ASC  [ RunTime:0.0000s ]
SQL: SELECT * FROM `ejd_menu` WHERE `parentid` = 129 AND `status` = 1 ORDER BY `listorder` ASC  [ RunTime:0.0001s ]
SQL: SELECT * FROM `ejd_menu` WHERE `parentid` = 131 AND `status` = 1 ORDER BY `listorder` ASC  [ RunTime:0.0000s ]
SQL: SELECT * FROM `ejd_menu` WHERE `parentid` = 85 AND `status` = 1 ORDER BY `listorder` ASC  [ RunTime:0.0001s ]
SQL: SELECT `role_id` FROM ejd_role_user a INNER JOIN ejd_role as b on a.role_id =b.id  WHERE `user_id` = '4' AND `status` = 1  [ RunTime:0.0000s ]
SQL: SELECT * FROM ejd_auth_access a INNER JOIN ejd_auth_rule as b on a.rule_name =b.name  WHERE a.role_id IN ('4','6','8') AND b.name IN ('admin/order/kflist')  [ RunTime:0.0001s ]
SQL: SELECT `role_id` FROM ejd_role_user a INNER JOIN ejd_role as b on a.role_id =b.id  WHERE `user_id` = '4' AND `status` = 1  [ RunTime:0.0000s ]
SQL: SELECT * FROM ejd_auth_access a INNER JOIN ejd_auth_rule as b on a.rule_name =b.name  WHERE a.role_id IN ('4','6','8') AND b.name IN ('admin/order/cylist')  [ RunTime:0.0001s ]
SQL: SELECT `role_id` FROM ejd_role_user a INNER JOIN ejd_role as b on a.role_id =b.id  WHERE `user_id` = '4' AND `status` = 1  [ RunTime:0.0001s ]
SQL: SELECT * FROM ejd_auth_access a INNER JOIN ejd_auth_rule as b on a.rule_name =b.name  WHERE a.role_id IN ('4','6','8') AND b.name IN ('admin/order/xyyllist')  [ RunTime:0.0001s ]
SQL: SELECT `role_id` FROM ejd_role_user a INNER JOIN ejd_role as b on a.role_id =b.id  WHERE `user_id` = '4' AND `status` = 1  [ RunTime:0.0000s ]
SQL: SELECT * FROM ejd_auth_access a INNER JOIN ejd_auth_rule as b on a.rule_name =b.name  WHERE a.role_id IN ('4','6','8') AND b.name IN ('admin/order/hyyhlist')  [ RunTime:0.0001s ]
SQL: SELECT `role_id` FROM ejd_role_user a INNER JOIN ejd_role as b on a.role_id =b.id  WHERE `user_id` = '4' AND `status` = 1  [ RunTime:0.0001s ]
SQL: SELECT * FROM ejd_auth_access a INNER JOIN ejd_auth_rule as b on a.rule_name =b.name  WHERE a.role_id IN ('4','6','8') AND b.name IN ('admin/xymcode/index')  [ RunTime:0.0001s ]
SQL: SELECT `role_id` FROM ejd_role_user a INNER JOIN ejd_role as b on a.role_id =b.id  WHERE `user_id` = '4' AND `status` = 1  [ RunTime:0.0000s ]
SQL: SELECT * FROM ejd_auth_access a INNER JOIN ejd_auth_rule as b on a.rule_name =b.name  WHERE a.role_id IN ('4','6','8') AND b.name IN ('admin/order/countorder')  [ RunTime:0.0000s ]
SQL: SELECT * FROM `ejd_menu` WHERE `parentid` = 162 AND `status` = 1 ORDER BY `listorder` ASC  [ RunTime:0.0001s ]
SQL: SELECT * FROM `ejd_menu` WHERE `parentid` = 163 AND `status` = 1 ORDER BY `listorder` ASC  [ RunTime:0.0000s ]
SQL: SELECT * FROM `ejd_menu` WHERE `parentid` = 164 AND `status` = 1 ORDER BY `listorder` ASC  [ RunTime:0.0000s ]
SQL: SELECT * FROM `ejd_menu` WHERE `parentid` = 165 AND `status` = 1 ORDER BY `listorder` ASC  [ RunTime:0.0000s ]
SQL: SELECT * FROM `ejd_menu` WHERE `parentid` = 271 AND `status` = 1 ORDER BY `listorder` ASC  [ RunTime:0.0001s ]
SQL: SELECT * FROM `ejd_menu` WHERE `parentid` = 275 AND `status` = 1 ORDER BY `listorder` ASC  [ RunTime:0.0001s ]
SQL: SELECT * FROM `ejd_menu` WHERE `parentid` = 132 AND `status` = 1 ORDER BY `listorder` ASC  [ RunTime:0.0001s ]
SQL: SELECT `role_id` FROM ejd_role_user a INNER JOIN ejd_role as b on a.role_id =b.id  WHERE `user_id` = '4' AND `status` = 1  [ RunTime:0.0000s ]
SQL: SELECT * FROM ejd_auth_access a INNER JOIN ejd_auth_rule as b on a.rule_name =b.name  WHERE a.role_id IN ('4','6','8') AND b.name IN ('user/wxadmin/index')  [ RunTime:0.0000s ]
SQL: SELECT `role_id` FROM ejd_role_user a INNER JOIN ejd_role as b on a.role_id =b.id  WHERE `user_id` = '4' AND `status` = 1  [ RunTime:0.0001s ]
SQL: SELECT * FROM ejd_auth_access a INNER JOIN ejd_auth_rule as b on a.rule_name =b.name  WHERE a.role_id IN ('4','6','8') AND b.name IN ('user/indexadmin/index')  [ RunTime:0.0000s ]
SQL: SELECT * FROM `ejd_menu` WHERE `parentid` = 133 AND `status` = 1 ORDER BY `listorder` ASC  [ RunTime:0.0000s ]
SQL: SELECT * FROM `ejd_menu` WHERE `parentid` = 134 AND `status` = 1 ORDER BY `listorder` ASC  [ RunTime:0.0000s ]
SQL: SELECT * FROM `ejd_menu` WHERE `parentid` = 166 AND `status` = 1 ORDER BY `listorder` ASC  [ RunTime:0.0001s ]
SQL: SELECT `role_id` FROM ejd_role_user a INNER JOIN ejd_role as b on a.role_id =b.id  WHERE `user_id` = '4' AND `status` = 1  [ RunTime:0.0000s ]
SQL: SELECT * FROM ejd_auth_access a INNER JOIN ejd_auth_rule as b on a.rule_name =b.name  WHERE a.role_id IN ('4','6','8') AND b.name IN ('admin/hotel/fxindex')  [ RunTime:0.0001s ]
SQL: SELECT `role_id` FROM ejd_role_user a INNER JOIN ejd_role as b on a.role_id =b.id  WHERE `user_id` = '4' AND `status` = 1  [ RunTime:0.0001s ]
SQL: SELECT * FROM ejd_auth_access a INNER JOIN ejd_auth_rule as b on a.rule_name =b.name  WHERE a.role_id IN ('4','6','8') AND b.name IN ('admin/hotel/ctindex')  [ RunTime:0.0001s ]
SQL: SELECT `role_id` FROM ejd_role_user a INNER JOIN ejd_role as b on a.role_id =b.id  WHERE `user_id` = '4' AND `status` = 1  [ RunTime:0.0000s ]
SQL: SELECT * FROM ejd_auth_access a INNER JOIN ejd_auth_rule as b on a.rule_name =b.name  WHERE a.role_id IN ('4','6','8') AND b.name IN ('admin/hotel/hyyhindex')  [ RunTime:0.0001s ]
SQL: SELECT `role_id` FROM ejd_role_user a INNER JOIN ejd_role as b on a.role_id =b.id  WHERE `user_id` = '4' AND `status` = 1  [ RunTime:0.0000s ]
SQL: SELECT * FROM ejd_auth_access a INNER JOIN ejd_auth_rule as b on a.rule_name =b.name  WHERE a.role_id IN ('4','6','8') AND b.name IN ('admin/hotel/xyylindex')  [ RunTime:0.0001s ]
SQL: SELECT `role_id` FROM ejd_role_user a INNER JOIN ejd_role as b on a.role_id =b.id  WHERE `user_id` = '4' AND `status` = 1  [ RunTime:0.0000s ]
SQL: SELECT * FROM ejd_auth_access a INNER JOIN ejd_auth_rule as b on a.rule_name =b.name  WHERE a.role_id IN ('4','6','8') AND b.name IN ('admin/hotel/photo')  [ RunTime:0.0001s ]
SQL: SELECT `role_id` FROM ejd_role_user a INNER JOIN ejd_role as b on a.role_id =b.id  WHERE `user_id` = '4' AND `status` = 1  [ RunTime:0.0001s ]
SQL: SELECT * FROM ejd_auth_access a INNER JOIN ejd_auth_rule as b on a.rule_name =b.name  WHERE a.role_id IN ('4','6','8') AND b.name IN ('admin/hotel/info')  [ RunTime:0.0001s ]
SQL: SELECT `role_id` FROM ejd_role_user a INNER JOIN ejd_role as b on a.role_id =b.id  WHERE `user_id` = '4' AND `status` = 1  [ RunTime:0.0000s ]
SQL: SELECT * FROM ejd_auth_access a INNER JOIN ejd_auth_rule as b on a.rule_name =b.name  WHERE a.role_id IN ('4','6','8') AND b.name IN ('admin/hotel/recommend')  [ RunTime:0.0000s ]
SQL: SELECT `role_id` FROM ejd_role_user a INNER JOIN ejd_role as b on a.role_id =b.id  WHERE `user_id` = '4' AND `status` = 1  [ RunTime:0.0000s ]
SQL: SELECT * FROM ejd_auth_access a INNER JOIN ejd_auth_rule as b on a.rule_name =b.name  WHERE a.role_id IN ('4','6','8') AND b.name IN ('admin/hotel/nearinfo')  [ RunTime:0.0001s ]
SQL: SELECT `role_id` FROM ejd_role_user a INNER JOIN ejd_role as b on a.role_id =b.id  WHERE `user_id` = '4' AND `status` = 1  [ RunTime:0.0000s ]
SQL: SELECT * FROM ejd_auth_access a INNER JOIN ejd_auth_rule as b on a.rule_name =b.name  WHERE a.role_id IN ('4','6','8') AND b.name IN ('admin/hotel/contact')  [ RunTime:0.0001s ]
SQL: SELECT * FROM `ejd_menu` WHERE `parentid` = 167 AND `status` = 1 ORDER BY `listorder` ASC  [ RunTime:0.0001s ]
SQL: SELECT * FROM `ejd_menu` WHERE `parentid` = 168 AND `status` = 1 ORDER BY `listorder` ASC  [ RunTime:0.0000s ]
SQL: SELECT * FROM `ejd_menu` WHERE `parentid` = 169 AND `status` = 1 ORDER BY `listorder` ASC  [ RunTime:0.0000s ]
SQL: SELECT * FROM `ejd_menu` WHERE `parentid` = 170 AND `status` = 1 ORDER BY `listorder` ASC  [ RunTime:0.0000s ]
SQL: SELECT * FROM `ejd_menu` WHERE `parentid` = 171 AND `status` = 1 ORDER BY `listorder` ASC  [ RunTime:0.0000s ]
SQL: SELECT * FROM `ejd_menu` WHERE `parentid` = 174 AND `status` = 1 ORDER BY `listorder` ASC  [ RunTime:0.0001s ]
SQL: SELECT * FROM `ejd_menu` WHERE `parentid` = 175 AND `status` = 1 ORDER BY `listorder` ASC  [ RunTime:0.0000s ]
SQL: SELECT * FROM `ejd_menu` WHERE `parentid` = 176 AND `status` = 1 ORDER BY `listorder` ASC  [ RunTime:0.0000s ]
SQL: SELECT * FROM `ejd_menu` WHERE `parentid` = 245 AND `status` = 1 ORDER BY `listorder` ASC  [ RunTime:0.0000s ]
SQL: SELECT * FROM `ejd_menu` WHERE `parentid` = 1 AND `status` = 1 ORDER BY `listorder` ASC  [ RunTime:0.0001s ]
SQL: SELECT `role_id` FROM ejd_role_user a INNER JOIN ejd_role as b on a.role_id =b.id  WHERE `user_id` = '4' AND `status` = 1  [ RunTime:0.0001s ]
SQL: SELECT * FROM ejd_auth_access a INNER JOIN ejd_auth_rule as b on a.rule_name =b.name  WHERE a.role_id IN ('4','6','8') AND b.name IN ('portal/adminterm/index')  [ RunTime:0.0001s ]
SQL: SELECT `role_id` FROM ejd_role_user a INNER JOIN ejd_role as b on a.role_id =b.id  WHERE `user_id` = '4' AND `status` = 1  [ RunTime:0.0000s ]
SQL: SELECT * FROM ejd_auth_access a INNER JOIN ejd_auth_rule as b on a.rule_name =b.name  WHERE a.role_id IN ('4','6','8') AND b.name IN ('portal/adminpost/index')  [ RunTime:0.0001s ]
SQL: SELECT `role_id` FROM ejd_role_user a INNER JOIN ejd_role as b on a.role_id =b.id  WHERE `user_id` = '4' AND `status` = 1  [ RunTime:0.0000s ]
SQL: SELECT * FROM ejd_auth_access a INNER JOIN ejd_auth_rule as b on a.rule_name =b.name  WHERE a.role_id IN ('4','6','8') AND b.name IN ('admin/slide/default')  [ RunTime:0.0001s ]
SQL: SELECT `role_id` FROM ejd_role_user a INNER JOIN ejd_role as b on a.role_id =b.id  WHERE `user_id` = '4' AND `status` = 1  [ RunTime:0.0001s ]
SQL: SELECT * FROM ejd_auth_access a INNER JOIN ejd_auth_rule as b on a.rule_name =b.name  WHERE a.role_id IN ('4','6','8') AND b.name IN ('admin/navcat/default1')  [ RunTime:0.0001s ]
SQL: SELECT `role_id` FROM ejd_role_user a INNER JOIN ejd_role as b on a.role_id =b.id  WHERE `user_id` = '4' AND `status` = 1  [ RunTime:0.0001s ]
SQL: SELECT * FROM ejd_auth_access a INNER JOIN ejd_auth_rule as b on a.rule_name =b.name  WHERE a.role_id IN ('4','6','8') AND b.name IN ('portal/adminpage/index')  [ RunTime:0.0001s ]
SQL: SELECT `role_id` FROM ejd_role_user a INNER JOIN ejd_role as b on a.role_id =b.id  WHERE `user_id` = '4' AND `status` = 1  [ RunTime:0.0001s ]
SQL: SELECT * FROM ejd_auth_access a INNER JOIN ejd_auth_rule as b on a.rule_name =b.name  WHERE a.role_id IN ('4','6','8') AND b.name IN ('admin/link/index')  [ RunTime:0.0001s ]
SQL: SELECT `role_id` FROM ejd_role_user a INNER JOIN ejd_role as b on a.role_id =b.id  WHERE `user_id` = '4' AND `status` = 1  [ RunTime:0.0001s ]
SQL: SELECT * FROM ejd_auth_access a INNER JOIN ejd_auth_rule as b on a.rule_name =b.name  WHERE a.role_id IN ('4','6','8') AND b.name IN ('api/guestbookadmin/index')  [ RunTime:0.0001s ]
SQL: SELECT `role_id` FROM ejd_role_user a INNER JOIN ejd_role as b on a.role_id =b.id  WHERE `user_id` = '4' AND `status` = 1  [ RunTime:0.0001s ]
SQL: SELECT * FROM ejd_auth_access a INNER JOIN ejd_auth_rule as b on a.rule_name =b.name  WHERE a.role_id IN ('4','6','8') AND b.name IN ('comment/commentadmin/index')  [ RunTime:0.0001s ]
SQL: SELECT `role_id` FROM ejd_role_user a INNER JOIN ejd_role as b on a.role_id =b.id  WHERE `user_id` = '4' AND `status` = 1  [ RunTime:0.0001s ]
SQL: SELECT * FROM ejd_auth_access a INNER JOIN ejd_auth_rule as b on a.rule_name =b.name  WHERE a.role_id IN ('4','6','8') AND b.name IN ('admin/ad/index')  [ RunTime:0.0001s ]
SQL: SELECT `role_id` FROM ejd_role_user a INNER JOIN ejd_role as b on a.role_id =b.id  WHERE `user_id` = '4' AND `status` = 1  [ RunTime:0.0001s ]
SQL: SELECT * FROM ejd_auth_access a INNER JOIN ejd_auth_rule as b on a.rule_name =b.name  WHERE a.role_id IN ('4','6','8') AND b.name IN ('admin/recycle/default')  [ RunTime:0.0001s ]
SQL: SELECT * FROM `ejd_menu` WHERE `parentid` = 18 AND `status` = 1 ORDER BY `listorder` ASC  [ RunTime:0.0001s ]
SQL: SELECT * FROM `ejd_menu` WHERE `parentid` = 7 AND `status` = 1 ORDER BY `listorder` ASC  [ RunTime:0.0001s ]
SQL: SELECT * FROM `ejd_menu` WHERE `parentid` = 53 AND `status` = 1 ORDER BY `listorder` ASC  [ RunTime:0.0001s ]
SQL: SELECT `role_id` FROM ejd_role_user a INNER JOIN ejd_role as b on a.role_id =b.id  WHERE `user_id` = '4' AND `status` = 1  [ RunTime:0.0001s ]
SQL: SELECT * FROM ejd_auth_access a INNER JOIN ejd_auth_rule as b on a.rule_name =b.name  WHERE a.role_id IN ('4','6','8') AND b.name IN ('admin/slide/index')  [ RunTime:0.0001s ]
SQL: SELECT `role_id` FROM ejd_role_user a INNER JOIN ejd_role as b on a.role_id =b.id  WHERE `user_id` = '4' AND `status` = 1  [ RunTime:0.0001s ]
SQL: SELECT * FROM ejd_auth_access a INNER JOIN ejd_auth_rule as b on a.rule_name =b.name  WHERE a.role_id IN ('4','6','8') AND b.name IN ('admin/slidecat/index')  [ RunTime:0.0001s ]
SQL: SELECT * FROM `ejd_menu` WHERE `parentid` = 54 AND `status` = 1 ORDER BY `listorder` ASC  [ RunTime:0.0001s ]
SQL: SELECT * FROM `ejd_menu` WHERE `parentid` = 62 AND `status` = 1 ORDER BY `listorder` ASC  [ RunTime:0.0001s ]
SQL: SELECT * FROM `ejd_menu` WHERE `parentid` = 86 AND `status` = 1 ORDER BY `listorder` ASC  [ RunTime:0.0001s ]
SQL: SELECT `role_id` FROM ejd_role_user a INNER JOIN ejd_role as b on a.role_id =b.id  WHERE `user_id` = '4' AND `status` = 1  [ RunTime:0.0000s ]
SQL: SELECT * FROM ejd_auth_access a INNER JOIN ejd_auth_rule as b on a.rule_name =b.name  WHERE a.role_id IN ('4','6','8') AND b.name IN ('admin/nav/index')  [ RunTime:0.0000s ]
SQL: SELECT `role_id` FROM ejd_role_user a INNER JOIN ejd_role as b on a.role_id =b.id  WHERE `user_id` = '4' AND `status` = 1  [ RunTime:0.0001s ]
SQL: SELECT * FROM ejd_auth_access a INNER JOIN ejd_auth_rule as b on a.rule_name =b.name  WHERE a.role_id IN ('4','6','8') AND b.name IN ('admin/navcat/index')  [ RunTime:0.0001s ]
SQL: SELECT * FROM `ejd_menu` WHERE `parentid` = 87 AND `status` = 1 ORDER BY `listorder` ASC  [ RunTime:0.0001s ]
SQL: SELECT * FROM `ejd_menu` WHERE `parentid` = 94 AND `status` = 1 ORDER BY `listorder` ASC  [ RunTime:0.0000s ]
SQL: SELECT * FROM `ejd_menu` WHERE `parentid` = 25 AND `status` = 1 ORDER BY `listorder` ASC  [ RunTime:0.0000s ]
SQL: SELECT * FROM `ejd_menu` WHERE `parentid` = 75 AND `status` = 1 ORDER BY `listorder` ASC  [ RunTime:0.0001s ]
SQL: SELECT * FROM `ejd_menu` WHERE `parentid` = 2 AND `status` = 1 ORDER BY `listorder` ASC  [ RunTime:0.0000s ]
SQL: SELECT * FROM `ejd_menu` WHERE `parentid` = 4 AND `status` = 1 ORDER BY `listorder` ASC  [ RunTime:0.0001s ]
SQL: SELECT * FROM `ejd_menu` WHERE `parentid` = 68 AND `status` = 1 ORDER BY `listorder` ASC  [ RunTime:0.0001s ]
SQL: SELECT * FROM `ejd_menu` WHERE `parentid` = 32 AND `status` = 1 ORDER BY `listorder` ASC  [ RunTime:0.0000s ]
SQL: SELECT `role_id` FROM ejd_role_user a INNER JOIN ejd_role as b on a.role_id =b.id  WHERE `user_id` = '4' AND `status` = 1  [ RunTime:0.0000s ]
SQL: SELECT * FROM ejd_auth_access a INNER JOIN ejd_auth_rule as b on a.rule_name =b.name  WHERE a.role_id IN ('4','6','8') AND b.name IN ('portal/adminpost/recyclebin')  [ RunTime:0.0001s ]
SQL: SELECT `role_id` FROM ejd_role_user a INNER JOIN ejd_role as b on a.role_id =b.id  WHERE `user_id` = '4' AND `status` = 1  [ RunTime:0.0000s ]
SQL: SELECT * FROM ejd_auth_access a INNER JOIN ejd_auth_rule as b on a.rule_name =b.name  WHERE a.role_id IN ('4','6','8') AND b.name IN ('portal/adminpage/recyclebin')  [ RunTime:0.0001s ]
SQL: SELECT * FROM `ejd_menu` WHERE `parentid` = 33 AND `status` = 1 ORDER BY `listorder` ASC  [ RunTime:0.0001s ]
SQL: SELECT * FROM `ejd_menu` WHERE `parentid` = 36 AND `status` = 1 ORDER BY `listorder` ASC  [ RunTime:0.0001s ]
SQL: SELECT * FROM `ejd_menu` WHERE `parentid` = 172 AND `status` = 1 ORDER BY `listorder` ASC  [ RunTime:0.0001s ]
SQL: SELECT `role_id` FROM ejd_role_user a INNER JOIN ejd_role as b on a.role_id =b.id  WHERE `user_id` = '4' AND `status` = 1  [ RunTime:0.0001s ]
SQL: SELECT * FROM ejd_auth_access a INNER JOIN ejd_auth_rule as b on a.rule_name =b.name  WHERE a.role_id IN ('4','6','8') AND b.name IN ('admin/wechat/index')  [ RunTime:0.0001s ]
SQL: SELECT `role_id` FROM ejd_role_user a INNER JOIN ejd_role as b on a.role_id =b.id  WHERE `user_id` = '4' AND `status` = 1  [ RunTime:0.0000s ]
SQL: SELECT * FROM ejd_auth_access a INNER JOIN ejd_auth_rule as b on a.rule_name =b.name  WHERE a.role_id IN ('4','6','8') AND b.name IN ('admin/wechat/wx_message')  [ RunTime:0.0001s ]
SQL: SELECT `role_id` FROM ejd_role_user a INNER JOIN ejd_role as b on a.role_id =b.id  WHERE `user_id` = '4' AND `status` = 1  [ RunTime:0.0000s ]
SQL: SELECT * FROM ejd_auth_access a INNER JOIN ejd_auth_rule as b on a.rule_name =b.name  WHERE a.role_id IN ('4','6','8') AND b.name IN ('admin/shake/shake_list')  [ RunTime:0.0001s ]
SQL: SELECT `role_id` FROM ejd_role_user a INNER JOIN ejd_role as b on a.role_id =b.id  WHERE `user_id` = '4' AND `status` = 1  [ RunTime:0.0000s ]
SQL: SELECT * FROM ejd_auth_access a INNER JOIN ejd_auth_rule as b on a.rule_name =b.name  WHERE a.role_id IN ('4','6','8') AND b.name IN ('admin/shake/shake_prize')  [ RunTime:0.0001s ]
SQL: SELECT `role_id` FROM ejd_role_user a INNER JOIN ejd_role as b on a.role_id =b.id  WHERE `user_id` = '4' AND `status` = 1  [ RunTime:0.0000s ]
SQL: SELECT * FROM ejd_auth_access a INNER JOIN ejd_auth_rule as b on a.rule_name =b.name  WHERE a.role_id IN ('4','6','8') AND b.name IN ('admin/wxcontent/index')  [ RunTime:0.0001s ]
SQL: SELECT * FROM `ejd_menu` WHERE `parentid` = 173 AND `status` = 1 ORDER BY `listorder` ASC  [ RunTime:0.0000s ]
SQL: SELECT * FROM `ejd_menu` WHERE `parentid` = 246 AND `status` = 1 ORDER BY `listorder` ASC  [ RunTime:0.0001s ]
SQL: SELECT * FROM `ejd_menu` WHERE `parentid` = 249 AND `status` = 1 ORDER BY `listorder` ASC  [ RunTime:0.0000s ]
SQL: SELECT * FROM `ejd_menu` WHERE `parentid` = 250 AND `status` = 1 ORDER BY `listorder` ASC  [ RunTime:0.0001s ]
SQL: SELECT * FROM `ejd_menu` WHERE `parentid` = 251 AND `status` = 1 ORDER BY `listorder` ASC  [ RunTime:0.0000s ]
SQL: SELECT `role_id` FROM ejd_role_user a INNER JOIN ejd_role as b on a.role_id =b.id  WHERE `user_id` = '4' AND `status` = 1  [ RunTime:0.0001s ]
SQL: SELECT * FROM ejd_auth_access a INNER JOIN ejd_auth_rule as b on a.rule_name =b.name  WHERE a.role_id IN ('4','6','8') AND b.name IN ('portal/adminterm/index')  [ RunTime:0.0001s ]
SQL: SELECT `role_id` FROM ejd_role_user a INNER JOIN ejd_role as b on a.role_id =b.id  WHERE `user_id` = '4' AND `status` = 1  [ RunTime:0.0001s ]
SQL: SELECT * FROM ejd_auth_access a INNER JOIN ejd_auth_rule as b on a.rule_name =b.name  WHERE a.role_id IN ('4','6','8') AND b.name IN ('portal/adminpost/index')  [ RunTime:0.0001s ]
SQL: SELECT `role_id` FROM ejd_role_user a INNER JOIN ejd_role as b on a.role_id =b.id  WHERE `user_id` = '4' AND `status` = 1  [ RunTime:0.0001s ]
SQL: SELECT * FROM ejd_auth_access a INNER JOIN ejd_auth_rule as b on a.rule_name =b.name  WHERE a.role_id IN ('4','6','8') AND b.name IN ('admin/setting/clearcache')  [ RunTime:0.0001s ]
SQL: SELECT `role_id` FROM ejd_role_user a INNER JOIN ejd_role as b on a.role_id =b.id  WHERE `user_id` = '4' AND `status` = 1  [ RunTime:0.0000s ]
SQL: SELECT * FROM ejd_auth_access a INNER JOIN ejd_auth_rule as b on a.rule_name =b.name  WHERE a.role_id IN ('4','6','8') AND b.name IN ('admin/setting/site')  [ RunTime:0.0001s ]
SQL: SELECT `role_id` FROM ejd_role_user a INNER JOIN ejd_role as b on a.role_id =b.id  WHERE `user_id` = '4' AND `status` = 1  [ RunTime:0.0000s ]
SQL: SELECT * FROM ejd_auth_access a INNER JOIN ejd_auth_rule as b on a.rule_name =b.name  WHERE a.role_id IN ('4','6','8') AND b.name IN ('admin/user/userinfo')  [ RunTime:0.0001s ]

[ 2020-11-24T10:00:07+08:00 ] 222.222.158.49 /admin/main/index
SQL: SELECT * FROM `ejd_users` WHERE ( id=4 ) LIMIT 1   [ RunTime:0.0001s ]
SQL: select VERSION() as version [ RunTime:0.0065s ]
SQL: SELECT COUNT(*) AS tp_count FROM `ejd_order` WHERE ( status <3 and status > 0 and amount > 1 ) LIMIT 1   [ RunTime:0.0001s ]
SQL: SELECT COUNT(*) AS tp_count FROM `ejd_order_cy` WHERE ( status <3 and status > 0 ) LIMIT 1   [ RunTime:0.0001s ]
SQL: SELECT COUNT(*) AS tp_count FROM `ejd_order_yh` WHERE ( isdel = 0 ) LIMIT 1   [ RunTime:0.0000s ]
SQL: SELECT * FROM `ejd_fans` WHERE ( subscribe = 1 ) ORDER BY created desc LIMIT 5   [ RunTime:0.0001s ]

[ 2020-11-24T10:00:07+08:00 ] 222.222.158.49 /admin/themes/simplebootx/Public/assets/fonts/fonts/fontawesome-webfont-v=4.0.3.woff
ERR: 无法加载控制器:Themes

[ 2020-11-24T10:00:07+08:00 ] 222.222.158.49 /admin/main/orderprompt
SQL: SELECT * FROM `ejd_users` WHERE ( id=4 ) LIMIT 1   [ RunTime:0.0001s ]
SQL: SELECT `role_id` FROM ejd_role_user a INNER JOIN ejd_role as b on a.role_id =b.id  WHERE `user_id` = '4' AND `status` = 1  [ RunTime:0.0001s ]
SQL: SELECT * FROM ejd_auth_access a INNER JOIN ejd_auth_rule as b on a.rule_name =b.name  WHERE a.role_id IN ('4','6','8') AND b.name IN ('admin/main/orderprompt')  [ RunTime:0.0001s ]

[ 2020-11-24T10:00:14+08:00 ] 222.222.158.49 /admin/hotel/fxindex/menuid/167
SQL: SELECT * FROM `ejd_users` WHERE ( id=4 ) LIMIT 1   [ RunTime:0.0001s ]
SQL: SELECT `role_id` FROM ejd_role_user a INNER JOIN ejd_role as b on a.role_id =b.id  WHERE `user_id` = '4' AND `status` = 1  [ RunTime:0.0001s ]
SQL: SELECT * FROM ejd_auth_access a INNER JOIN ejd_auth_rule as b on a.rule_name =b.name  WHERE a.role_id IN ('4','6','8') AND b.name IN ('admin/hotel/fxindex')  [ RunTime:0.0001s ]
SQL: SELECT COUNT(*) AS tp_count FROM `ejd_room` WHERE ( iroom_status = 1 ) LIMIT 1   [ RunTime:0.0001s ]
SQL: SELECT `id`,`room_name`,`sort_index` FROM `ejd_room` WHERE ( iroom_status = 1 ) ORDER BY sort_index DESC LIMIT 0,10   [ RunTime:0.0001s ]

[ 2020-11-24T10:00:15+08:00 ] 222.222.158.49 /admin/hotel/fjindex
SQL: SELECT * FROM `ejd_users` WHERE ( id=4 ) LIMIT 1   [ RunTime:0.0001s ]
SQL: SELECT `role_id` FROM ejd_role_user a INNER JOIN ejd_role as b on a.role_id =b.id  WHERE `user_id` = '4' AND `status` = 1  [ RunTime:0.0001s ]
SQL: SELECT * FROM ejd_auth_access a INNER JOIN ejd_auth_rule as b on a.rule_name =b.name  WHERE a.role_id IN ('4','6','8') AND b.name IN ('admin/hotel/fjindex')  [ RunTime:0.0001s ]
SQL: SELECT `room_name`,`id` FROM `ejd_room` WHERE ( iroom_status = 1 )  [ RunTime:0.0001s ]
SQL: SELECT ejd_room.room_name,ejd_room.id,ejd_room.clevel_price0,ejd_room.total_number FROM `ejd_room` WHERE ( ejd_room.iroom_status = 1 )  [ RunTime:0.0001s ]
SQL: SELECT * FROM `ejd_room_price` WHERE ( type=1 and ctime >= '' )  [ RunTime:0.0058s ]
SQL: SELECT * FROM `ejd_room_price` WHERE ( type=2 and ctime >= '' )  [ RunTime:0.0051s ]
SQL: SELECT `roomid`,`begtime`,`endtime`,`room_number`,`status` FROM `ejd_order` WHERE ( status > 0 )  [ RunTime:0.0003s ]

[ 2020-11-24T10:00:53+08:00 ] 222.222.158.49 /admin/hotel/fjedit
SQL: SELECT * FROM `ejd_users` WHERE ( id=4 ) LIMIT 1   [ RunTime:0.0001s ]
SQL: SELECT `role_id` FROM ejd_role_user a INNER JOIN ejd_role as b on a.role_id =b.id  WHERE `user_id` = '4' AND `status` = 1  [ RunTime:0.0001s ]
SQL: SELECT * FROM ejd_auth_access a INNER JOIN ejd_auth_rule as b on a.rule_name =b.name  WHERE a.role_id IN ('4','6','8') AND b.name IN ('admin/hotel/fjedit')  [ RunTime:0.0001s ]
SQL: SELECT `room_name`,`id`,`clevel_price0`,`total_number` FROM `ejd_room` WHERE ( iroom_status = 1 )  [ RunTime:0.0001s ]

[ 2020-11-24T10:01:24+08:00 ] 222.222.158.49 /admin/hotel/fjedit_post
SQL: SELECT * FROM `ejd_users` WHERE ( id=4 ) LIMIT 1   [ RunTime:0.0001s ]
SQL: SELECT `role_id` FROM ejd_role_user a INNER JOIN ejd_role as b on a.role_id =b.id  WHERE `user_id` = '4' AND `status` = 1  [ RunTime:0.0001s ]
SQL: SELECT * FROM ejd_auth_access a INNER JOIN ejd_auth_rule as b on a.rule_name =b.name  WHERE a.role_id IN ('4','6','8') AND b.name IN ('admin/hotel/fjedit_post')  [ RunTime:0.0001s ]
SQL: INSERT INTO `ejd_room_role` (`priceroomid`,`type`,`startTime`,`endTime`,`pweek`,`price`,`vipprice`,`created`,`creatuid`) VALUES ('1','1','1606406400','1606406400','{\"1\":\"1\",\"2\":\"2\",\"3\":\"3\",\"4\":\"4\",\"5\":\"5\",\"6\":\"6\",\"7\":\"0\"}',NULL,'799','1606183284','4') [ RunTime:0.0031s ]
SQL: SELECT * FROM `ejd_room_role` WHERE ( id='1928' ) LIMIT 1   [ RunTime:0.0032s ]
SQL: SELECT * FROM `ejd_room_price` WHERE `hotel_id` = 1 AND `type` = 1  [ RunTime:0.0046s ]
SQL: UPDATE `ejd_room_price` SET `price`='799' WHERE `hotel_id` = 1 AND `ctime` = 1606406400 AND `type` = 1 [ RunTime:0.0152s ]

[ 2020-11-24T10:01:25+08:00 ] 222.222.158.49 /admin/hotel/fjindex
SQL: SELECT * FROM `ejd_users` WHERE ( id=4 ) LIMIT 1   [ RunTime:0.0001s ]
SQL: SELECT `role_id` FROM ejd_role_user a INNER JOIN ejd_role as b on a.role_id =b.id  WHERE `user_id` = '4' AND `status` = 1  [ RunTime:0.0001s ]
SQL: SELECT * FROM ejd_auth_access a INNER JOIN ejd_auth_rule as b on a.rule_name =b.name  WHERE a.role_id IN ('4','6','8') AND b.name IN ('admin/hotel/fjindex')  [ RunTime:0.0001s ]
SQL: SELECT `room_name`,`id` FROM `ejd_room` WHERE ( iroom_status = 1 )  [ RunTime:0.0001s ]
SQL: SELECT ejd_room.room_name,ejd_room.id,ejd_room.clevel_price0,ejd_room.total_number FROM `ejd_room` WHERE ( ejd_room.iroom_status = 1 )  [ RunTime:0.0001s ]
SQL: SELECT * FROM `ejd_room_price` WHERE ( type=1 and ctime >= '' )  [ RunTime:0.0130s ]
SQL: SELECT * FROM `ejd_room_price` WHERE ( type=2 and ctime >= '' )  [ RunTime:0.0167s ]
SQL: SELECT `roomid`,`begtime`,`endtime`,`room_number`,`status` FROM `ejd_order` WHERE ( status > 0 )  [ RunTime:0.0003s ]

[ 2020-11-24T10:01:26+08:00 ] 222.222.158.49 /admin/hotel/fjedit
SQL: SELECT * FROM `ejd_users` WHERE ( id=4 ) LIMIT 1   [ RunTime:0.0001s ]
SQL: SELECT `role_id` FROM ejd_role_user a INNER JOIN ejd_role as b on a.role_id =b.id  WHERE `user_id` = '4' AND `status` = 1  [ RunTime:0.0001s ]
SQL: SELECT * FROM ejd_auth_access a INNER JOIN ejd_auth_rule as b on a.rule_name =b.name  WHERE a.role_id IN ('4','6','8') AND b.name IN ('admin/hotel/fjedit')  [ RunTime:0.0001s ]
SQL: SELECT `room_name`,`id`,`clevel_price0`,`total_number` FROM `ejd_room` WHERE ( iroom_status = 1 )  [ RunTime:0.0001s ]

[ 2020-11-24T10:01:47+08:00 ] 222.222.158.49 /admin/hotel/fjedit_post
SQL: SELECT * FROM `ejd_users` WHERE ( id=4 ) LIMIT 1   [ RunTime:0.0001s ]
SQL: SELECT `role_id` FROM ejd_role_user a INNER JOIN ejd_role as b on a.role_id =b.id  WHERE `user_id` = '4' AND `status` = 1  [ RunTime:0.0001s ]
SQL: SELECT * FROM ejd_auth_access a INNER JOIN ejd_auth_rule as b on a.rule_name =b.name  WHERE a.role_id IN ('4','6','8') AND b.name IN ('admin/hotel/fjedit_post')  [ RunTime:0.0001s ]
SQL: INSERT INTO `ejd_room_role` (`priceroomid`,`type`,`startTime`,`endTime`,`pweek`,`price`,`vipprice`,`created`,`creatuid`) VALUES ('4','1','1606406400','1606406400','{\"1\":\"1\",\"2\":\"2\",\"3\":\"3\",\"4\":\"4\",\"5\":\"5\",\"6\":\"6\",\"7\":\"0\"}',NULL,'499','1606183307','4') [ RunTime:0.0255s ]
SQL: SELECT * FROM `ejd_room_role` WHERE ( id='1929' ) LIMIT 1   [ RunTime:0.0050s ]
SQL: SELECT * FROM `ejd_room_price` WHERE `hotel_id` = 4 AND `type` = 1  [ RunTime:0.0048s ]
SQL: UPDATE `ejd_room_price` SET `price`='499' WHERE `hotel_id` = 4 AND `ctime` = 1606406400 AND `type` = 1 [ RunTime:0.0065s ]

[ 2020-11-24T10:01:48+08:00 ] 222.222.158.49 /admin/hotel/fjindex
SQL: SELECT * FROM `ejd_users` WHERE ( id=4 ) LIMIT 1   [ RunTime:0.0001s ]
SQL: SELECT `role_id` FROM ejd_role_user a INNER JOIN ejd_role as b on a.role_id =b.id  WHERE `user_id` = '4' AND `status` = 1  [ RunTime:0.0001s ]
SQL: SELECT * FROM ejd_auth_access a INNER JOIN ejd_auth_rule as b on a.rule_name =b.name  WHERE a.role_id IN ('4','6','8') AND b.name IN ('admin/hotel/fjindex')  [ RunTime:0.0001s ]
SQL: SELECT `room_name`,`id` FROM `ejd_room` WHERE ( iroom_status = 1 )  [ RunTime:0.0001s ]
SQL: SELECT ejd_room.room_name,ejd_room.id,ejd_room.clevel_price0,ejd_room.total_number FROM `ejd_room` WHERE ( ejd_room.iroom_status = 1 )  [ RunTime:0.0001s ]
SQL: SELECT * FROM `ejd_room_price` WHERE ( type=1 and ctime >= '' )  [ RunTime:0.0174s ]
SQL: SELECT * FROM `ejd_room_price` WHERE ( type=2 and ctime >= '' )  [ RunTime:0.0154s ]
SQL: SELECT `roomid`,`begtime`,`endtime`,`room_number`,`status` FROM `ejd_order` WHERE ( status > 0 )  [ RunTime:0.0452s ]

[ 2020-11-24T10:02:57+08:00 ] 222.222.158.49 /admin/hotel/fjedit
SQL: SELECT * FROM `ejd_users` WHERE ( id=4 ) LIMIT 1   [ RunTime:0.0001s ]
SQL: SELECT `role_id` FROM ejd_role_user a INNER JOIN ejd_role as b on a.role_id =b.id  WHERE `user_id` = '4' AND `status` = 1  [ RunTime:0.0001s ]
SQL: SELECT * FROM ejd_auth_access a INNER JOIN ejd_auth_rule as b on a.rule_name =b.name  WHERE a.role_id IN ('4','6','8') AND b.name IN ('admin/hotel/fjedit')  [ RunTime:0.0001s ]
SQL: SELECT `room_name`,`id`,`clevel_price0`,`total_number` FROM `ejd_room` WHERE ( iroom_status = 1 )  [ RunTime:0.0001s ]

[ 2020-11-24T10:03:05+08:00 ] 222.222.158.49 /admin/hotel/fjedit_post
SQL: SELECT * FROM `ejd_users` WHERE ( id=4 ) LIMIT 1   [ RunTime:0.0001s ]
SQL: SELECT `role_id` FROM ejd_role_user a INNER JOIN ejd_role as b on a.role_id =b.id  WHERE `user_id` = '4' AND `status` = 1  [ RunTime:0.0001s ]
SQL: SELECT * FROM ejd_auth_access a INNER JOIN ejd_auth_rule as b on a.rule_name =b.name  WHERE a.role_id IN ('4','6','8') AND b.name IN ('admin/hotel/fjedit_post')  [ RunTime:0.0001s ]
SQL: INSERT INTO `ejd_room_role` (`priceroomid`,`type`,`startTime`,`endTime`,`pweek`,`price`,`vipprice`,`created`,`creatuid`) VALUES ('5','1','1606406400','1606406400','{\"1\":\"1\",\"2\":\"2\",\"3\":\"3\",\"4\":\"4\",\"5\":\"5\",\"6\":\"6\",\"7\":\"0\"}',NULL,'559','1606183385','4') [ RunTime:0.0094s ]
SQL: SELECT * FROM `ejd_room_role` WHERE ( id='1930' ) LIMIT 1   [ RunTime:0.0056s ]
SQL: SELECT * FROM `ejd_room_price` WHERE `hotel_id` = 5 AND `type` = 1  [ RunTime:0.0043s ]
SQL: UPDATE `ejd_room_price` SET `price`='559' WHERE `hotel_id` = 5 AND `ctime` = 1606406400 AND `type` = 1 [ RunTime:0.0149s ]

[ 2020-11-24T10:03:05+08:00 ] 222.222.158.49 /admin/hotel/fjindex
SQL: SELECT * FROM `ejd_users` WHERE ( id=4 ) LIMIT 1   [ RunTime:0.0001s ]
SQL: SELECT `role_id` FROM ejd_role_user a INNER JOIN ejd_role as b on a.role_id =b.id  WHERE `user_id` = '4' AND `status` = 1  [ RunTime:0.0001s ]
SQL: SELECT * FROM ejd_auth_access a INNER JOIN ejd_auth_rule as b on a.rule_name =b.name  WHERE a.role_id IN ('4','6','8') AND b.name IN ('admin/hotel/fjindex')  [ RunTime:0.0001s ]
SQL: SELECT `room_name`,`id` FROM `ejd_room` WHERE ( iroom_status = 1 )  [ RunTime:0.0001s ]
SQL: SELECT ejd_room.room_name,ejd_room.id,ejd_room.clevel_price0,ejd_room.total_number FROM `ejd_room` WHERE ( ejd_room.iroom_status = 1 )  [ RunTime:0.0001s ]
SQL: SELECT * FROM `ejd_room_price` WHERE ( type=1 and ctime >= '' )  [ RunTime:0.0149s ]
SQL: SELECT * FROM `ejd_room_price` WHERE ( type=2 and ctime >= '' )  [ RunTime:0.0078s ]
SQL: SELECT `roomid`,`begtime`,`endtime`,`room_number`,`status` FROM `ejd_order` WHERE ( status > 0 )  [ RunTime:0.0003s ]

[ 2020-11-24T10:03:16+08:00 ] 222.222.158.49 /admin/hotel/fjedit
SQL: SELECT * FROM `ejd_users` WHERE ( id=4 ) LIMIT 1   [ RunTime:0.0001s ]
SQL: SELECT `role_id` FROM ejd_role_user a INNER JOIN ejd_role as b on a.role_id =b.id  WHERE `user_id` = '4' AND `status` = 1  [ RunTime:0.0001s ]
SQL: SELECT * FROM ejd_auth_access a INNER JOIN ejd_auth_rule as b on a.rule_name =b.name  WHERE a.role_id IN ('4','6','8') AND b.name IN ('admin/hotel/fjedit')  [ RunTime:0.0001s ]
SQL: SELECT `room_name`,`id`,`clevel_price0`,`total_number` FROM `ejd_room` WHERE ( iroom_status = 1 )  [ RunTime:0.0001s ]

[ 2020-11-24T10:03:36+08:00 ] 222.222.158.49 /admin/hotel/fjedit_post
SQL: SELECT * FROM `ejd_users` WHERE ( id=4 ) LIMIT 1   [ RunTime:0.0001s ]
SQL: SELECT `role_id` FROM ejd_role_user a INNER JOIN ejd_role as b on a.role_id =b.id  WHERE `user_id` = '4' AND `status` = 1  [ RunTime:0.0001s ]
SQL: SELECT * FROM ejd_auth_access a INNER JOIN ejd_auth_rule as b on a.rule_name =b.name  WHERE a.role_id IN ('4','6','8') AND b.name IN ('admin/hotel/fjedit_post')  [ RunTime:0.0001s ]
SQL: INSERT INTO `ejd_room_role` (`priceroomid`,`type`,`startTime`,`endTime`,`pweek`,`price`,`vipprice`,`created`,`creatuid`) VALUES ('6','1','1606406400','1606406400','{\"1\":\"1\",\"2\":\"2\",\"3\":\"3\",\"4\":\"4\",\"5\":\"5\",\"6\":\"6\",\"7\":\"0\"}',NULL,'999','1606183416','4') [ RunTime:0.0390s ]
SQL: SELECT * FROM `ejd_room_role` WHERE ( id='1931' ) LIMIT 1   [ RunTime:0.0005s ]
SQL: SELECT * FROM `ejd_room_price` WHERE `hotel_id` = 6 AND `type` = 1  [ RunTime:0.0038s ]
SQL: UPDATE `ejd_room_price` SET `price`='999' WHERE `hotel_id` = 6 AND `ctime` = 1606406400 AND `type` = 1 [ RunTime:0.0066s ]

[ 2020-11-24T10:03:36+08:00 ] 222.222.158.49 /admin/hotel/fjindex
SQL: SELECT * FROM `ejd_users` WHERE ( id=4 ) LIMIT 1   [ RunTime:0.0001s ]
SQL: SELECT `role_id` FROM ejd_role_user a INNER JOIN ejd_role as b on a.role_id =b.id  WHERE `user_id` = '4' AND `status` = 1  [ RunTime:0.0001s ]
SQL: SELECT * FROM ejd_auth_access a INNER JOIN ejd_auth_rule as b on a.rule_name =b.name  WHERE a.role_id IN ('4','6','8') AND b.name IN ('admin/hotel/fjindex')  [ RunTime:0.0001s ]
SQL: SELECT `room_name`,`id` FROM `ejd_room` WHERE ( iroom_status = 1 )  [ RunTime:0.0001s ]
SQL: SELECT ejd_room.room_name,ejd_room.id,ejd_room.clevel_price0,ejd_room.total_number FROM `ejd_room` WHERE ( ejd_room.iroom_status = 1 )  [ RunTime:0.0001s ]
SQL: SELECT * FROM `ejd_room_price` WHERE ( type=1 and ctime >= '' )  [ RunTime:0.0138s ]
SQL: SELECT * FROM `ejd_room_price` WHERE ( type=2 and ctime >= '' )  [ RunTime:0.0395s ]
SQL: SELECT `roomid`,`begtime`,`endtime`,`room_number`,`status` FROM `ejd_order` WHERE ( status > 0 )  [ RunTime:0.0003s ]

[ 2020-11-24T10:03:38+08:00 ] 222.222.158.49 /admin/hotel/fjedit
SQL: SELECT * FROM `ejd_users` WHERE ( id=4 ) LIMIT 1   [ RunTime:0.0002s ]
SQL: SELECT `role_id` FROM ejd_role_user a INNER JOIN ejd_role as b on a.role_id =b.id  WHERE `user_id` = '4' AND `status` = 1  [ RunTime:0.0001s ]
SQL: SELECT * FROM ejd_auth_access a INNER JOIN ejd_auth_rule as b on a.rule_name =b.name  WHERE a.role_id IN ('4','6','8') AND b.name IN ('admin/hotel/fjedit')  [ RunTime:0.0001s ]
SQL: SELECT `room_name`,`id`,`clevel_price0`,`total_number` FROM `ejd_room` WHERE ( iroom_status = 1 )  [ RunTime:0.0001s ]

[ 2020-11-24T10:03:54+08:00 ] 222.222.158.49 /admin/hotel/fjedit_post
SQL: SELECT * FROM `ejd_users` WHERE ( id=4 ) LIMIT 1   [ RunTime:0.0001s ]
SQL: SELECT `role_id` FROM ejd_role_user a INNER JOIN ejd_role as b on a.role_id =b.id  WHERE `user_id` = '4' AND `status` = 1  [ RunTime:0.0001s ]
SQL: SELECT * FROM ejd_auth_access a INNER JOIN ejd_auth_rule as b on a.rule_name =b.name  WHERE a.role_id IN ('4','6','8') AND b.name IN ('admin/hotel/fjedit_post')  [ RunTime:0.0001s ]
SQL: INSERT INTO `ejd_room_role` (`priceroomid`,`type`,`startTime`,`endTime`,`pweek`,`price`,`vipprice`,`created`,`creatuid`) VALUES ('7','1','1606406400','1606406400','{\"1\":\"1\",\"2\":\"2\",\"3\":\"3\",\"4\":\"4\",\"5\":\"5\",\"6\":\"6\",\"7\":\"0\"}',NULL,'1599','1606183434','4') [ RunTime:0.0252s ]
SQL: SELECT * FROM `ejd_room_role` WHERE ( id='1932' ) LIMIT 1   [ RunTime:0.0004s ]
SQL: SELECT * FROM `ejd_room_price` WHERE `hotel_id` = 7 AND `type` = 1  [ RunTime:0.0043s ]
SQL: UPDATE `ejd_room_price` SET `price`='1599' WHERE `hotel_id` = 7 AND `ctime` = 1606406400 AND `type` = 1 [ RunTime:0.0060s ]

[ 2020-11-24T10:03:54+08:00 ] 222.222.158.49 /admin/hotel/fjindex
SQL: SELECT * FROM `ejd_users` WHERE ( id=4 ) LIMIT 1   [ RunTime:0.0001s ]
SQL: SELECT `role_id` FROM ejd_role_user a INNER JOIN ejd_role as b on a.role_id =b.id  WHERE `user_id` = '4' AND `status` = 1  [ RunTime:0.0001s ]
SQL: SELECT * FROM ejd_auth_access a INNER JOIN ejd_auth_rule as b on a.rule_name =b.name  WHERE a.role_id IN ('4','6','8') AND b.name IN ('admin/hotel/fjindex')  [ RunTime:0.0001s ]
SQL: SELECT `room_name`,`id` FROM `ejd_room` WHERE ( iroom_status = 1 )  [ RunTime:0.0001s ]
SQL: SELECT ejd_room.room_name,ejd_room.id,ejd_room.clevel_price0,ejd_room.total_number FROM `ejd_room` WHERE ( ejd_room.iroom_status = 1 )  [ RunTime:0.0001s ]
SQL: SELECT * FROM `ejd_room_price` WHERE ( type=1 and ctime >= '' )  [ RunTime:0.0131s ]
SQL: SELECT * FROM `ejd_room_price` WHERE ( type=2 and ctime >= '' )  [ RunTime:0.0559s ]
SQL: SELECT `roomid`,`begtime`,`endtime`,`room_number`,`status` FROM `ejd_order` WHERE ( status > 0 )  [ RunTime:0.0228s ]

[ 2020-11-24T10:03:55+08:00 ] 222.222.158.49 /admin/hotel/fjedit
SQL: SELECT * FROM `ejd_users` WHERE ( id=4 ) LIMIT 1   [ RunTime:0.0002s ]
SQL: SELECT `role_id` FROM ejd_role_user a INNER JOIN ejd_role as b on a.role_id =b.id  WHERE `user_id` = '4' AND `status` = 1  [ RunTime:0.0001s ]
SQL: SELECT * FROM ejd_auth_access a INNER JOIN ejd_auth_rule as b on a.rule_name =b.name  WHERE a.role_id IN ('4','6','8') AND b.name IN ('admin/hotel/fjedit')  [ RunTime:0.0001s ]
SQL: SELECT `room_name`,`id`,`clevel_price0`,`total_number` FROM `ejd_room` WHERE ( iroom_status = 1 )  [ RunTime:0.0001s ]

[ 2020-11-24T10:04:14+08:00 ] 222.222.158.49 /admin/hotel/fjedit_post
SQL: SELECT * FROM `ejd_users` WHERE ( id=4 ) LIMIT 1   [ RunTime:0.0001s ]
SQL: SELECT `role_id` FROM ejd_role_user a INNER JOIN ejd_role as b on a.role_id =b.id  WHERE `user_id` = '4' AND `status` = 1  [ RunTime:0.0001s ]
SQL: SELECT * FROM ejd_auth_access a INNER JOIN ejd_auth_rule as b on a.rule_name =b.name  WHERE a.role_id IN ('4','6','8') AND b.name IN ('admin/hotel/fjedit_post')  [ RunTime:0.0001s ]
SQL: INSERT INTO `ejd_room_role` (`priceroomid`,`type`,`startTime`,`endTime`,`pweek`,`price`,`vipprice`,`created`,`creatuid`) VALUES ('8','1','1606406400','1606406400','{\"1\":\"1\",\"2\":\"2\",\"3\":\"3\",\"4\":\"4\",\"5\":\"5\",\"6\":\"6\",\"7\":\"0\"}',NULL,'1599','1606183454','4') [ RunTime:0.0216s ]
SQL: SELECT * FROM `ejd_room_role` WHERE ( id='1933' ) LIMIT 1   [ RunTime:0.0051s ]
SQL: SELECT * FROM `ejd_room_price` WHERE `hotel_id` = 8 AND `type` = 1  [ RunTime:0.0041s ]
SQL: UPDATE `ejd_room_price` SET `price`='1599' WHERE `hotel_id` = 8 AND `ctime` = 1606406400 AND `type` = 1 [ RunTime:0.0067s ]

[ 2020-11-24T10:04:15+08:00 ] 222.222.158.49 /admin/hotel/fjindex
SQL: SELECT * FROM `ejd_users` WHERE ( id=4 ) LIMIT 1   [ RunTime:0.0001s ]
SQL: SELECT `role_id` FROM ejd_role_user a INNER JOIN ejd_role as b on a.role_id =b.id  WHERE `user_id` = '4' AND `status` = 1  [ RunTime:0.0001s ]
SQL: SELECT * FROM ejd_auth_access a INNER JOIN ejd_auth_rule as b on a.rule_name =b.name  WHERE a.role_id IN ('4','6','8') AND b.name IN ('admin/hotel/fjindex')  [ RunTime:0.0001s ]
SQL: SELECT `room_name`,`id` FROM `ejd_room` WHERE ( iroom_status = 1 )  [ RunTime:0.0001s ]
SQL: SELECT ejd_room.room_name,ejd_room.id,ejd_room.clevel_price0,ejd_room.total_number FROM `ejd_room` WHERE ( ejd_room.iroom_status = 1 )  [ RunTime:0.0001s ]
SQL: SELECT * FROM `ejd_room_price` WHERE ( type=1 and ctime >= '' )  [ RunTime:0.0156s ]
SQL: SELECT * FROM `ejd_room_price` WHERE ( type=2 and ctime >= '' )  [ RunTime:0.1344s ]
SQL: SELECT `roomid`,`begtime`,`endtime`,`room_number`,`status` FROM `ejd_order` WHERE ( status > 0 )  [ RunTime:0.0603s ]

