[ 2020-12-07T15:23:39+08:00 ] 222.222.158.49 /admin/public/dologin
SQL: SELECT * FROM `ejd_users` WHERE `user_login` = '梁田田' LIMIT 1   [ RunTime:0.0008s ]
SQL: SELECT `role_id` FROM ejd_role_user a INNER JOIN ejd_role as b on a.role_id =b.id  WHERE `user_id` = '4' AND `status` = 1  [ RunTime:0.0062s ]
SQL: UPDATE `ejd_users` SET `user_login`='梁田田',`user_pass`='###09e97cc5da55295f9d93cbfd56637e5f',`user_nicename`='',`user_email`='5656@56.com',`user_url`='',`avatar`=NULL,`sex`='0',`birthday`=NULL,`signature`=NULL,`last_login_ip`='222.222.158.49',`last_login_time`='2020-12-07 15:23:39',`create_time`='2016-09-18 13:20:59',`user_activation_key`='',`user_status`='1',`score`='0',`user_type`='1',`coin`='0',`mobile`='' WHERE `id` = '4' [ RunTime:0.0014s ]

[ 2020-12-07T15:23:41+08:00 ] 222.222.158.49 /admin/index/index
SQL: SELECT * FROM `ejd_users` WHERE ( id=4 ) LIMIT 1   [ RunTime:0.0003s ]
SQL: SELECT * FROM `ejd_menu` WHERE `parentid` = 0 AND `status` = 1 ORDER BY `listorder` ASC  [ RunTime:0.0020s ]
SQL: SELECT `role_id` FROM ejd_role_user a INNER JOIN ejd_role as b on a.role_id =b.id  WHERE `user_id` = '4' AND `status` = 1  [ RunTime:0.0001s ]
SQL: SELECT * FROM ejd_auth_access a INNER JOIN ejd_auth_rule as b on a.rule_name =b.name  WHERE a.role_id IN ('4','6','8') AND b.name IN ('admin/setting/default')  [ RunTime:0.0026s ]
SQL: SELECT `role_id` FROM ejd_role_user a INNER JOIN ejd_role as b on a.role_id =b.id  WHERE `user_id` = '4' AND `status` = 1  [ RunTime:0.0001s ]
SQL: SELECT * FROM ejd_auth_access a INNER JOIN ejd_auth_rule as b on a.rule_name =b.name  WHERE a.role_id IN ('4','6','8') AND b.name IN ('admin/order/default')  [ RunTime:0.0009s ]
SQL: SELECT `role_id` FROM ejd_role_user a INNER JOIN ejd_role as b on a.role_id =b.id  WHERE `user_id` = '4' AND `status` = 1  [ RunTime:0.0001s ]
SQL: SELECT * FROM ejd_auth_access a INNER JOIN ejd_auth_rule as b on a.rule_name =b.name  WHERE a.role_id IN ('4','6','8') AND b.name IN ('user/indexadmin/default')  [ RunTime:0.0006s ]
SQL: SELECT `role_id` FROM ejd_role_user a INNER JOIN ejd_role as b on a.role_id =b.id  WHERE `user_id` = '4' AND `status` = 1  [ RunTime:0.0000s ]
SQL: SELECT * FROM ejd_auth_access a INNER JOIN ejd_auth_rule as b on a.rule_name =b.name  WHERE a.role_id IN ('4','6','8') AND b.name IN ('admin/hotel/default')  [ RunTime:0.0005s ]
SQL: SELECT `role_id` FROM ejd_role_user a INNER JOIN ejd_role as b on a.role_id =b.id  WHERE `user_id` = '4' AND `status` = 1  [ RunTime:0.0001s ]
SQL: SELECT * FROM ejd_auth_access a INNER JOIN ejd_auth_rule as b on a.rule_name =b.name  WHERE a.role_id IN ('4','6','8') AND b.name IN ('admin/content/default')  [ RunTime:0.0003s ]
SQL: SELECT `role_id` FROM ejd_role_user a INNER JOIN ejd_role as b on a.role_id =b.id  WHERE `user_id` = '4' AND `status` = 1  [ RunTime:0.0000s ]
SQL: SELECT * FROM ejd_auth_access a INNER JOIN ejd_auth_rule as b on a.rule_name =b.name  WHERE a.role_id IN ('4','6','8') AND b.name IN ('admin/wechat/default')  [ RunTime:0.0004s ]
SQL: SELECT `role_id` FROM ejd_role_user a INNER JOIN ejd_role as b on a.role_id =b.id  WHERE `user_id` = '4' AND `status` = 1  [ RunTime:0.0000s ]
SQL: SELECT * FROM ejd_auth_access a INNER JOIN ejd_auth_rule as b on a.rule_name =b.name  WHERE a.role_id IN ('4','6','8') AND b.name IN ('admin/import/default')  [ RunTime:0.0003s ]
SQL: SELECT * FROM `ejd_menu` WHERE `parentid` = 109 AND `status` = 1 ORDER BY `listorder` ASC  [ RunTime:0.0003s ]
SQL: SELECT `role_id` FROM ejd_role_user a INNER JOIN ejd_role as b on a.role_id =b.id  WHERE `user_id` = '4' AND `status` = 1  [ RunTime:0.0000s ]
SQL: SELECT * FROM ejd_auth_access a INNER JOIN ejd_auth_rule as b on a.rule_name =b.name  WHERE a.role_id IN ('4','6','8') AND b.name IN ('admin/setting/userdefault')  [ RunTime:0.0003s ]
SQL: SELECT `role_id` FROM ejd_role_user a INNER JOIN ejd_role as b on a.role_id =b.id  WHERE `user_id` = '4' AND `status` = 1  [ RunTime:0.0000s ]
SQL: SELECT * FROM ejd_auth_access a INNER JOIN ejd_auth_rule as b on a.rule_name =b.name  WHERE a.role_id IN ('4','6','8') AND b.name IN ('admin/setting/site')  [ RunTime:0.0003s ]
SQL: SELECT `role_id` FROM ejd_role_user a INNER JOIN ejd_role as b on a.role_id =b.id  WHERE `user_id` = '4' AND `status` = 1  [ RunTime:0.0000s ]
SQL: SELECT * FROM ejd_auth_access a INNER JOIN ejd_auth_rule as b on a.rule_name =b.name  WHERE a.role_id IN ('4','6','8') AND b.name IN ('admin/menu/index')  [ RunTime:0.0003s ]
SQL: SELECT `role_id` FROM ejd_role_user a INNER JOIN ejd_role as b on a.role_id =b.id  WHERE `user_id` = '4' AND `status` = 1  [ RunTime:0.0001s ]
SQL: SELECT * FROM ejd_auth_access a INNER JOIN ejd_auth_rule as b on a.rule_name =b.name  WHERE a.role_id IN ('4','6','8') AND b.name IN ('user/indexadmin/default3')  [ RunTime:0.0004s ]
SQL: SELECT `role_id` FROM ejd_role_user a INNER JOIN ejd_role as b on a.role_id =b.id  WHERE `user_id` = '4' AND `status` = 1  [ RunTime:0.0000s ]
SQL: SELECT * FROM ejd_auth_access a INNER JOIN ejd_auth_rule as b on a.rule_name =b.name  WHERE a.role_id IN ('4','6','8') AND b.name IN ('admin/backup/default')  [ RunTime:0.0003s ]
SQL: SELECT `role_id` FROM ejd_role_user a INNER JOIN ejd_role as b on a.role_id =b.id  WHERE `user_id` = '4' AND `status` = 1  [ RunTime:0.0000s ]
SQL: SELECT * FROM ejd_auth_access a INNER JOIN ejd_auth_rule as b on a.rule_name =b.name  WHERE a.role_id IN ('4','6','8') AND b.name IN ('admin/mailer/default')  [ RunTime:0.0003s ]
SQL: SELECT `role_id` FROM ejd_role_user a INNER JOIN ejd_role as b on a.role_id =b.id  WHERE `user_id` = '4' AND `status` = 1  [ RunTime:0.0000s ]
SQL: SELECT * FROM ejd_auth_access a INNER JOIN ejd_auth_rule as b on a.rule_name =b.name  WHERE a.role_id IN ('4','6','8') AND b.name IN ('admin/setting/clearcache')  [ RunTime:0.0003s ]
SQL: SELECT * FROM `ejd_menu` WHERE `parentid` = 110 AND `status` = 1 ORDER BY `listorder` ASC  [ RunTime:0.0002s ]
SQL: SELECT `role_id` FROM ejd_role_user a INNER JOIN ejd_role as b on a.role_id =b.id  WHERE `user_id` = '4' AND `status` = 1  [ RunTime:0.0000s ]
SQL: SELECT * FROM ejd_auth_access a INNER JOIN ejd_auth_rule as b on a.rule_name =b.name  WHERE a.role_id IN ('4','6','8') AND b.name IN ('admin/user/userinfo')  [ RunTime:0.0003s ]
SQL: SELECT `role_id` FROM ejd_role_user a INNER JOIN ejd_role as b on a.role_id =b.id  WHERE `user_id` = '4' AND `status` = 1  [ RunTime:0.0000s ]
SQL: SELECT * FROM ejd_auth_access a INNER JOIN ejd_auth_rule as b on a.rule_name =b.name  WHERE a.role_id IN ('4','6','8') AND b.name IN ('admin/setting/password')  [ RunTime:0.0003s ]
SQL: SELECT * FROM `ejd_menu` WHERE `parentid` = 111 AND `status` = 1 ORDER BY `listorder` ASC  [ RunTime:0.0002s ]
SQL: SELECT * FROM `ejd_menu` WHERE `parentid` = 113 AND `status` = 1 ORDER BY `listorder` ASC  [ RunTime:0.0002s ]
SQL: SELECT * FROM `ejd_menu` WHERE `parentid` = 115 AND `status` = 1 ORDER BY `listorder` ASC  [ RunTime:0.0002s ]
SQL: SELECT * FROM `ejd_menu` WHERE `parentid` = 100 AND `status` = 1 ORDER BY `listorder` ASC  [ RunTime:0.0002s ]
SQL: SELECT * FROM `ejd_menu` WHERE `parentid` = 139 AND `status` = 1 ORDER BY `listorder` ASC  [ RunTime:0.0002s ]
SQL: SELECT `role_id` FROM ejd_role_user a INNER JOIN ejd_role as b on a.role_id =b.id  WHERE `user_id` = '4' AND `status` = 1  [ RunTime:0.0001s ]
SQL: SELECT * FROM ejd_auth_access a INNER JOIN ejd_auth_rule as b on a.rule_name =b.name  WHERE a.role_id IN ('4','6','8') AND b.name IN ('admin/rbac/index')  [ RunTime:0.0003s ]
SQL: SELECT `role_id` FROM ejd_role_user a INNER JOIN ejd_role as b on a.role_id =b.id  WHERE `user_id` = '4' AND `status` = 1  [ RunTime:0.0001s ]
SQL: SELECT * FROM ejd_auth_access a INNER JOIN ejd_auth_rule as b on a.rule_name =b.name  WHERE a.role_id IN ('4','6','8') AND b.name IN ('admin/user/index')  [ RunTime:0.0003s ]
SQL: SELECT * FROM `ejd_menu` WHERE `parentid` = 140 AND `status` = 1 ORDER BY `listorder` ASC  [ RunTime:0.0002s ]
SQL: SELECT `role_id` FROM ejd_role_user a INNER JOIN ejd_role as b on a.role_id =b.id  WHERE `user_id` = '4' AND `status` = 1  [ RunTime:0.0000s ]
SQL: SELECT * FROM ejd_auth_access a INNER JOIN ejd_auth_rule as b on a.rule_name =b.name  WHERE a.role_id IN ('4','6','8') AND b.name IN ('admin/rbac/roledelete')  [ RunTime:0.0003s ]
SQL: SELECT `role_id` FROM ejd_role_user a INNER JOIN ejd_role as b on a.role_id =b.id  WHERE `user_id` = '4' AND `status` = 1  [ RunTime:0.0001s ]
SQL: SELECT * FROM ejd_auth_access a INNER JOIN ejd_auth_rule as b on a.rule_name =b.name  WHERE a.role_id IN ('4','6','8') AND b.name IN ('admin/rbac/roleadd')  [ RunTime:0.0003s ]
SQL: SELECT * FROM `ejd_menu` WHERE `parentid` = 146 AND `status` = 1 ORDER BY `listorder` ASC  [ RunTime:0.0002s ]
SQL: SELECT * FROM `ejd_menu` WHERE `parentid` = 147 AND `status` = 1 ORDER BY `listorder` ASC  [ RunTime:0.0001s ]
SQL: SELECT * FROM `ejd_menu` WHERE `parentid` = 149 AND `status` = 1 ORDER BY `listorder` ASC  [ RunTime:0.0002s ]
SQL: SELECT * FROM `ejd_menu` WHERE `parentid` = 40 AND `status` = 1 ORDER BY `listorder` ASC  [ RunTime:0.0002s ]
SQL: SELECT `role_id` FROM ejd_role_user a INNER JOIN ejd_role as b on a.role_id =b.id  WHERE `user_id` = '4' AND `status` = 1  [ RunTime:0.0000s ]
SQL: SELECT * FROM ejd_auth_access a INNER JOIN ejd_auth_rule as b on a.rule_name =b.name  WHERE a.role_id IN ('4','6','8') AND b.name IN ('admin/backup/restore')  [ RunTime:0.0003s ]
SQL: SELECT `role_id` FROM ejd_role_user a INNER JOIN ejd_role as b on a.role_id =b.id  WHERE `user_id` = '4' AND `status` = 1  [ RunTime:0.0001s ]
SQL: SELECT * FROM ejd_auth_access a INNER JOIN ejd_auth_rule as b on a.rule_name =b.name  WHERE a.role_id IN ('4','6','8') AND b.name IN ('admin/backup/index')  [ RunTime:0.0003s ]
SQL: SELECT * FROM `ejd_menu` WHERE `parentid` = 41 AND `status` = 1 ORDER BY `listorder` ASC  [ RunTime:0.0002s ]
SQL: SELECT * FROM `ejd_menu` WHERE `parentid` = 42 AND `status` = 1 ORDER BY `listorder` ASC  [ RunTime:0.0002s ]
SQL: SELECT * FROM `ejd_menu` WHERE `parentid` = 126 AND `status` = 1 ORDER BY `listorder` ASC  [ RunTime:0.0002s ]
SQL: SELECT `role_id` FROM ejd_role_user a INNER JOIN ejd_role as b on a.role_id =b.id  WHERE `user_id` = '4' AND `status` = 1  [ RunTime:0.0000s ]
SQL: SELECT * FROM ejd_auth_access a INNER JOIN ejd_auth_rule as b on a.rule_name =b.name  WHERE a.role_id IN ('4','6','8') AND b.name IN ('admin/mailer/index')  [ RunTime:0.0003s ]
SQL: SELECT `role_id` FROM ejd_role_user a INNER JOIN ejd_role as b on a.role_id =b.id  WHERE `user_id` = '4' AND `status` = 1  [ RunTime:0.0001s ]
SQL: SELECT * FROM ejd_auth_access a INNER JOIN ejd_auth_rule as b on a.rule_name =b.name  WHERE a.role_id IN ('4','6','8') AND b.name IN ('admin/mailer/active')  [ RunTime:0.0003s ]
SQL: SELECT * FROM `ejd_menu` WHERE `parentid` = 127 AND `status` = 1 ORDER BY `listorder` ASC  [ RunTime:0.0002s ]
SQL: SELECT * FROM `ejd_menu` WHERE `parentid` = 129 AND `status` = 1 ORDER BY `listorder` ASC  [ RunTime:0.0002s ]
SQL: SELECT * FROM `ejd_menu` WHERE `parentid` = 131 AND `status` = 1 ORDER BY `listorder` ASC  [ RunTime:0.0002s ]
SQL: SELECT * FROM `ejd_menu` WHERE `parentid` = 85 AND `status` = 1 ORDER BY `listorder` ASC  [ RunTime:0.0002s ]
SQL: SELECT `role_id` FROM ejd_role_user a INNER JOIN ejd_role as b on a.role_id =b.id  WHERE `user_id` = '4' AND `status` = 1  [ RunTime:0.0001s ]
SQL: SELECT * FROM ejd_auth_access a INNER JOIN ejd_auth_rule as b on a.rule_name =b.name  WHERE a.role_id IN ('4','6','8') AND b.name IN ('admin/order/kflist')  [ RunTime:0.0004s ]
SQL: SELECT `role_id` FROM ejd_role_user a INNER JOIN ejd_role as b on a.role_id =b.id  WHERE `user_id` = '4' AND `status` = 1  [ RunTime:0.0000s ]
SQL: SELECT * FROM ejd_auth_access a INNER JOIN ejd_auth_rule as b on a.rule_name =b.name  WHERE a.role_id IN ('4','6','8') AND b.name IN ('admin/order/cylist')  [ RunTime:0.0004s ]
SQL: SELECT `role_id` FROM ejd_role_user a INNER JOIN ejd_role as b on a.role_id =b.id  WHERE `user_id` = '4' AND `status` = 1  [ RunTime:0.0001s ]
SQL: SELECT * FROM ejd_auth_access a INNER JOIN ejd_auth_rule as b on a.rule_name =b.name  WHERE a.role_id IN ('4','6','8') AND b.name IN ('admin/order/xyyllist')  [ RunTime:0.0004s ]
SQL: SELECT `role_id` FROM ejd_role_user a INNER JOIN ejd_role as b on a.role_id =b.id  WHERE `user_id` = '4' AND `status` = 1  [ RunTime:0.0000s ]
SQL: SELECT * FROM ejd_auth_access a INNER JOIN ejd_auth_rule as b on a.rule_name =b.name  WHERE a.role_id IN ('4','6','8') AND b.name IN ('admin/order/hyyhlist')  [ RunTime:0.0004s ]
SQL: SELECT `role_id` FROM ejd_role_user a INNER JOIN ejd_role as b on a.role_id =b.id  WHERE `user_id` = '4' AND `status` = 1  [ RunTime:0.0000s ]
SQL: SELECT * FROM ejd_auth_access a INNER JOIN ejd_auth_rule as b on a.rule_name =b.name  WHERE a.role_id IN ('4','6','8') AND b.name IN ('admin/xymcode/index')  [ RunTime:0.0005s ]
SQL: SELECT `role_id` FROM ejd_role_user a INNER JOIN ejd_role as b on a.role_id =b.id  WHERE `user_id` = '4' AND `status` = 1  [ RunTime:0.0000s ]
SQL: SELECT * FROM ejd_auth_access a INNER JOIN ejd_auth_rule as b on a.rule_name =b.name  WHERE a.role_id IN ('4','6','8') AND b.name IN ('admin/order/countorder')  [ RunTime:0.0004s ]
SQL: SELECT * FROM `ejd_menu` WHERE `parentid` = 162 AND `status` = 1 ORDER BY `listorder` ASC  [ RunTime:0.0002s ]
SQL: SELECT * FROM `ejd_menu` WHERE `parentid` = 163 AND `status` = 1 ORDER BY `listorder` ASC  [ RunTime:0.0002s ]
SQL: SELECT * FROM `ejd_menu` WHERE `parentid` = 164 AND `status` = 1 ORDER BY `listorder` ASC  [ RunTime:0.0002s ]
SQL: SELECT * FROM `ejd_menu` WHERE `parentid` = 165 AND `status` = 1 ORDER BY `listorder` ASC  [ RunTime:0.0001s ]
SQL: SELECT * FROM `ejd_menu` WHERE `parentid` = 271 AND `status` = 1 ORDER BY `listorder` ASC  [ RunTime:0.0001s ]
SQL: SELECT * FROM `ejd_menu` WHERE `parentid` = 275 AND `status` = 1 ORDER BY `listorder` ASC  [ RunTime:0.0002s ]
SQL: SELECT * FROM `ejd_menu` WHERE `parentid` = 132 AND `status` = 1 ORDER BY `listorder` ASC  [ RunTime:0.0002s ]
SQL: SELECT `role_id` FROM ejd_role_user a INNER JOIN ejd_role as b on a.role_id =b.id  WHERE `user_id` = '4' AND `status` = 1  [ RunTime:0.0000s ]
SQL: SELECT * FROM ejd_auth_access a INNER JOIN ejd_auth_rule as b on a.rule_name =b.name  WHERE a.role_id IN ('4','6','8') AND b.name IN ('user/wxadmin/index')  [ RunTime:0.0004s ]
SQL: SELECT `role_id` FROM ejd_role_user a INNER JOIN ejd_role as b on a.role_id =b.id  WHERE `user_id` = '4' AND `status` = 1  [ RunTime:0.0000s ]
SQL: SELECT * FROM ejd_auth_access a INNER JOIN ejd_auth_rule as b on a.rule_name =b.name  WHERE a.role_id IN ('4','6','8') AND b.name IN ('user/indexadmin/index')  [ RunTime:0.0003s ]
SQL: SELECT * FROM `ejd_menu` WHERE `parentid` = 133 AND `status` = 1 ORDER BY `listorder` ASC  [ RunTime:0.0002s ]
SQL: SELECT * FROM `ejd_menu` WHERE `parentid` = 134 AND `status` = 1 ORDER BY `listorder` ASC  [ RunTime:0.0002s ]
SQL: SELECT * FROM `ejd_menu` WHERE `parentid` = 166 AND `status` = 1 ORDER BY `listorder` ASC  [ RunTime:0.0002s ]
SQL: SELECT `role_id` FROM ejd_role_user a INNER JOIN ejd_role as b on a.role_id =b.id  WHERE `user_id` = '4' AND `status` = 1  [ RunTime:0.0001s ]
SQL: SELECT * FROM ejd_auth_access a INNER JOIN ejd_auth_rule as b on a.rule_name =b.name  WHERE a.role_id IN ('4','6','8') AND b.name IN ('admin/hotel/fxindex')  [ RunTime:0.0004s ]
SQL: SELECT `role_id` FROM ejd_role_user a INNER JOIN ejd_role as b on a.role_id =b.id  WHERE `user_id` = '4' AND `status` = 1  [ RunTime:0.0001s ]
SQL: SELECT * FROM ejd_auth_access a INNER JOIN ejd_auth_rule as b on a.rule_name =b.name  WHERE a.role_id IN ('4','6','8') AND b.name IN ('admin/hotel/ctindex')  [ RunTime:0.0005s ]
SQL: SELECT `role_id` FROM ejd_role_user a INNER JOIN ejd_role as b on a.role_id =b.id  WHERE `user_id` = '4' AND `status` = 1  [ RunTime:0.0001s ]
SQL: SELECT * FROM ejd_auth_access a INNER JOIN ejd_auth_rule as b on a.rule_name =b.name  WHERE a.role_id IN ('4','6','8') AND b.name IN ('admin/hotel/hyyhindex')  [ RunTime:0.0005s ]
SQL: SELECT `role_id` FROM ejd_role_user a INNER JOIN ejd_role as b on a.role_id =b.id  WHERE `user_id` = '4' AND `status` = 1  [ RunTime:0.0000s ]
SQL: SELECT * FROM ejd_auth_access a INNER JOIN ejd_auth_rule as b on a.rule_name =b.name  WHERE a.role_id IN ('4','6','8') AND b.name IN ('admin/hotel/xyylindex')  [ RunTime:0.0004s ]
SQL: SELECT `role_id` FROM ejd_role_user a INNER JOIN ejd_role as b on a.role_id =b.id  WHERE `user_id` = '4' AND `status` = 1  [ RunTime:0.0000s ]
SQL: SELECT * FROM ejd_auth_access a INNER JOIN ejd_auth_rule as b on a.rule_name =b.name  WHERE a.role_id IN ('4','6','8') AND b.name IN ('admin/hotel/photo')  [ RunTime:0.0004s ]
SQL: SELECT `role_id` FROM ejd_role_user a INNER JOIN ejd_role as b on a.role_id =b.id  WHERE `user_id` = '4' AND `status` = 1  [ RunTime:0.0000s ]
SQL: SELECT * FROM ejd_auth_access a INNER JOIN ejd_auth_rule as b on a.rule_name =b.name  WHERE a.role_id IN ('4','6','8') AND b.name IN ('admin/hotel/info')  [ RunTime:0.0006s ]
SQL: SELECT `role_id` FROM ejd_role_user a INNER JOIN ejd_role as b on a.role_id =b.id  WHERE `user_id` = '4' AND `status` = 1  [ RunTime:0.0001s ]
SQL: SELECT * FROM ejd_auth_access a INNER JOIN ejd_auth_rule as b on a.rule_name =b.name  WHERE a.role_id IN ('4','6','8') AND b.name IN ('admin/hotel/recommend')  [ RunTime:0.0005s ]
SQL: SELECT `role_id` FROM ejd_role_user a INNER JOIN ejd_role as b on a.role_id =b.id  WHERE `user_id` = '4' AND `status` = 1  [ RunTime:0.0000s ]
SQL: SELECT * FROM ejd_auth_access a INNER JOIN ejd_auth_rule as b on a.rule_name =b.name  WHERE a.role_id IN ('4','6','8') AND b.name IN ('admin/hotel/nearinfo')  [ RunTime:0.0004s ]
SQL: SELECT `role_id` FROM ejd_role_user a INNER JOIN ejd_role as b on a.role_id =b.id  WHERE `user_id` = '4' AND `status` = 1  [ RunTime:0.0001s ]
SQL: SELECT * FROM ejd_auth_access a INNER JOIN ejd_auth_rule as b on a.rule_name =b.name  WHERE a.role_id IN ('4','6','8') AND b.name IN ('admin/hotel/contact')  [ RunTime:0.0004s ]
SQL: SELECT * FROM `ejd_menu` WHERE `parentid` = 167 AND `status` = 1 ORDER BY `listorder` ASC  [ RunTime:0.0002s ]
SQL: SELECT * FROM `ejd_menu` WHERE `parentid` = 168 AND `status` = 1 ORDER BY `listorder` ASC  [ RunTime:0.0002s ]
SQL: SELECT * FROM `ejd_menu` WHERE `parentid` = 169 AND `status` = 1 ORDER BY `listorder` ASC  [ RunTime:0.0002s ]
SQL: SELECT * FROM `ejd_menu` WHERE `parentid` = 170 AND `status` = 1 ORDER BY `listorder` ASC  [ RunTime:0.0002s ]
SQL: SELECT * FROM `ejd_menu` WHERE `parentid` = 171 AND `status` = 1 ORDER BY `listorder` ASC  [ RunTime:0.0002s ]
SQL: SELECT * FROM `ejd_menu` WHERE `parentid` = 174 AND `status` = 1 ORDER BY `listorder` ASC  [ RunTime:0.0002s ]
SQL: SELECT * FROM `ejd_menu` WHERE `parentid` = 175 AND `status` = 1 ORDER BY `listorder` ASC  [ RunTime:0.0001s ]
SQL: SELECT * FROM `ejd_menu` WHERE `parentid` = 176 AND `status` = 1 ORDER BY `listorder` ASC  [ RunTime:0.0002s ]
SQL: SELECT * FROM `ejd_menu` WHERE `parentid` = 245 AND `status` = 1 ORDER BY `listorder` ASC  [ RunTime:0.0002s ]
SQL: SELECT * FROM `ejd_menu` WHERE `parentid` = 1 AND `status` = 1 ORDER BY `listorder` ASC  [ RunTime:0.0003s ]
SQL: SELECT `role_id` FROM ejd_role_user a INNER JOIN ejd_role as b on a.role_id =b.id  WHERE `user_id` = '4' AND `status` = 1  [ RunTime:0.0001s ]
SQL: SELECT * FROM ejd_auth_access a INNER JOIN ejd_auth_rule as b on a.rule_name =b.name  WHERE a.role_id IN ('4','6','8') AND b.name IN ('portal/adminterm/index')  [ RunTime:0.0005s ]
SQL: SELECT `role_id` FROM ejd_role_user a INNER JOIN ejd_role as b on a.role_id =b.id  WHERE `user_id` = '4' AND `status` = 1  [ RunTime:0.0001s ]
SQL: SELECT * FROM ejd_auth_access a INNER JOIN ejd_auth_rule as b on a.rule_name =b.name  WHERE a.role_id IN ('4','6','8') AND b.name IN ('portal/adminpost/index')  [ RunTime:0.0004s ]
SQL: SELECT `role_id` FROM ejd_role_user a INNER JOIN ejd_role as b on a.role_id =b.id  WHERE `user_id` = '4' AND `status` = 1  [ RunTime:0.0000s ]
SQL: SELECT * FROM ejd_auth_access a INNER JOIN ejd_auth_rule as b on a.rule_name =b.name  WHERE a.role_id IN ('4','6','8') AND b.name IN ('admin/slide/default')  [ RunTime:0.0004s ]
SQL: SELECT `role_id` FROM ejd_role_user a INNER JOIN ejd_role as b on a.role_id =b.id  WHERE `user_id` = '4' AND `status` = 1  [ RunTime:0.0000s ]
SQL: SELECT * FROM ejd_auth_access a INNER JOIN ejd_auth_rule as b on a.rule_name =b.name  WHERE a.role_id IN ('4','6','8') AND b.name IN ('admin/navcat/default1')  [ RunTime:0.0003s ]
SQL: SELECT `role_id` FROM ejd_role_user a INNER JOIN ejd_role as b on a.role_id =b.id  WHERE `user_id` = '4' AND `status` = 1  [ RunTime:0.0001s ]
SQL: SELECT * FROM ejd_auth_access a INNER JOIN ejd_auth_rule as b on a.rule_name =b.name  WHERE a.role_id IN ('4','6','8') AND b.name IN ('portal/adminpage/index')  [ RunTime:0.0003s ]
SQL: SELECT `role_id` FROM ejd_role_user a INNER JOIN ejd_role as b on a.role_id =b.id  WHERE `user_id` = '4' AND `status` = 1  [ RunTime:0.0000s ]
SQL: SELECT * FROM ejd_auth_access a INNER JOIN ejd_auth_rule as b on a.rule_name =b.name  WHERE a.role_id IN ('4','6','8') AND b.name IN ('admin/link/index')  [ RunTime:0.0004s ]
SQL: SELECT `role_id` FROM ejd_role_user a INNER JOIN ejd_role as b on a.role_id =b.id  WHERE `user_id` = '4' AND `status` = 1  [ RunTime:0.0000s ]
SQL: SELECT * FROM ejd_auth_access a INNER JOIN ejd_auth_rule as b on a.rule_name =b.name  WHERE a.role_id IN ('4','6','8') AND b.name IN ('api/guestbookadmin/index')  [ RunTime:0.0003s ]
SQL: SELECT `role_id` FROM ejd_role_user a INNER JOIN ejd_role as b on a.role_id =b.id  WHERE `user_id` = '4' AND `status` = 1  [ RunTime:0.0000s ]
SQL: SELECT * FROM ejd_auth_access a INNER JOIN ejd_auth_rule as b on a.rule_name =b.name  WHERE a.role_id IN ('4','6','8') AND b.name IN ('comment/commentadmin/index')  [ RunTime:0.0004s ]
SQL: SELECT `role_id` FROM ejd_role_user a INNER JOIN ejd_role as b on a.role_id =b.id  WHERE `user_id` = '4' AND `status` = 1  [ RunTime:0.0000s ]
SQL: SELECT * FROM ejd_auth_access a INNER JOIN ejd_auth_rule as b on a.rule_name =b.name  WHERE a.role_id IN ('4','6','8') AND b.name IN ('admin/ad/index')  [ RunTime:0.0003s ]
SQL: SELECT `role_id` FROM ejd_role_user a INNER JOIN ejd_role as b on a.role_id =b.id  WHERE `user_id` = '4' AND `status` = 1  [ RunTime:0.0000s ]
SQL: SELECT * FROM ejd_auth_access a INNER JOIN ejd_auth_rule as b on a.rule_name =b.name  WHERE a.role_id IN ('4','6','8') AND b.name IN ('admin/recycle/default')  [ RunTime:0.0003s ]
SQL: SELECT * FROM `ejd_menu` WHERE `parentid` = 18 AND `status` = 1 ORDER BY `listorder` ASC  [ RunTime:0.0002s ]
SQL: SELECT * FROM `ejd_menu` WHERE `parentid` = 7 AND `status` = 1 ORDER BY `listorder` ASC  [ RunTime:0.0002s ]
SQL: SELECT * FROM `ejd_menu` WHERE `parentid` = 53 AND `status` = 1 ORDER BY `listorder` ASC  [ RunTime:0.0002s ]
SQL: SELECT `role_id` FROM ejd_role_user a INNER JOIN ejd_role as b on a.role_id =b.id  WHERE `user_id` = '4' AND `status` = 1  [ RunTime:0.0000s ]
SQL: SELECT * FROM ejd_auth_access a INNER JOIN ejd_auth_rule as b on a.rule_name =b.name  WHERE a.role_id IN ('4','6','8') AND b.name IN ('admin/slide/index')  [ RunTime:0.0004s ]
SQL: SELECT `role_id` FROM ejd_role_user a INNER JOIN ejd_role as b on a.role_id =b.id  WHERE `user_id` = '4' AND `status` = 1  [ RunTime:0.0001s ]
SQL: SELECT * FROM ejd_auth_access a INNER JOIN ejd_auth_rule as b on a.rule_name =b.name  WHERE a.role_id IN ('4','6','8') AND b.name IN ('admin/slidecat/index')  [ RunTime:0.0004s ]
SQL: SELECT * FROM `ejd_menu` WHERE `parentid` = 54 AND `status` = 1 ORDER BY `listorder` ASC  [ RunTime:0.0002s ]
SQL: SELECT * FROM `ejd_menu` WHERE `parentid` = 62 AND `status` = 1 ORDER BY `listorder` ASC  [ RunTime:0.0002s ]
SQL: SELECT * FROM `ejd_menu` WHERE `parentid` = 86 AND `status` = 1 ORDER BY `listorder` ASC  [ RunTime:0.0002s ]
SQL: SELECT `role_id` FROM ejd_role_user a INNER JOIN ejd_role as b on a.role_id =b.id  WHERE `user_id` = '4' AND `status` = 1  [ RunTime:0.0001s ]
SQL: SELECT * FROM ejd_auth_access a INNER JOIN ejd_auth_rule as b on a.rule_name =b.name  WHERE a.role_id IN ('4','6','8') AND b.name IN ('admin/nav/index')  [ RunTime:0.0003s ]
SQL: SELECT `role_id` FROM ejd_role_user a INNER JOIN ejd_role as b on a.role_id =b.id  WHERE `user_id` = '4' AND `status` = 1  [ RunTime:0.0001s ]
SQL: SELECT * FROM ejd_auth_access a INNER JOIN ejd_auth_rule as b on a.rule_name =b.name  WHERE a.role_id IN ('4','6','8') AND b.name IN ('admin/navcat/index')  [ RunTime:0.0004s ]
SQL: SELECT * FROM `ejd_menu` WHERE `parentid` = 87 AND `status` = 1 ORDER BY `listorder` ASC  [ RunTime:0.0002s ]
SQL: SELECT * FROM `ejd_menu` WHERE `parentid` = 94 AND `status` = 1 ORDER BY `listorder` ASC  [ RunTime:0.0002s ]
SQL: SELECT * FROM `ejd_menu` WHERE `parentid` = 25 AND `status` = 1 ORDER BY `listorder` ASC  [ RunTime:0.0002s ]
SQL: SELECT * FROM `ejd_menu` WHERE `parentid` = 75 AND `status` = 1 ORDER BY `listorder` ASC  [ RunTime:0.0002s ]
SQL: SELECT * FROM `ejd_menu` WHERE `parentid` = 2 AND `status` = 1 ORDER BY `listorder` ASC  [ RunTime:0.0002s ]
SQL: SELECT * FROM `ejd_menu` WHERE `parentid` = 4 AND `status` = 1 ORDER BY `listorder` ASC  [ RunTime:0.0002s ]
SQL: SELECT * FROM `ejd_menu` WHERE `parentid` = 68 AND `status` = 1 ORDER BY `listorder` ASC  [ RunTime:0.0002s ]
SQL: SELECT * FROM `ejd_menu` WHERE `parentid` = 32 AND `status` = 1 ORDER BY `listorder` ASC  [ RunTime:0.0002s ]
SQL: SELECT `role_id` FROM ejd_role_user a INNER JOIN ejd_role as b on a.role_id =b.id  WHERE `user_id` = '4' AND `status` = 1  [ RunTime:0.0001s ]
SQL: SELECT * FROM ejd_auth_access a INNER JOIN ejd_auth_rule as b on a.rule_name =b.name  WHERE a.role_id IN ('4','6','8') AND b.name IN ('portal/adminpost/recyclebin')  [ RunTime:0.0003s ]
SQL: SELECT `role_id` FROM ejd_role_user a INNER JOIN ejd_role as b on a.role_id =b.id  WHERE `user_id` = '4' AND `status` = 1  [ RunTime:0.0000s ]
SQL: SELECT * FROM ejd_auth_access a INNER JOIN ejd_auth_rule as b on a.rule_name =b.name  WHERE a.role_id IN ('4','6','8') AND b.name IN ('portal/adminpage/recyclebin')  [ RunTime:0.0003s ]
SQL: SELECT * FROM `ejd_menu` WHERE `parentid` = 33 AND `status` = 1 ORDER BY `listorder` ASC  [ RunTime:0.0002s ]
SQL: SELECT * FROM `ejd_menu` WHERE `parentid` = 36 AND `status` = 1 ORDER BY `listorder` ASC  [ RunTime:0.0002s ]
SQL: SELECT * FROM `ejd_menu` WHERE `parentid` = 172 AND `status` = 1 ORDER BY `listorder` ASC  [ RunTime:0.0002s ]
SQL: SELECT `role_id` FROM ejd_role_user a INNER JOIN ejd_role as b on a.role_id =b.id  WHERE `user_id` = '4' AND `status` = 1  [ RunTime:0.0000s ]
SQL: SELECT * FROM ejd_auth_access a INNER JOIN ejd_auth_rule as b on a.rule_name =b.name  WHERE a.role_id IN ('4','6','8') AND b.name IN ('admin/wechat/index')  [ RunTime:0.0007s ]
SQL: SELECT `role_id` FROM ejd_role_user a INNER JOIN ejd_role as b on a.role_id =b.id  WHERE `user_id` = '4' AND `status` = 1  [ RunTime:0.0000s ]
SQL: SELECT * FROM ejd_auth_access a INNER JOIN ejd_auth_rule as b on a.rule_name =b.name  WHERE a.role_id IN ('4','6','8') AND b.name IN ('admin/wechat/wx_message')  [ RunTime:0.0004s ]
SQL: SELECT `role_id` FROM ejd_role_user a INNER JOIN ejd_role as b on a.role_id =b.id  WHERE `user_id` = '4' AND `status` = 1  [ RunTime:0.0000s ]
SQL: SELECT * FROM ejd_auth_access a INNER JOIN ejd_auth_rule as b on a.rule_name =b.name  WHERE a.role_id IN ('4','6','8') AND b.name IN ('admin/shake/shake_list')  [ RunTime:0.0003s ]
SQL: SELECT `role_id` FROM ejd_role_user a INNER JOIN ejd_role as b on a.role_id =b.id  WHERE `user_id` = '4' AND `status` = 1  [ RunTime:0.0001s ]
SQL: SELECT * FROM ejd_auth_access a INNER JOIN ejd_auth_rule as b on a.rule_name =b.name  WHERE a.role_id IN ('4','6','8') AND b.name IN ('admin/shake/shake_prize')  [ RunTime:0.0004s ]
SQL: SELECT `role_id` FROM ejd_role_user a INNER JOIN ejd_role as b on a.role_id =b.id  WHERE `user_id` = '4' AND `status` = 1  [ RunTime:0.0000s ]
SQL: SELECT * FROM ejd_auth_access a INNER JOIN ejd_auth_rule as b on a.rule_name =b.name  WHERE a.role_id IN ('4','6','8') AND b.name IN ('admin/wxcontent/index')  [ RunTime:0.0004s ]
SQL: SELECT * FROM `ejd_menu` WHERE `parentid` = 173 AND `status` = 1 ORDER BY `listorder` ASC  [ RunTime:0.0002s ]
SQL: SELECT * FROM `ejd_menu` WHERE `parentid` = 246 AND `status` = 1 ORDER BY `listorder` ASC  [ RunTime:0.0002s ]
SQL: SELECT * FROM `ejd_menu` WHERE `parentid` = 249 AND `status` = 1 ORDER BY `listorder` ASC  [ RunTime:0.0002s ]
SQL: SELECT * FROM `ejd_menu` WHERE `parentid` = 250 AND `status` = 1 ORDER BY `listorder` ASC  [ RunTime:0.0002s ]
SQL: SELECT * FROM `ejd_menu` WHERE `parentid` = 251 AND `status` = 1 ORDER BY `listorder` ASC  [ RunTime:0.0002s ]
SQL: SELECT `role_id` FROM ejd_role_user a INNER JOIN ejd_role as b on a.role_id =b.id  WHERE `user_id` = '4' AND `status` = 1  [ RunTime:0.0001s ]
SQL: SELECT * FROM ejd_auth_access a INNER JOIN ejd_auth_rule as b on a.rule_name =b.name  WHERE a.role_id IN ('4','6','8') AND b.name IN ('portal/adminterm/index')  [ RunTime:0.0001s ]
SQL: SELECT `role_id` FROM ejd_role_user a INNER JOIN ejd_role as b on a.role_id =b.id  WHERE `user_id` = '4' AND `status` = 1  [ RunTime:0.0001s ]
SQL: SELECT * FROM ejd_auth_access a INNER JOIN ejd_auth_rule as b on a.rule_name =b.name  WHERE a.role_id IN ('4','6','8') AND b.name IN ('portal/adminpost/index')  [ RunTime:0.0001s ]
SQL: SELECT `role_id` FROM ejd_role_user a INNER JOIN ejd_role as b on a.role_id =b.id  WHERE `user_id` = '4' AND `status` = 1  [ RunTime:0.0001s ]
SQL: SELECT * FROM ejd_auth_access a INNER JOIN ejd_auth_rule as b on a.rule_name =b.name  WHERE a.role_id IN ('4','6','8') AND b.name IN ('admin/setting/clearcache')  [ RunTime:0.0001s ]
SQL: SELECT `role_id` FROM ejd_role_user a INNER JOIN ejd_role as b on a.role_id =b.id  WHERE `user_id` = '4' AND `status` = 1  [ RunTime:0.0001s ]
SQL: SELECT * FROM ejd_auth_access a INNER JOIN ejd_auth_rule as b on a.rule_name =b.name  WHERE a.role_id IN ('4','6','8') AND b.name IN ('admin/setting/site')  [ RunTime:0.0001s ]
SQL: SELECT `role_id` FROM ejd_role_user a INNER JOIN ejd_role as b on a.role_id =b.id  WHERE `user_id` = '4' AND `status` = 1  [ RunTime:0.0000s ]
SQL: SELECT * FROM ejd_auth_access a INNER JOIN ejd_auth_rule as b on a.rule_name =b.name  WHERE a.role_id IN ('4','6','8') AND b.name IN ('admin/user/userinfo')  [ RunTime:0.0001s ]

[ 2020-12-07T15:23:41+08:00 ] 222.222.158.49 /admin/main/index
SQL: SELECT * FROM `ejd_users` WHERE ( id=4 ) LIMIT 1   [ RunTime:0.0001s ]
SQL: select VERSION() as version [ RunTime:0.0067s ]
SQL: SELECT COUNT(*) AS tp_count FROM `ejd_order` WHERE ( status <3 and status > 0 and amount > 1 ) LIMIT 1   [ RunTime:0.0004s ]
SQL: SELECT COUNT(*) AS tp_count FROM `ejd_order_cy` WHERE ( status <3 and status > 0 ) LIMIT 1   [ RunTime:0.0029s ]
SQL: SELECT COUNT(*) AS tp_count FROM `ejd_order_yh` WHERE ( isdel = 0 ) LIMIT 1   [ RunTime:0.0011s ]
SQL: SELECT * FROM `ejd_fans` WHERE ( subscribe = 1 ) ORDER BY created desc LIMIT 5   [ RunTime:0.0852s ]

[ 2020-12-07T15:23:42+08:00 ] 222.222.158.49 /admin/themes/simplebootx/Public/assets/fonts/fonts/fontawesome-webfont-v=4.0.3.woff
ERR: 无法加载控制器:Themes

[ 2020-12-07T15:23:43+08:00 ] 222.222.158.49 /admin/main/orderprompt
SQL: SELECT * FROM `ejd_users` WHERE ( id=4 ) LIMIT 1   [ RunTime:0.0001s ]
SQL: SELECT `role_id` FROM ejd_role_user a INNER JOIN ejd_role as b on a.role_id =b.id  WHERE `user_id` = '4' AND `status` = 1  [ RunTime:0.0001s ]
SQL: SELECT * FROM ejd_auth_access a INNER JOIN ejd_auth_rule as b on a.rule_name =b.name  WHERE a.role_id IN ('4','6','8') AND b.name IN ('admin/main/orderprompt')  [ RunTime:0.0006s ]

[ 2020-12-07T15:23:46+08:00 ] 222.222.158.49 /admin/hotel/fxindex/menuid/167
SQL: SELECT * FROM `ejd_users` WHERE ( id=4 ) LIMIT 1   [ RunTime:0.0001s ]
SQL: SELECT `role_id` FROM ejd_role_user a INNER JOIN ejd_role as b on a.role_id =b.id  WHERE `user_id` = '4' AND `status` = 1  [ RunTime:0.0001s ]
SQL: SELECT * FROM ejd_auth_access a INNER JOIN ejd_auth_rule as b on a.rule_name =b.name  WHERE a.role_id IN ('4','6','8') AND b.name IN ('admin/hotel/fxindex')  [ RunTime:0.0001s ]
SQL: SELECT COUNT(*) AS tp_count FROM `ejd_room` WHERE ( iroom_status = 1 ) LIMIT 1   [ RunTime:0.0006s ]
SQL: SELECT `id`,`room_name`,`sort_index` FROM `ejd_room` WHERE ( iroom_status = 1 ) ORDER BY sort_index DESC LIMIT 0,10   [ RunTime:0.0002s ]

[ 2020-12-07T15:23:53+08:00 ] 222.222.158.49 /admin/hotel/fjindex
SQL: SELECT * FROM `ejd_users` WHERE ( id=4 ) LIMIT 1   [ RunTime:0.0001s ]
SQL: SELECT `role_id` FROM ejd_role_user a INNER JOIN ejd_role as b on a.role_id =b.id  WHERE `user_id` = '4' AND `status` = 1  [ RunTime:0.0001s ]
SQL: SELECT * FROM ejd_auth_access a INNER JOIN ejd_auth_rule as b on a.rule_name =b.name  WHERE a.role_id IN ('4','6','8') AND b.name IN ('admin/hotel/fjindex')  [ RunTime:0.0007s ]
SQL: SELECT `room_name`,`id` FROM `ejd_room` WHERE ( iroom_status = 1 )  [ RunTime:0.0002s ]
SQL: SELECT ejd_room.room_name,ejd_room.id,ejd_room.clevel_price0,ejd_room.total_number FROM `ejd_room` WHERE ( ejd_room.iroom_status = 1 )  [ RunTime:0.0047s ]
SQL: SELECT * FROM `ejd_room_price` WHERE ( type=1 and ctime >= '' )  [ RunTime:0.0134s ]
SQL: SELECT * FROM `ejd_room_price` WHERE ( type=2 and ctime >= '' )  [ RunTime:0.0080s ]
SQL: SELECT `roomid`,`begtime`,`endtime`,`room_number`,`status` FROM `ejd_order` WHERE ( status > 0 )  [ RunTime:0.0017s ]

[ 2020-12-07T15:23:55+08:00 ] 222.222.158.49 /admin/hotel/fledit
SQL: SELECT * FROM `ejd_users` WHERE ( id=4 ) LIMIT 1   [ RunTime:0.0001s ]
SQL: SELECT `role_id` FROM ejd_role_user a INNER JOIN ejd_role as b on a.role_id =b.id  WHERE `user_id` = '4' AND `status` = 1  [ RunTime:0.0001s ]
SQL: SELECT * FROM ejd_auth_access a INNER JOIN ejd_auth_rule as b on a.rule_name =b.name  WHERE a.role_id IN ('4','6','8') AND b.name IN ('admin/hotel/fledit')  [ RunTime:0.0011s ]
SQL: SELECT `room_name`,`id`,`clevel_price0`,`total_number` FROM `ejd_room` WHERE ( iroom_status = 1 )  [ RunTime:0.0002s ]

[ 2020-12-07T15:24:06+08:00 ] 222.222.158.49 /admin/hotel/fledit_post
SQL: SELECT * FROM `ejd_users` WHERE ( id=4 ) LIMIT 1   [ RunTime:0.0001s ]
SQL: SELECT `role_id` FROM ejd_role_user a INNER JOIN ejd_role as b on a.role_id =b.id  WHERE `user_id` = '4' AND `status` = 1  [ RunTime:0.0001s ]
SQL: SELECT * FROM ejd_auth_access a INNER JOIN ejd_auth_rule as b on a.rule_name =b.name  WHERE a.role_id IN ('4','6','8') AND b.name IN ('admin/hotel/fledit_post')  [ RunTime:0.0006s ]
SQL: INSERT INTO `ejd_room_role` (`priceroomid`,`type`,`startTime`,`endTime`,`pweek`,`roomnum`,`created`,`creatuid`) VALUES ('5','2','1607270400','1607270400','{\"1\":\"1\",\"2\":\"2\",\"3\":\"3\",\"4\":\"4\",\"5\":\"5\",\"6\":\"6\",\"7\":\"0\"}','0','1607325846','4') [ RunTime:0.0036s ]
SQL: SELECT * FROM `ejd_room_role` WHERE ( id='1940' ) LIMIT 1   [ RunTime:0.0002s ]
SQL: SELECT * FROM `ejd_room_price` WHERE `hotel_id` = 5 AND `type` = 2  [ RunTime:0.0040s ]
SQL: INSERT INTO `ejd_room_price` (`hotel_id`,`room_num`,`ctime`,`type`) VALUES ('5','0','1607270400','2') [ RunTime:0.0026s ]

[ 2020-12-07T15:24:07+08:00 ] 222.222.158.49 /admin/hotel/fjindex
SQL: SELECT * FROM `ejd_users` WHERE ( id=4 ) LIMIT 1   [ RunTime:0.0001s ]
SQL: SELECT `role_id` FROM ejd_role_user a INNER JOIN ejd_role as b on a.role_id =b.id  WHERE `user_id` = '4' AND `status` = 1  [ RunTime:0.0001s ]
SQL: SELECT * FROM ejd_auth_access a INNER JOIN ejd_auth_rule as b on a.rule_name =b.name  WHERE a.role_id IN ('4','6','8') AND b.name IN ('admin/hotel/fjindex')  [ RunTime:0.0001s ]
SQL: SELECT `room_name`,`id` FROM `ejd_room` WHERE ( iroom_status = 1 )  [ RunTime:0.0001s ]
SQL: SELECT ejd_room.room_name,ejd_room.id,ejd_room.clevel_price0,ejd_room.total_number FROM `ejd_room` WHERE ( ejd_room.iroom_status = 1 )  [ RunTime:0.0001s ]
SQL: SELECT * FROM `ejd_room_price` WHERE ( type=1 and ctime >= '' )  [ RunTime:0.0135s ]
SQL: SELECT * FROM `ejd_room_price` WHERE ( type=2 and ctime >= '' )  [ RunTime:0.0081s ]
SQL: SELECT `roomid`,`begtime`,`endtime`,`room_number`,`status` FROM `ejd_order` WHERE ( status > 0 )  [ RunTime:0.0003s ]

[ 2020-12-07T15:24:08+08:00 ] 222.222.158.49 /admin/hotel/fledit
SQL: SELECT * FROM `ejd_users` WHERE ( id=4 ) LIMIT 1   [ RunTime:0.0001s ]
SQL: SELECT `role_id` FROM ejd_role_user a INNER JOIN ejd_role as b on a.role_id =b.id  WHERE `user_id` = '4' AND `status` = 1  [ RunTime:0.0001s ]
SQL: SELECT * FROM ejd_auth_access a INNER JOIN ejd_auth_rule as b on a.rule_name =b.name  WHERE a.role_id IN ('4','6','8') AND b.name IN ('admin/hotel/fledit')  [ RunTime:0.0001s ]
SQL: SELECT `room_name`,`id`,`clevel_price0`,`total_number` FROM `ejd_room` WHERE ( iroom_status = 1 )  [ RunTime:0.0001s ]

[ 2020-12-07T15:24:19+08:00 ] 222.222.158.49 /admin/hotel/fledit_post
SQL: SELECT * FROM `ejd_users` WHERE ( id=4 ) LIMIT 1   [ RunTime:0.0001s ]
SQL: SELECT `role_id` FROM ejd_role_user a INNER JOIN ejd_role as b on a.role_id =b.id  WHERE `user_id` = '4' AND `status` = 1  [ RunTime:0.0001s ]
SQL: SELECT * FROM ejd_auth_access a INNER JOIN ejd_auth_rule as b on a.rule_name =b.name  WHERE a.role_id IN ('4','6','8') AND b.name IN ('admin/hotel/fledit_post')  [ RunTime:0.0001s ]
SQL: INSERT INTO `ejd_room_role` (`priceroomid`,`type`,`startTime`,`endTime`,`pweek`,`roomnum`,`created`,`creatuid`) VALUES ('1','2','1608134400','1608220800','{\"1\":\"1\",\"2\":\"2\",\"3\":\"3\",\"4\":\"4\",\"5\":\"5\",\"6\":\"6\",\"7\":\"0\"}','0','1607325859','4') [ RunTime:0.0003s ]
SQL: SELECT * FROM `ejd_room_role` WHERE ( id='1941' ) LIMIT 1   [ RunTime:0.0002s ]
SQL: SELECT * FROM `ejd_room_price` WHERE `hotel_id` = 1 AND `type` = 2  [ RunTime:0.0035s ]
SQL: INSERT INTO `ejd_room_price` (`hotel_id`,`room_num`,`ctime`,`type`) VALUES ('1','0','1608134400','2'),('1','0','1608220800','2') [ RunTime:0.0030s ]

[ 2020-12-07T15:24:19+08:00 ] 222.222.158.49 /admin/hotel/fjindex
SQL: SELECT * FROM `ejd_users` WHERE ( id=4 ) LIMIT 1   [ RunTime:0.0001s ]
SQL: SELECT `role_id` FROM ejd_role_user a INNER JOIN ejd_role as b on a.role_id =b.id  WHERE `user_id` = '4' AND `status` = 1  [ RunTime:0.0001s ]
SQL: SELECT * FROM ejd_auth_access a INNER JOIN ejd_auth_rule as b on a.rule_name =b.name  WHERE a.role_id IN ('4','6','8') AND b.name IN ('admin/hotel/fjindex')  [ RunTime:0.0001s ]
SQL: SELECT `room_name`,`id` FROM `ejd_room` WHERE ( iroom_status = 1 )  [ RunTime:0.0001s ]
SQL: SELECT ejd_room.room_name,ejd_room.id,ejd_room.clevel_price0,ejd_room.total_number FROM `ejd_room` WHERE ( ejd_room.iroom_status = 1 )  [ RunTime:0.0001s ]
SQL: SELECT * FROM `ejd_room_price` WHERE ( type=1 and ctime >= '' )  [ RunTime:0.0128s ]
SQL: SELECT * FROM `ejd_room_price` WHERE ( type=2 and ctime >= '' )  [ RunTime:0.0074s ]
SQL: SELECT `roomid`,`begtime`,`endtime`,`room_number`,`status` FROM `ejd_order` WHERE ( status > 0 )  [ RunTime:0.0004s ]

[ 2020-12-07T15:24:21+08:00 ] 222.222.158.49 /admin/hotel/fledit
SQL: SELECT * FROM `ejd_users` WHERE ( id=4 ) LIMIT 1   [ RunTime:0.0001s ]
SQL: SELECT `role_id` FROM ejd_role_user a INNER JOIN ejd_role as b on a.role_id =b.id  WHERE `user_id` = '4' AND `status` = 1  [ RunTime:0.0001s ]
SQL: SELECT * FROM ejd_auth_access a INNER JOIN ejd_auth_rule as b on a.rule_name =b.name  WHERE a.role_id IN ('4','6','8') AND b.name IN ('admin/hotel/fledit')  [ RunTime:0.0001s ]
SQL: SELECT `room_name`,`id`,`clevel_price0`,`total_number` FROM `ejd_room` WHERE ( iroom_status = 1 )  [ RunTime:0.0001s ]

[ 2020-12-07T15:24:37+08:00 ] 222.222.158.49 /admin/hotel/fledit_post
SQL: SELECT * FROM `ejd_users` WHERE ( id=4 ) LIMIT 1   [ RunTime:0.0001s ]
SQL: SELECT `role_id` FROM ejd_role_user a INNER JOIN ejd_role as b on a.role_id =b.id  WHERE `user_id` = '4' AND `status` = 1  [ RunTime:0.0001s ]
SQL: SELECT * FROM ejd_auth_access a INNER JOIN ejd_auth_rule as b on a.rule_name =b.name  WHERE a.role_id IN ('4','6','8') AND b.name IN ('admin/hotel/fledit_post')  [ RunTime:0.0001s ]
SQL: INSERT INTO `ejd_room_role` (`priceroomid`,`type`,`startTime`,`endTime`,`pweek`,`roomnum`,`created`,`creatuid`) VALUES ('3','2','1608134400','1608220800','{\"1\":\"1\",\"2\":\"2\",\"3\":\"3\",\"4\":\"4\",\"5\":\"5\",\"6\":\"6\",\"7\":\"0\"}','0','1607325877','4') [ RunTime:0.0003s ]
SQL: SELECT * FROM `ejd_room_role` WHERE ( id='1942' ) LIMIT 1   [ RunTime:0.0002s ]
SQL: SELECT * FROM `ejd_room_price` WHERE `hotel_id` = 3 AND `type` = 2  [ RunTime:0.0034s ]
SQL: INSERT INTO `ejd_room_price` (`hotel_id`,`room_num`,`ctime`,`type`) VALUES ('3','0','1608134400','2'),('3','0','1608220800','2') [ RunTime:0.0018s ]

[ 2020-12-07T15:24:38+08:00 ] 222.222.158.49 /admin/hotel/fjindex
SQL: SELECT * FROM `ejd_users` WHERE ( id=4 ) LIMIT 1   [ RunTime:0.0001s ]
SQL: SELECT `role_id` FROM ejd_role_user a INNER JOIN ejd_role as b on a.role_id =b.id  WHERE `user_id` = '4' AND `status` = 1  [ RunTime:0.0001s ]
SQL: SELECT * FROM ejd_auth_access a INNER JOIN ejd_auth_rule as b on a.rule_name =b.name  WHERE a.role_id IN ('4','6','8') AND b.name IN ('admin/hotel/fjindex')  [ RunTime:0.0001s ]
SQL: SELECT `room_name`,`id` FROM `ejd_room` WHERE ( iroom_status = 1 )  [ RunTime:0.0001s ]
SQL: SELECT ejd_room.room_name,ejd_room.id,ejd_room.clevel_price0,ejd_room.total_number FROM `ejd_room` WHERE ( ejd_room.iroom_status = 1 )  [ RunTime:0.0001s ]
SQL: SELECT * FROM `ejd_room_price` WHERE ( type=1 and ctime >= '' )  [ RunTime:0.0126s ]
SQL: SELECT * FROM `ejd_room_price` WHERE ( type=2 and ctime >= '' )  [ RunTime:0.0075s ]
SQL: SELECT `roomid`,`begtime`,`endtime`,`room_number`,`status` FROM `ejd_order` WHERE ( status > 0 )  [ RunTime:0.0003s ]

[ 2020-12-07T15:24:39+08:00 ] 222.222.158.49 /admin/hotel/fledit
SQL: SELECT * FROM `ejd_users` WHERE ( id=4 ) LIMIT 1   [ RunTime:0.0001s ]
SQL: SELECT `role_id` FROM ejd_role_user a INNER JOIN ejd_role as b on a.role_id =b.id  WHERE `user_id` = '4' AND `status` = 1  [ RunTime:0.0001s ]
SQL: SELECT * FROM ejd_auth_access a INNER JOIN ejd_auth_rule as b on a.rule_name =b.name  WHERE a.role_id IN ('4','6','8') AND b.name IN ('admin/hotel/fledit')  [ RunTime:0.0001s ]
SQL: SELECT `room_name`,`id`,`clevel_price0`,`total_number` FROM `ejd_room` WHERE ( iroom_status = 1 )  [ RunTime:0.0001s ]

[ 2020-12-07T15:24:47+08:00 ] 222.222.158.49 /admin/hotel/fledit_post
SQL: SELECT * FROM `ejd_users` WHERE ( id=4 ) LIMIT 1   [ RunTime:0.0001s ]
SQL: SELECT `role_id` FROM ejd_role_user a INNER JOIN ejd_role as b on a.role_id =b.id  WHERE `user_id` = '4' AND `status` = 1  [ RunTime:0.0001s ]
SQL: SELECT * FROM ejd_auth_access a INNER JOIN ejd_auth_rule as b on a.rule_name =b.name  WHERE a.role_id IN ('4','6','8') AND b.name IN ('admin/hotel/fledit_post')  [ RunTime:0.0001s ]
SQL: INSERT INTO `ejd_room_role` (`priceroomid`,`type`,`startTime`,`endTime`,`pweek`,`roomnum`,`created`,`creatuid`) VALUES ('4','2','1608134400','1608220800','{\"1\":\"1\",\"2\":\"2\",\"3\":\"3\",\"4\":\"4\",\"5\":\"5\",\"6\":\"6\",\"7\":\"0\"}','0','1607325887','4') [ RunTime:0.0019s ]
SQL: SELECT * FROM `ejd_room_role` WHERE ( id='1943' ) LIMIT 1   [ RunTime:0.0002s ]
SQL: SELECT * FROM `ejd_room_price` WHERE `hotel_id` = 4 AND `type` = 2  [ RunTime:0.0036s ]
SQL: INSERT INTO `ejd_room_price` (`hotel_id`,`room_num`,`ctime`,`type`) VALUES ('4','0','1608134400','2'),('4','0','1608220800','2') [ RunTime:0.0016s ]

[ 2020-12-07T15:24:47+08:00 ] 222.222.158.49 /admin/hotel/fjindex
SQL: SELECT * FROM `ejd_users` WHERE ( id=4 ) LIMIT 1   [ RunTime:0.0001s ]
SQL: SELECT `role_id` FROM ejd_role_user a INNER JOIN ejd_role as b on a.role_id =b.id  WHERE `user_id` = '4' AND `status` = 1  [ RunTime:0.0001s ]
SQL: SELECT * FROM ejd_auth_access a INNER JOIN ejd_auth_rule as b on a.rule_name =b.name  WHERE a.role_id IN ('4','6','8') AND b.name IN ('admin/hotel/fjindex')  [ RunTime:0.0001s ]
SQL: SELECT `room_name`,`id` FROM `ejd_room` WHERE ( iroom_status = 1 )  [ RunTime:0.0001s ]
SQL: SELECT ejd_room.room_name,ejd_room.id,ejd_room.clevel_price0,ejd_room.total_number FROM `ejd_room` WHERE ( ejd_room.iroom_status = 1 )  [ RunTime:0.0000s ]
SQL: SELECT * FROM `ejd_room_price` WHERE ( type=1 and ctime >= '' )  [ RunTime:0.0121s ]
SQL: SELECT * FROM `ejd_room_price` WHERE ( type=2 and ctime >= '' )  [ RunTime:0.0078s ]
SQL: SELECT `roomid`,`begtime`,`endtime`,`room_number`,`status` FROM `ejd_order` WHERE ( status > 0 )  [ RunTime:0.0002s ]

[ 2020-12-07T15:24:54+08:00 ] 222.222.158.49 /admin/hotel/fledit
SQL: SELECT * FROM `ejd_users` WHERE ( id=4 ) LIMIT 1   [ RunTime:0.0001s ]
SQL: SELECT `role_id` FROM ejd_role_user a INNER JOIN ejd_role as b on a.role_id =b.id  WHERE `user_id` = '4' AND `status` = 1  [ RunTime:0.0001s ]
SQL: SELECT * FROM ejd_auth_access a INNER JOIN ejd_auth_rule as b on a.rule_name =b.name  WHERE a.role_id IN ('4','6','8') AND b.name IN ('admin/hotel/fledit')  [ RunTime:0.0001s ]
SQL: SELECT `room_name`,`id`,`clevel_price0`,`total_number` FROM `ejd_room` WHERE ( iroom_status = 1 )  [ RunTime:0.0001s ]

[ 2020-12-07T15:25:02+08:00 ] 222.222.158.49 /admin/hotel/fledit_post
SQL: SELECT * FROM `ejd_users` WHERE ( id=4 ) LIMIT 1   [ RunTime:0.0001s ]
SQL: SELECT `role_id` FROM ejd_role_user a INNER JOIN ejd_role as b on a.role_id =b.id  WHERE `user_id` = '4' AND `status` = 1  [ RunTime:0.0001s ]
SQL: SELECT * FROM ejd_auth_access a INNER JOIN ejd_auth_rule as b on a.rule_name =b.name  WHERE a.role_id IN ('4','6','8') AND b.name IN ('admin/hotel/fledit_post')  [ RunTime:0.0001s ]
SQL: INSERT INTO `ejd_room_role` (`priceroomid`,`type`,`startTime`,`endTime`,`pweek`,`roomnum`,`created`,`creatuid`) VALUES ('4','2','1608134400','1608220800','{\"1\":\"1\",\"2\":\"2\",\"3\":\"3\",\"4\":\"4\",\"5\":\"5\",\"6\":\"6\",\"7\":\"0\"}','0','1607325902','4') [ RunTime:0.0019s ]
SQL: SELECT * FROM `ejd_room_role` WHERE ( id='1944' ) LIMIT 1   [ RunTime:0.0003s ]
SQL: SELECT * FROM `ejd_room_price` WHERE `hotel_id` = 4 AND `type` = 2  [ RunTime:0.0035s ]
SQL: UPDATE `ejd_room_price` SET `room_num`='0' WHERE `hotel_id` = 4 AND `ctime` = 1608134400 AND `type` = 2 [ RunTime:0.0178s ]
SQL: UPDATE `ejd_room_price` SET `room_num`='0' WHERE `hotel_id` = 4 AND `ctime` = 1608220800 AND `type` = 2 [ RunTime:0.0062s ]

[ 2020-12-07T15:25:02+08:00 ] 222.222.158.49 /admin/hotel/fjindex
SQL: SELECT * FROM `ejd_users` WHERE ( id=4 ) LIMIT 1   [ RunTime:0.0001s ]
SQL: SELECT `role_id` FROM ejd_role_user a INNER JOIN ejd_role as b on a.role_id =b.id  WHERE `user_id` = '4' AND `status` = 1  [ RunTime:0.0001s ]
SQL: SELECT * FROM ejd_auth_access a INNER JOIN ejd_auth_rule as b on a.rule_name =b.name  WHERE a.role_id IN ('4','6','8') AND b.name IN ('admin/hotel/fjindex')  [ RunTime:0.0001s ]
SQL: SELECT `room_name`,`id` FROM `ejd_room` WHERE ( iroom_status = 1 )  [ RunTime:0.0001s ]
SQL: SELECT ejd_room.room_name,ejd_room.id,ejd_room.clevel_price0,ejd_room.total_number FROM `ejd_room` WHERE ( ejd_room.iroom_status = 1 )  [ RunTime:0.0001s ]
SQL: SELECT * FROM `ejd_room_price` WHERE ( type=1 and ctime >= '' )  [ RunTime:0.0090s ]
SQL: SELECT * FROM `ejd_room_price` WHERE ( type=2 and ctime >= '' )  [ RunTime:0.0043s ]
SQL: SELECT `roomid`,`begtime`,`endtime`,`room_number`,`status` FROM `ejd_order` WHERE ( status > 0 )  [ RunTime:0.0005s ]

[ 2020-12-07T15:25:05+08:00 ] 222.222.158.49 /admin/hotel/fledit
SQL: SELECT * FROM `ejd_users` WHERE ( id=4 ) LIMIT 1   [ RunTime:0.0001s ]
SQL: SELECT `role_id` FROM ejd_role_user a INNER JOIN ejd_role as b on a.role_id =b.id  WHERE `user_id` = '4' AND `status` = 1  [ RunTime:0.0001s ]
SQL: SELECT * FROM ejd_auth_access a INNER JOIN ejd_auth_rule as b on a.rule_name =b.name  WHERE a.role_id IN ('4','6','8') AND b.name IN ('admin/hotel/fledit')  [ RunTime:0.0001s ]
SQL: SELECT `room_name`,`id`,`clevel_price0`,`total_number` FROM `ejd_room` WHERE ( iroom_status = 1 )  [ RunTime:0.0001s ]

[ 2020-12-07T15:25:13+08:00 ] 222.222.158.49 /admin/hotel/fledit_post
SQL: SELECT * FROM `ejd_users` WHERE ( id=4 ) LIMIT 1   [ RunTime:0.0001s ]
SQL: SELECT `role_id` FROM ejd_role_user a INNER JOIN ejd_role as b on a.role_id =b.id  WHERE `user_id` = '4' AND `status` = 1  [ RunTime:0.0001s ]
SQL: SELECT * FROM ejd_auth_access a INNER JOIN ejd_auth_rule as b on a.rule_name =b.name  WHERE a.role_id IN ('4','6','8') AND b.name IN ('admin/hotel/fledit_post')  [ RunTime:0.0001s ]
SQL: INSERT INTO `ejd_room_role` (`priceroomid`,`type`,`startTime`,`endTime`,`pweek`,`roomnum`,`created`,`creatuid`) VALUES ('5','2','1608134400','1608220800','{\"1\":\"1\",\"2\":\"2\",\"3\":\"3\",\"4\":\"4\",\"5\":\"5\",\"6\":\"6\",\"7\":\"0\"}','0','1607325913','4') [ RunTime:0.0063s ]
SQL: SELECT * FROM `ejd_room_role` WHERE ( id='1945' ) LIMIT 1   [ RunTime:0.0003s ]
SQL: SELECT * FROM `ejd_room_price` WHERE `hotel_id` = 5 AND `type` = 2  [ RunTime:0.0037s ]
SQL: INSERT INTO `ejd_room_price` (`hotel_id`,`room_num`,`ctime`,`type`) VALUES ('5','0','1608134400','2'),('5','0','1608220800','2') [ RunTime:0.0096s ]

[ 2020-12-07T15:25:13+08:00 ] 222.222.158.49 /admin/hotel/fjindex
SQL: SELECT * FROM `ejd_users` WHERE ( id=4 ) LIMIT 1   [ RunTime:0.0001s ]
SQL: SELECT `role_id` FROM ejd_role_user a INNER JOIN ejd_role as b on a.role_id =b.id  WHERE `user_id` = '4' AND `status` = 1  [ RunTime:0.0001s ]
SQL: SELECT * FROM ejd_auth_access a INNER JOIN ejd_auth_rule as b on a.rule_name =b.name  WHERE a.role_id IN ('4','6','8') AND b.name IN ('admin/hotel/fjindex')  [ RunTime:0.0001s ]
SQL: SELECT `room_name`,`id` FROM `ejd_room` WHERE ( iroom_status = 1 )  [ RunTime:0.0001s ]
SQL: SELECT ejd_room.room_name,ejd_room.id,ejd_room.clevel_price0,ejd_room.total_number FROM `ejd_room` WHERE ( ejd_room.iroom_status = 1 )  [ RunTime:0.0001s ]
SQL: SELECT * FROM `ejd_room_price` WHERE ( type=1 and ctime >= '' )  [ RunTime:0.0139s ]
SQL: SELECT * FROM `ejd_room_price` WHERE ( type=2 and ctime >= '' )  [ RunTime:0.0076s ]
SQL: SELECT `roomid`,`begtime`,`endtime`,`room_number`,`status` FROM `ejd_order` WHERE ( status > 0 )  [ RunTime:0.0003s ]

[ 2020-12-07T15:25:19+08:00 ] 222.222.158.49 /admin/hotel/fledit
SQL: SELECT * FROM `ejd_users` WHERE ( id=4 ) LIMIT 1   [ RunTime:0.0001s ]
SQL: SELECT `role_id` FROM ejd_role_user a INNER JOIN ejd_role as b on a.role_id =b.id  WHERE `user_id` = '4' AND `status` = 1  [ RunTime:0.0001s ]
SQL: SELECT * FROM ejd_auth_access a INNER JOIN ejd_auth_rule as b on a.rule_name =b.name  WHERE a.role_id IN ('4','6','8') AND b.name IN ('admin/hotel/fledit')  [ RunTime:0.0001s ]
SQL: SELECT `room_name`,`id`,`clevel_price0`,`total_number` FROM `ejd_room` WHERE ( iroom_status = 1 )  [ RunTime:0.0001s ]

[ 2020-12-07T15:25:27+08:00 ] 222.222.158.49 /admin/hotel/fledit_post
SQL: SELECT * FROM `ejd_users` WHERE ( id=4 ) LIMIT 1   [ RunTime:0.0001s ]
SQL: SELECT `role_id` FROM ejd_role_user a INNER JOIN ejd_role as b on a.role_id =b.id  WHERE `user_id` = '4' AND `status` = 1  [ RunTime:0.0001s ]
SQL: SELECT * FROM ejd_auth_access a INNER JOIN ejd_auth_rule as b on a.rule_name =b.name  WHERE a.role_id IN ('4','6','8') AND b.name IN ('admin/hotel/fledit_post')  [ RunTime:0.0001s ]
SQL: INSERT INTO `ejd_room_role` (`priceroomid`,`type`,`startTime`,`endTime`,`pweek`,`roomnum`,`created`,`creatuid`) VALUES ('6','2','1608134400','1608220800','{\"1\":\"1\",\"2\":\"2\",\"3\":\"3\",\"4\":\"4\",\"5\":\"5\",\"6\":\"6\",\"7\":\"0\"}','0','1607325927','4') [ RunTime:0.0003s ]
SQL: SELECT * FROM `ejd_room_role` WHERE ( id='1946' ) LIMIT 1   [ RunTime:0.0002s ]
SQL: SELECT * FROM `ejd_room_price` WHERE `hotel_id` = 6 AND `type` = 2  [ RunTime:0.0043s ]
SQL: UPDATE `ejd_room_price` SET `room_num`='0' WHERE `hotel_id` = 6 AND `ctime` = 1608134400 AND `type` = 2 [ RunTime:0.0125s ]
SQL: UPDATE `ejd_room_price` SET `room_num`='0' WHERE `hotel_id` = 6 AND `ctime` = 1608220800 AND `type` = 2 [ RunTime:0.0053s ]

[ 2020-12-07T15:25:27+08:00 ] 222.222.158.49 /admin/hotel/fjindex
SQL: SELECT * FROM `ejd_users` WHERE ( id=4 ) LIMIT 1   [ RunTime:0.0001s ]
SQL: SELECT `role_id` FROM ejd_role_user a INNER JOIN ejd_role as b on a.role_id =b.id  WHERE `user_id` = '4' AND `status` = 1  [ RunTime:0.0001s ]
SQL: SELECT * FROM ejd_auth_access a INNER JOIN ejd_auth_rule as b on a.rule_name =b.name  WHERE a.role_id IN ('4','6','8') AND b.name IN ('admin/hotel/fjindex')  [ RunTime:0.0001s ]
SQL: SELECT `room_name`,`id` FROM `ejd_room` WHERE ( iroom_status = 1 )  [ RunTime:0.0001s ]
SQL: SELECT ejd_room.room_name,ejd_room.id,ejd_room.clevel_price0,ejd_room.total_number FROM `ejd_room` WHERE ( ejd_room.iroom_status = 1 )  [ RunTime:0.0001s ]
SQL: SELECT * FROM `ejd_room_price` WHERE ( type=1 and ctime >= '' )  [ RunTime:0.0127s ]
SQL: SELECT * FROM `ejd_room_price` WHERE ( type=2 and ctime >= '' )  [ RunTime:0.0081s ]
SQL: SELECT `roomid`,`begtime`,`endtime`,`room_number`,`status` FROM `ejd_order` WHERE ( status > 0 )  [ RunTime:0.0003s ]

[ 2020-12-07T15:25:28+08:00 ] 222.222.158.49 /admin/hotel/fledit
SQL: SELECT * FROM `ejd_users` WHERE ( id=4 ) LIMIT 1   [ RunTime:0.0001s ]
SQL: SELECT `role_id` FROM ejd_role_user a INNER JOIN ejd_role as b on a.role_id =b.id  WHERE `user_id` = '4' AND `status` = 1  [ RunTime:0.0001s ]
SQL: SELECT * FROM ejd_auth_access a INNER JOIN ejd_auth_rule as b on a.rule_name =b.name  WHERE a.role_id IN ('4','6','8') AND b.name IN ('admin/hotel/fledit')  [ RunTime:0.0001s ]
SQL: SELECT `room_name`,`id`,`clevel_price0`,`total_number` FROM `ejd_room` WHERE ( iroom_status = 1 )  [ RunTime:0.0001s ]

[ 2020-12-07T15:25:36+08:00 ] 222.222.158.49 /admin/hotel/fledit_post
SQL: SELECT * FROM `ejd_users` WHERE ( id=4 ) LIMIT 1   [ RunTime:0.0001s ]
SQL: SELECT `role_id` FROM ejd_role_user a INNER JOIN ejd_role as b on a.role_id =b.id  WHERE `user_id` = '4' AND `status` = 1  [ RunTime:0.0001s ]
SQL: SELECT * FROM ejd_auth_access a INNER JOIN ejd_auth_rule as b on a.rule_name =b.name  WHERE a.role_id IN ('4','6','8') AND b.name IN ('admin/hotel/fledit_post')  [ RunTime:0.0001s ]
SQL: INSERT INTO `ejd_room_role` (`priceroomid`,`type`,`startTime`,`endTime`,`pweek`,`roomnum`,`created`,`creatuid`) VALUES ('7','2','1608134400','1608220800','{\"1\":\"1\",\"2\":\"2\",\"3\":\"3\",\"4\":\"4\",\"5\":\"5\",\"6\":\"6\",\"7\":\"0\"}','0','1607325936','4') [ RunTime:0.0003s ]
SQL: SELECT * FROM `ejd_room_role` WHERE ( id='1947' ) LIMIT 1   [ RunTime:0.0003s ]
SQL: SELECT * FROM `ejd_room_price` WHERE `hotel_id` = 7 AND `type` = 2  [ RunTime:0.0033s ]
SQL: INSERT INTO `ejd_room_price` (`hotel_id`,`room_num`,`ctime`,`type`) VALUES ('7','0','1608134400','2'),('7','0','1608220800','2') [ RunTime:0.0016s ]

[ 2020-12-07T15:25:36+08:00 ] 222.222.158.49 /admin/hotel/fjindex
SQL: SELECT * FROM `ejd_users` WHERE ( id=4 ) LIMIT 1   [ RunTime:0.0001s ]
SQL: SELECT `role_id` FROM ejd_role_user a INNER JOIN ejd_role as b on a.role_id =b.id  WHERE `user_id` = '4' AND `status` = 1  [ RunTime:0.0001s ]
SQL: SELECT * FROM ejd_auth_access a INNER JOIN ejd_auth_rule as b on a.rule_name =b.name  WHERE a.role_id IN ('4','6','8') AND b.name IN ('admin/hotel/fjindex')  [ RunTime:0.0001s ]
SQL: SELECT `room_name`,`id` FROM `ejd_room` WHERE ( iroom_status = 1 )  [ RunTime:0.0001s ]
SQL: SELECT ejd_room.room_name,ejd_room.id,ejd_room.clevel_price0,ejd_room.total_number FROM `ejd_room` WHERE ( ejd_room.iroom_status = 1 )  [ RunTime:0.0001s ]
SQL: SELECT * FROM `ejd_room_price` WHERE ( type=1 and ctime >= '' )  [ RunTime:0.0127s ]
SQL: SELECT * FROM `ejd_room_price` WHERE ( type=2 and ctime >= '' )  [ RunTime:0.0075s ]
SQL: SELECT `roomid`,`begtime`,`endtime`,`room_number`,`status` FROM `ejd_order` WHERE ( status > 0 )  [ RunTime:0.0003s ]

[ 2020-12-07T15:25:37+08:00 ] 222.222.158.49 /admin/hotel/fledit
SQL: SELECT * FROM `ejd_users` WHERE ( id=4 ) LIMIT 1   [ RunTime:0.0001s ]
SQL: SELECT `role_id` FROM ejd_role_user a INNER JOIN ejd_role as b on a.role_id =b.id  WHERE `user_id` = '4' AND `status` = 1  [ RunTime:0.0001s ]
SQL: SELECT * FROM ejd_auth_access a INNER JOIN ejd_auth_rule as b on a.rule_name =b.name  WHERE a.role_id IN ('4','6','8') AND b.name IN ('admin/hotel/fledit')  [ RunTime:0.0001s ]
SQL: SELECT `room_name`,`id`,`clevel_price0`,`total_number` FROM `ejd_room` WHERE ( iroom_status = 1 )  [ RunTime:0.0001s ]

[ 2020-12-07T15:25:45+08:00 ] 222.222.158.49 /admin/hotel/fledit_post
SQL: SELECT * FROM `ejd_users` WHERE ( id=4 ) LIMIT 1   [ RunTime:0.0001s ]
SQL: SELECT `role_id` FROM ejd_role_user a INNER JOIN ejd_role as b on a.role_id =b.id  WHERE `user_id` = '4' AND `status` = 1  [ RunTime:0.0001s ]
SQL: SELECT * FROM ejd_auth_access a INNER JOIN ejd_auth_rule as b on a.rule_name =b.name  WHERE a.role_id IN ('4','6','8') AND b.name IN ('admin/hotel/fledit_post')  [ RunTime:0.0002s ]
SQL: INSERT INTO `ejd_room_role` (`priceroomid`,`type`,`startTime`,`endTime`,`pweek`,`roomnum`,`created`,`creatuid`) VALUES ('8','2','1608134400','1608220800','{\"1\":\"1\",\"2\":\"2\",\"3\":\"3\",\"4\":\"4\",\"5\":\"5\",\"6\":\"6\",\"7\":\"0\"}','0','1607325945','4') [ RunTime:0.0004s ]
SQL: SELECT * FROM `ejd_room_role` WHERE ( id='1948' ) LIMIT 1   [ RunTime:0.0003s ]
SQL: SELECT * FROM `ejd_room_price` WHERE `hotel_id` = 8 AND `type` = 2  [ RunTime:0.0062s ]
SQL: INSERT INTO `ejd_room_price` (`hotel_id`,`room_num`,`ctime`,`type`) VALUES ('8','0','1608134400','2'),('8','0','1608220800','2') [ RunTime:0.0024s ]

[ 2020-12-07T15:25:45+08:00 ] 222.222.158.49 /admin/hotel/fjindex
SQL: SELECT * FROM `ejd_users` WHERE ( id=4 ) LIMIT 1   [ RunTime:0.0001s ]
SQL: SELECT `role_id` FROM ejd_role_user a INNER JOIN ejd_role as b on a.role_id =b.id  WHERE `user_id` = '4' AND `status` = 1  [ RunTime:0.0001s ]
SQL: SELECT * FROM ejd_auth_access a INNER JOIN ejd_auth_rule as b on a.rule_name =b.name  WHERE a.role_id IN ('4','6','8') AND b.name IN ('admin/hotel/fjindex')  [ RunTime:0.0001s ]
SQL: SELECT `room_name`,`id` FROM `ejd_room` WHERE ( iroom_status = 1 )  [ RunTime:0.0001s ]
SQL: SELECT ejd_room.room_name,ejd_room.id,ejd_room.clevel_price0,ejd_room.total_number FROM `ejd_room` WHERE ( ejd_room.iroom_status = 1 )  [ RunTime:0.0001s ]
SQL: SELECT * FROM `ejd_room_price` WHERE ( type=1 and ctime >= '' )  [ RunTime:0.0131s ]
SQL: SELECT * FROM `ejd_room_price` WHERE ( type=2 and ctime >= '' )  [ RunTime:0.0081s ]
SQL: SELECT `roomid`,`begtime`,`endtime`,`room_number`,`status` FROM `ejd_order` WHERE ( status > 0 )  [ RunTime:0.0002s ]

[ 2020-12-07T15:25:48+08:00 ] 222.222.158.49 /admin/hotel/fledit
SQL: SELECT * FROM `ejd_users` WHERE ( id=4 ) LIMIT 1   [ RunTime:0.0001s ]
SQL: SELECT `role_id` FROM ejd_role_user a INNER JOIN ejd_role as b on a.role_id =b.id  WHERE `user_id` = '4' AND `status` = 1  [ RunTime:0.0001s ]
SQL: SELECT * FROM ejd_auth_access a INNER JOIN ejd_auth_rule as b on a.rule_name =b.name  WHERE a.role_id IN ('4','6','8') AND b.name IN ('admin/hotel/fledit')  [ RunTime:0.0001s ]
SQL: SELECT `room_name`,`id`,`clevel_price0`,`total_number` FROM `ejd_room` WHERE ( iroom_status = 1 )  [ RunTime:0.0001s ]

[ 2020-12-07T15:25:55+08:00 ] 222.222.158.49 /admin/hotel/fledit_post
SQL: SELECT * FROM `ejd_users` WHERE ( id=4 ) LIMIT 1   [ RunTime:0.0001s ]
SQL: SELECT `role_id` FROM ejd_role_user a INNER JOIN ejd_role as b on a.role_id =b.id  WHERE `user_id` = '4' AND `status` = 1  [ RunTime:0.0001s ]
SQL: SELECT * FROM ejd_auth_access a INNER JOIN ejd_auth_rule as b on a.rule_name =b.name  WHERE a.role_id IN ('4','6','8') AND b.name IN ('admin/hotel/fledit_post')  [ RunTime:0.0001s ]
SQL: INSERT INTO `ejd_room_role` (`priceroomid`,`type`,`startTime`,`endTime`,`pweek`,`roomnum`,`created`,`creatuid`) VALUES ('9','2','1608134400','1608220800','{\"1\":\"1\",\"2\":\"2\",\"3\":\"3\",\"4\":\"4\",\"5\":\"5\",\"6\":\"6\",\"7\":\"0\"}','0','1607325955','4') [ RunTime:0.0005s ]
SQL: SELECT * FROM `ejd_room_role` WHERE ( id='1949' ) LIMIT 1   [ RunTime:0.0003s ]
SQL: SELECT * FROM `ejd_room_price` WHERE `hotel_id` = 9 AND `type` = 2  [ RunTime:0.0066s ]
SQL: INSERT INTO `ejd_room_price` (`hotel_id`,`room_num`,`ctime`,`type`) VALUES ('9','0','1608134400','2'),('9','0','1608220800','2') [ RunTime:0.0015s ]

[ 2020-12-07T15:25:55+08:00 ] 222.222.158.49 /admin/hotel/fjindex
SQL: SELECT * FROM `ejd_users` WHERE ( id=4 ) LIMIT 1   [ RunTime:0.0001s ]
SQL: SELECT `role_id` FROM ejd_role_user a INNER JOIN ejd_role as b on a.role_id =b.id  WHERE `user_id` = '4' AND `status` = 1  [ RunTime:0.0001s ]
SQL: SELECT * FROM ejd_auth_access a INNER JOIN ejd_auth_rule as b on a.rule_name =b.name  WHERE a.role_id IN ('4','6','8') AND b.name IN ('admin/hotel/fjindex')  [ RunTime:0.0001s ]
SQL: SELECT `room_name`,`id` FROM `ejd_room` WHERE ( iroom_status = 1 )  [ RunTime:0.0001s ]
SQL: SELECT ejd_room.room_name,ejd_room.id,ejd_room.clevel_price0,ejd_room.total_number FROM `ejd_room` WHERE ( ejd_room.iroom_status = 1 )  [ RunTime:0.0001s ]
SQL: SELECT * FROM `ejd_room_price` WHERE ( type=1 and ctime >= '' )  [ RunTime:0.0124s ]
SQL: SELECT * FROM `ejd_room_price` WHERE ( type=2 and ctime >= '' )  [ RunTime:0.0082s ]
SQL: SELECT `roomid`,`begtime`,`endtime`,`room_number`,`status` FROM `ejd_order` WHERE ( status > 0 )  [ RunTime:0.0003s ]

[ 2020-12-07T15:28:43+08:00 ] 222.222.158.49 /admin/main/orderprompt
SQL: SELECT * FROM `ejd_users` WHERE ( id=4 ) LIMIT 1   [ RunTime:0.0001s ]
SQL: SELECT `role_id` FROM ejd_role_user a INNER JOIN ejd_role as b on a.role_id =b.id  WHERE `user_id` = '4' AND `status` = 1  [ RunTime:0.0001s ]
SQL: SELECT * FROM ejd_auth_access a INNER JOIN ejd_auth_rule as b on a.rule_name =b.name  WHERE a.role_id IN ('4','6','8') AND b.name IN ('admin/main/orderprompt')  [ RunTime:0.0001s ]

[ 2020-12-07T15:33:44+08:00 ] 222.222.158.49 /admin/main/orderprompt
SQL: SELECT * FROM `ejd_users` WHERE ( id=4 ) LIMIT 1   [ RunTime:0.0001s ]
SQL: SELECT `role_id` FROM ejd_role_user a INNER JOIN ejd_role as b on a.role_id =b.id  WHERE `user_id` = '4' AND `status` = 1  [ RunTime:0.0001s ]
SQL: SELECT * FROM ejd_auth_access a INNER JOIN ejd_auth_rule as b on a.rule_name =b.name  WHERE a.role_id IN ('4','6','8') AND b.name IN ('admin/main/orderprompt')  [ RunTime:0.0001s ]

[ 2020-12-07T15:38:45+08:00 ] 222.222.158.49 /admin/main/orderprompt
SQL: SELECT * FROM `ejd_users` WHERE ( id=4 ) LIMIT 1   [ RunTime:0.0001s ]
SQL: SELECT `role_id` FROM ejd_role_user a INNER JOIN ejd_role as b on a.role_id =b.id  WHERE `user_id` = '4' AND `status` = 1  [ RunTime:0.0001s ]
SQL: SELECT * FROM ejd_auth_access a INNER JOIN ejd_auth_rule as b on a.rule_name =b.name  WHERE a.role_id IN ('4','6','8') AND b.name IN ('admin/main/orderprompt')  [ RunTime:0.0001s ]

[ 2020-12-07T15:43:45+08:00 ] 222.222.158.49 /admin/main/orderprompt
SQL: SELECT * FROM `ejd_users` WHERE ( id=4 ) LIMIT 1   [ RunTime:0.0001s ]
SQL: SELECT `role_id` FROM ejd_role_user a INNER JOIN ejd_role as b on a.role_id =b.id  WHERE `user_id` = '4' AND `status` = 1  [ RunTime:0.0001s ]
SQL: SELECT * FROM ejd_auth_access a INNER JOIN ejd_auth_rule as b on a.rule_name =b.name  WHERE a.role_id IN ('4','6','8') AND b.name IN ('admin/main/orderprompt')  [ RunTime:0.0001s ]

[ 2020-12-07T15:48:46+08:00 ] 222.222.158.49 /admin/main/orderprompt
SQL: SELECT * FROM `ejd_users` WHERE ( id=4 ) LIMIT 1   [ RunTime:0.0001s ]
SQL: SELECT `role_id` FROM ejd_role_user a INNER JOIN ejd_role as b on a.role_id =b.id  WHERE `user_id` = '4' AND `status` = 1  [ RunTime:0.0001s ]
SQL: SELECT * FROM ejd_auth_access a INNER JOIN ejd_auth_rule as b on a.rule_name =b.name  WHERE a.role_id IN ('4','6','8') AND b.name IN ('admin/main/orderprompt')  [ RunTime:0.0001s ]

[ 2020-12-07T15:53:46+08:00 ] 222.222.158.49 /admin/main/orderprompt
SQL: SELECT * FROM `ejd_users` WHERE ( id=4 ) LIMIT 1   [ RunTime:0.0001s ]
SQL: SELECT `role_id` FROM ejd_role_user a INNER JOIN ejd_role as b on a.role_id =b.id  WHERE `user_id` = '4' AND `status` = 1  [ RunTime:0.0001s ]
SQL: SELECT * FROM ejd_auth_access a INNER JOIN ejd_auth_rule as b on a.rule_name =b.name  WHERE a.role_id IN ('4','6','8') AND b.name IN ('admin/main/orderprompt')  [ RunTime:0.0001s ]

[ 2020-12-07T15:58:47+08:00 ] 222.222.158.49 /admin/main/orderprompt
SQL: SELECT * FROM `ejd_users` WHERE ( id=4 ) LIMIT 1   [ RunTime:0.0001s ]
SQL: SELECT `role_id` FROM ejd_role_user a INNER JOIN ejd_role as b on a.role_id =b.id  WHERE `user_id` = '4' AND `status` = 1  [ RunTime:0.0001s ]
SQL: SELECT * FROM ejd_auth_access a INNER JOIN ejd_auth_rule as b on a.rule_name =b.name  WHERE a.role_id IN ('4','6','8') AND b.name IN ('admin/main/orderprompt')  [ RunTime:0.0001s ]

[ 2020-12-07T16:03:47+08:00 ] 222.222.158.49 /admin/main/orderprompt
SQL: SELECT * FROM `ejd_users` WHERE ( id=4 ) LIMIT 1   [ RunTime:0.0001s ]
SQL: SELECT `role_id` FROM ejd_role_user a INNER JOIN ejd_role as b on a.role_id =b.id  WHERE `user_id` = '4' AND `status` = 1  [ RunTime:0.0001s ]
SQL: SELECT * FROM ejd_auth_access a INNER JOIN ejd_auth_rule as b on a.rule_name =b.name  WHERE a.role_id IN ('4','6','8') AND b.name IN ('admin/main/orderprompt')  [ RunTime:0.0001s ]

[ 2020-12-07T16:08:48+08:00 ] 222.222.158.49 /admin/main/orderprompt
SQL: SELECT * FROM `ejd_users` WHERE ( id=4 ) LIMIT 1   [ RunTime:0.0001s ]
SQL: SELECT `role_id` FROM ejd_role_user a INNER JOIN ejd_role as b on a.role_id =b.id  WHERE `user_id` = '4' AND `status` = 1  [ RunTime:0.0001s ]
SQL: SELECT * FROM ejd_auth_access a INNER JOIN ejd_auth_rule as b on a.rule_name =b.name  WHERE a.role_id IN ('4','6','8') AND b.name IN ('admin/main/orderprompt')  [ RunTime:0.0001s ]

[ 2020-12-07T16:13:48+08:00 ] 222.222.158.49 /admin/main/orderprompt
SQL: SELECT * FROM `ejd_users` WHERE ( id=4 ) LIMIT 1   [ RunTime:0.0001s ]
SQL: SELECT `role_id` FROM ejd_role_user a INNER JOIN ejd_role as b on a.role_id =b.id  WHERE `user_id` = '4' AND `status` = 1  [ RunTime:0.0001s ]
SQL: SELECT * FROM ejd_auth_access a INNER JOIN ejd_auth_rule as b on a.rule_name =b.name  WHERE a.role_id IN ('4','6','8') AND b.name IN ('admin/main/orderprompt')  [ RunTime:0.0001s ]

[ 2020-12-07T16:18:49+08:00 ] 222.222.158.49 /admin/main/orderprompt
SQL: SELECT * FROM `ejd_users` WHERE ( id=4 ) LIMIT 1   [ RunTime:0.0001s ]
SQL: SELECT `role_id` FROM ejd_role_user a INNER JOIN ejd_role as b on a.role_id =b.id  WHERE `user_id` = '4' AND `status` = 1  [ RunTime:0.0001s ]
SQL: SELECT * FROM ejd_auth_access a INNER JOIN ejd_auth_rule as b on a.rule_name =b.name  WHERE a.role_id IN ('4','6','8') AND b.name IN ('admin/main/orderprompt')  [ RunTime:0.0001s ]

[ 2020-12-07T16:23:50+08:00 ] 222.222.158.49 /admin/main/orderprompt
SQL: SELECT * FROM `ejd_users` WHERE ( id=4 ) LIMIT 1   [ RunTime:0.0001s ]
SQL: SELECT `role_id` FROM ejd_role_user a INNER JOIN ejd_role as b on a.role_id =b.id  WHERE `user_id` = '4' AND `status` = 1  [ RunTime:0.0001s ]
SQL: SELECT * FROM ejd_auth_access a INNER JOIN ejd_auth_rule as b on a.rule_name =b.name  WHERE a.role_id IN ('4','6','8') AND b.name IN ('admin/main/orderprompt')  [ RunTime:0.0001s ]

[ 2020-12-07T16:28:51+08:00 ] 222.222.158.49 /admin/main/orderprompt
SQL: SELECT * FROM `ejd_users` WHERE ( id=4 ) LIMIT 1   [ RunTime:0.0001s ]
SQL: SELECT `role_id` FROM ejd_role_user a INNER JOIN ejd_role as b on a.role_id =b.id  WHERE `user_id` = '4' AND `status` = 1  [ RunTime:0.0001s ]
SQL: SELECT * FROM ejd_auth_access a INNER JOIN ejd_auth_rule as b on a.rule_name =b.name  WHERE a.role_id IN ('4','6','8') AND b.name IN ('admin/main/orderprompt')  [ RunTime:0.0001s ]

[ 2020-12-07T16:33:51+08:00 ] 222.222.158.49 /admin/main/orderprompt
SQL: SELECT * FROM `ejd_users` WHERE ( id=4 ) LIMIT 1   [ RunTime:0.0001s ]
SQL: SELECT `role_id` FROM ejd_role_user a INNER JOIN ejd_role as b on a.role_id =b.id  WHERE `user_id` = '4' AND `status` = 1  [ RunTime:0.0001s ]
SQL: SELECT * FROM ejd_auth_access a INNER JOIN ejd_auth_rule as b on a.rule_name =b.name  WHERE a.role_id IN ('4','6','8') AND b.name IN ('admin/main/orderprompt')  [ RunTime:0.0001s ]

[ 2020-12-07T16:38:51+08:00 ] 222.222.158.49 /admin/main/orderprompt
SQL: SELECT * FROM `ejd_users` WHERE ( id=4 ) LIMIT 1   [ RunTime:0.0001s ]
SQL: SELECT `role_id` FROM ejd_role_user a INNER JOIN ejd_role as b on a.role_id =b.id  WHERE `user_id` = '4' AND `status` = 1  [ RunTime:0.0001s ]
SQL: SELECT * FROM ejd_auth_access a INNER JOIN ejd_auth_rule as b on a.rule_name =b.name  WHERE a.role_id IN ('4','6','8') AND b.name IN ('admin/main/orderprompt')  [ RunTime:0.0001s ]

[ 2020-12-07T16:43:51+08:00 ] 222.222.158.49 /admin/main/orderprompt
SQL: SELECT * FROM `ejd_users` WHERE ( id=4 ) LIMIT 1   [ RunTime:0.0001s ]
SQL: SELECT `role_id` FROM ejd_role_user a INNER JOIN ejd_role as b on a.role_id =b.id  WHERE `user_id` = '4' AND `status` = 1  [ RunTime:0.0001s ]
SQL: SELECT * FROM ejd_auth_access a INNER JOIN ejd_auth_rule as b on a.rule_name =b.name  WHERE a.role_id IN ('4','6','8') AND b.name IN ('admin/main/orderprompt')  [ RunTime:0.0001s ]

[ 2020-12-07T16:48:51+08:00 ] 222.222.158.49 /admin/main/orderprompt
SQL: SELECT * FROM `ejd_users` WHERE ( id=4 ) LIMIT 1   [ RunTime:0.0001s ]
SQL: SELECT `role_id` FROM ejd_role_user a INNER JOIN ejd_role as b on a.role_id =b.id  WHERE `user_id` = '4' AND `status` = 1  [ RunTime:0.0001s ]
SQL: SELECT * FROM ejd_auth_access a INNER JOIN ejd_auth_rule as b on a.rule_name =b.name  WHERE a.role_id IN ('4','6','8') AND b.name IN ('admin/main/orderprompt')  [ RunTime:0.0001s ]

